Training in mixed mode.
profile_cuda_tt_and_cudaevent.py
Loading data
mixed
whether_time_time_or_cudaevent:  1
uva_or_not:  True
dataset_name:  ogbn-products
dataset:  ogbn-products
in_size 100
out_size 47
device:  cuda
Training...
it:  0
it:  1
it:  2
it:  3
it:  4
it:  5
it:  6
it:  7
it:  8
it:  9
it:  10
it:  11
it:  12
it:  13
it:  14
it:  15
it:  16
it:  17
it:  18
it:  19
it:  20
it:  21
it:  22
it:  23
it:  24
it:  25
it:  26
it:  27
it:  28
it:  29
it:  30
it:  31
it:  32
it:  33
it:  34
it:  35
it:  36
it:  37
it:  38
it:  39
it:  40
it:  41
it:  42
it:  43
it:  44
it:  45
it:  46
it:  47
it:  48
it:  49
it:  50
it:  51
it:  52
it:  53
it:  54
it:  55
it:  56
it:  57
it:  58
it:  59
it:  60
it:  61
it:  62
it:  63
it:  64
it:  65
it:  66
it:  67
it:  68
it:  69
it:  70
it:  71
it:  72
it:  73
it:  74
it:  75
it:  76
it:  77
it:  78
it:  79
it:  80
it:  81
it:  82
it:  83
it:  84
it:  85
it:  86
it:  87
it:  88
it:  89
it:  90
it:  91
it:  92
it:  93
it:  94
it:  95
it:  96
it:  97
it:  98
it:  99
it:  100
it:  101
sample_and_datatrans:  [-44.54822540283203, -11.02019214630127, -10.770463943481445, -10.463839530944824, -10.541152000427246, -8.896703720092773, -9.00550365447998, -8.722880363464355, -9.178560256958008, -10.033856391906738, -8.81107234954834, -8.704480171203613, -8.772576332092285, -9.087712287902832, -8.713600158691406, -8.83795166015625, -8.832287788391113, -9.611519813537598, -9.020095825195312, -9.088383674621582, -9.08521556854248, -8.658720016479492, -8.699071884155273, -8.822239875793457, -9.132255554199219, -8.731264114379883, -8.833344459533691, -8.977984428405762, -8.743552207946777, -8.765024185180664, -9.131903648376465, -8.703200340270996, -8.687359809875488, -9.248448371887207, -8.69820785522461, -9.039039611816406, -9.116031646728516, -8.79849624633789, -8.810079574584961, -9.172672271728516, -8.683296203613281, -8.99567985534668, -8.985119819641113, -9.015168190002441, -9.083744049072266, -9.258432388305664, -8.805120468139648, -9.108511924743652, -8.623583793640137, -8.645312309265137, -8.637663841247559, -9.012895584106445, -8.998047828674316, -8.700160026550293, -8.741920471191406, -8.619647979736328, -8.617440223693848, -8.880640029907227, -8.717599868774414, -9.08022403717041, -9.007776260375977, -8.8340482711792, -8.977439880371094, -8.714176177978516, -10.29212760925293, -9.072928428649902, -8.984736442565918, -8.928832054138184, -8.560192108154297, -8.792032241821289, -8.765024185180664, -9.10745620727539, -8.756447792053223, -8.878623962402344, -9.156576156616211, -9.036031723022461, -8.674400329589844, -9.071711540222168, -8.586336135864258, -8.792096138000488, -8.848287582397461, -9.16153621673584, -8.577183723449707, -8.73971176147461, -8.663071632385254, -8.847840309143066, -8.619135856628418, -8.783679962158203, -8.6278076171875, -8.90601634979248, -8.888671875, -8.573599815368652, -8.596863746643066, -8.603936195373535, -8.83027172088623, -8.754240036010742, -8.982111930847168, -8.923040390014648, -8.607392311096191, -8.78451156616211, -9.057600021362305, -8.51734447479248]
slice_time:  [-17.102847127243876, -17.354751829057932, -16.700415639206767, -16.87040021084249, -16.81203177385032, -16.69427182339132, -16.867328640073538, -16.99839997664094, -16.800768634304404, -16.716800440102816, -16.600064059719443, -16.771072877570987, -16.656383756548166, -16.785407094284892, -16.86528064124286, -17.033215425908566, -16.84377644956112, -16.75673619657755, -16.918527599424124, -16.722944501787424, -16.894975904375315, -16.756735829636455, -16.762880815193057, -16.753664506599307, -16.83456039056182, -16.830463651567698, -16.766975892707705, -16.68812825344503, -16.615423692390323, -16.814080020412803, -17.43974353186786, -16.900096889585257, -16.988160161301494, -16.77311921492219, -16.718847516924143, -16.699392560869455, -16.813055528327823, -16.833536637946963, -16.780287278816104, -16.788479587063193, -16.716800440102816, -16.845824636518955, -20.32230382785201, -16.769023213535547, -16.951296217739582, -16.823295835405588, -16.81817552819848, -16.760832322761416, -16.780288692563772, -16.71270419470966, -16.692224252969027, -16.804863465949893, -16.780287278816104, -16.842752946540713, -16.85913565568626, -16.82636716030538, -16.65638400427997, -16.742399211972952, -16.595967074856162, -16.785408755764365, -16.87142445705831, -16.685056928545237, -16.753664752468467, -16.848895221948624, -16.77721607685089, -16.80179177224636, -16.840704206377268, -16.897023905068636, -16.707583455368876, -16.811008943244815, -16.873472455888987, -16.719871517270803, -16.660480741411448, -16.796672571450472, -16.789504755288363, -16.877567287534475, -16.745472690090537, -16.69017650000751, -16.831487897783518, -16.90521695278585, -16.728064319118857, -16.81920075789094, -16.750592013821006, -16.84684826992452, -16.731135396286845, -16.727039827033877, -16.832512391731143, -16.87961627356708, -16.87756778113544, -16.808960696682334, -16.80486487969756, -16.801792880520225, -16.812031527981162, -16.917503846809268, -16.807936696335673, -16.715775763615966, -16.748543521389365, -16.83455922268331, -16.776192447170615, -16.967679973691702, -16.84479977749288]
train_time:  [-1299.09130859375, -9.17574405670166, -9.033439636230469, -8.939776420593262, -7.634399890899658, -7.141600131988525, -7.101632118225098, -7.917632102966309, -7.8285441398620605, -7.19868803024292, -7.870975971221924, -7.75219202041626, -7.752223968505859, -7.922944068908691, -7.265120029449463, -7.999072074890137, -9.5600004196167, -9.874112129211426, -8.097696304321289, -7.386176109313965, -7.467552185058594, -7.5444159507751465, -7.066976070404053, -7.0575361251831055, -8.171199798583984, -7.591328144073486, -7.46563196182251, -7.432831764221191, -7.358687877655029, -7.268991947174072, -7.746528148651123, -7.337920188903809, -7.398015975952148, -7.64134407043457, -7.5696001052856445, -7.529727935791016, -7.554304122924805, -7.314208030700684, -7.386688232421875, -7.386591911315918, -8.094240188598633, -9.09712028503418, -8.22697639465332, -8.116415977478027, -8.242400169372559, -7.257823944091797, -7.982624053955078, -7.298208236694336, -7.330175876617432, -7.088191986083984, -7.417056083679199, -7.087456226348877, -7.1899518966674805, -7.5647358894348145, -7.407104015350342, -7.315839767456055, -7.055168151855469, -8.000320434570312, -7.408095836639404, -7.087200164794922, -7.785312175750732, -7.259615898132324, -7.918943881988525, -8.229632377624512, -9.328224182128906, -8.397791862487793, -7.540256023406982, -7.510303974151611, -7.409247875213623, -7.247647762298584, -7.496096134185791, -7.907455921173096, -7.9344000816345215, -7.607903957366943, -7.743904113769531, -7.399136066436768, -7.40937614440918, -6.760223865509033, -7.136703968048096, -7.303423881530762, -7.615744113922119, -7.008607864379883, -6.9934401512146, -7.004000186920166, -7.7223358154296875, -7.444320201873779, -6.433663845062256, -6.73635196685791, -6.976448059082031, -7.448832035064697, -7.50432014465332, -6.785376071929932, -6.810111999511719, -7.2590718269348145, -6.806431770324707, -7.14137601852417, -7.101471900939941, -6.986271858215332, -7.1381120681762695, -7.425951957702637, -7.53439998626709]
sample_and_datatrans_avg:  -8.869441636001007
slice_time_avg:  -16.844514914587894
train_time_avg:  -7.465284480324274
all_avg:  -33.179241030913175
Epoch 00000 | Loss 1.8818 | Accuracy 0.8166 
it:  0
it:  1
it:  2
it:  3
it:  4
it:  5
it:  6
it:  7
it:  8
it:  9
it:  10
it:  11
it:  12
it:  13
it:  14
it:  15
it:  16
it:  17
it:  18
it:  19
it:  20
it:  21
it:  22
it:  23
it:  24
it:  25
it:  26
it:  27
it:  28
it:  29
it:  30
it:  31
it:  32
it:  33
it:  34
it:  35
it:  36
it:  37
it:  38
it:  39
it:  40
it:  41
it:  42
it:  43
it:  44
it:  45
it:  46
it:  47
it:  48
it:  49
it:  50
it:  51
it:  52
it:  53
it:  54
it:  55
it:  56
it:  57
it:  58
it:  59
it:  60
it:  61
it:  62
it:  63
it:  64
it:  65
it:  66
it:  67
it:  68
it:  69
it:  70
it:  71
it:  72
it:  73
it:  74
it:  75
it:  76
it:  77
it:  78
it:  79
it:  80
it:  81
it:  82
it:  83
it:  84
it:  85
it:  86
it:  87
it:  88
it:  89
it:  90
it:  91
it:  92
it:  93
it:  94
it:  95
it:  96
it:  97
it:  98
it:  99
it:  100
it:  101
sample_and_datatrans:  [-13.972864151000977, -9.106880187988281, -9.088128089904785, -8.615008354187012, -8.728384017944336, -8.843456268310547, -9.134079933166504, -8.568832397460938, -8.816287994384766, -8.75977611541748, -8.948320388793945, -8.584480285644531, -8.576288223266602, -8.817824363708496, -8.687520027160645, -8.775391578674316, -8.543871879577637, -8.622847557067871, -8.565919876098633, -8.609919548034668, -8.698495864868164, -8.868608474731445, -8.88918399810791, -8.943488121032715, -8.89254379272461, -8.643232345581055, -8.81481647491455, -9.048895835876465, -8.929823875427246, -8.633472442626953, -8.701824188232422, -8.76576042175293, -9.064064025878906, -9.008031845092773, -8.64412784576416, -8.675999641418457, -9.022848129272461, -8.520480155944824, -8.775903701782227, -8.670687675476074, -8.851936340332031, -9.091072082519531, -12.22214412689209, -8.689599990844727, -8.828351974487305, -8.681599617004395, -8.946816444396973, -9.109248161315918, -9.134367942810059, -8.67692756652832, -8.939552307128906, -8.827199935913086, -8.803104400634766, -9.015616416931152, -8.845503807067871, -8.9137601852417, -8.951711654663086, -8.51859188079834, -8.513055801391602, -8.805983543395996, -9.069664001464844, -9.095392227172852, -9.626208305358887, -9.231807708740234, -8.833120346069336, -9.026304244995117, -8.894368171691895, -8.626591682434082, -8.955231666564941, -8.94752025604248, -8.979040145874023, -8.61616039276123, -8.706975936889648, -8.724672317504883, -8.515711784362793, -8.558143615722656, -8.487232208251953, -8.499168395996094, -8.57084846496582, -8.920639991760254, -8.807647705078125, -9.103487968444824, -8.94598388671875, -8.949824333190918, -9.04201602935791, -8.700096130371094, -8.887328147888184, -9.029343605041504, -8.657888412475586, -9.002047538757324, -8.69484806060791, -8.834239959716797, -8.819104194641113, -8.994560241699219, -8.613408088684082, -8.684736251831055, -9.115967750549316, -9.125887870788574, -8.760512351989746, -9.183135986328125, -8.577280044555664, -8.69871997833252]
slice_time:  [-16.882688272744417, -16.910336768254638, -16.746495274826884, -16.82943989895284, -16.736256381496787, -16.64921667985618, -16.881663350388408, -16.62975932471454, -16.70553662441671, -16.797696387395263, -16.794623648747802, -16.828415159136057, -16.651264926418662, -16.757759768515825, -16.787455586716533, -16.589823504909873, -16.66867163591087, -16.83968069963157, -16.701439393684268, -16.772095216438174, -16.79564881697297, -16.749567767605186, -16.593920735642314, -16.8427515309304, -16.50688078813255, -16.84787110053003, -16.6635523121804, -16.962559482082725, -16.60313513688743, -16.84377669915557, -16.737280873581767, -16.808960450813174, -16.80998328141868, -16.84991934709251, -16.959488896653056, -16.735232381150126, -16.814080266281962, -16.802815219387412, -16.785408755764365, -16.751616260036826, -16.86220814846456, -16.85708716325462, -16.77516770735383, -16.81920026615262, -16.738303642719984, -16.683008190244436, -16.862207654863596, -16.79871915653348, -16.722944255918264, -16.63180873915553, -16.692223452031612, -16.916479846462607, -17.43871928565204, -16.937983540818095, -16.838655527681112, -16.807936450466514, -16.716799763962626, -16.564223563298583, -16.693247577175498, -16.668671756982803, -16.677888803184032, -16.861183591187, -16.824320942163467, -16.80998395755887, -16.77414346113801, -16.831488637253642, -16.8744955342263, -16.82739257439971, -16.731135150417686, -16.65945532731712, -16.88780858181417, -16.665599819272757, -16.763903399929404, -16.899071967229247, -16.86016014777124, -16.797696141526103, -16.64000012539327, -16.85094334743917, -16.783360263332725, -16.772095216438174, -16.840704699978232, -16.736256873235106, -16.81100728176534, -16.813056020066142, -16.63897612504661, -16.847872270271182, -16.890879658982158, -16.65331175737083, -16.64102437160909, -16.888832088559866, -16.955391911789775, -16.89190365932882, -16.770047461614013, -16.815104512497783, -16.63897587917745, -16.814080512151122, -16.861183408647776, -16.85299183987081, -16.692223943769932, -16.956416158005595, -16.633856555446982]
train_time:  [-8.140543937683105, -7.489984035491943, -7.087520122528076, -7.006112098693848, -7.628543853759766, -7.34227180480957, -7.082655906677246, -7.467936038970947, -7.103007793426514, -7.297632217407227, -7.003615856170654, -7.153952121734619, -7.2394561767578125, -7.0450239181518555, -6.975872039794922, -7.131872177124023, -7.0348801612854, -7.0497918128967285, -7.14521598815918, -7.315552234649658, -7.312160015106201, -6.89251184463501, -6.723199844360352, -7.003392219543457, -7.200863838195801, -7.127647876739502, -7.049312114715576, -7.061535835266113, -7.204031944274902, -7.2890238761901855, -7.388671875, -7.205471992492676, -7.409728050231934, -6.799712181091309, -7.11407995223999, -7.242784023284912, -7.241504192352295, -7.614880084991455, -6.804255962371826, -6.955904006958008, -7.253471851348877, -7.398816108703613, -7.150559902191162, -7.455711841583252, -7.801504135131836, -8.246496200561523, -7.472352027893066, -7.618368148803711, -7.508224010467529, -7.591551780700684, -8.323904037475586, -7.409887790679932, -7.381663799285889, -7.334047794342041, -7.4236159324646, -7.434207916259766, -6.908991813659668, -7.087647914886475, -7.314976215362549, -8.313119888305664, -8.373663902282715, -9.810432434082031, -8.843615531921387, -7.3691840171813965, -7.224448204040527, -6.972544193267822, -7.016479969024658, -7.514431953430176, -7.112576007843018, -6.936800003051758, -7.467584133148193, -7.090208053588867, -7.085504055023193, -6.956736087799072, -6.895423889160156, -6.521247863769531, -6.781983852386475, -7.091584205627441, -7.55734395980835, -7.547423839569092, -7.609312057495117, -7.657631874084473, -7.4903998374938965, -7.5584001541137695, -7.510496139526367, -7.655488014221191, -7.4962239265441895, -7.445824146270752, -7.604991912841797, -7.851327896118164, -7.66707181930542, -7.3836798667907715, -6.825183868408203, -7.700287818908691, -7.494207859039307, -7.128704071044922, -7.413087844848633, -7.581696033477783, -7.563968181610107, -7.463424205780029, -7.2696638107299805]
sample_and_datatrans_avg:  -8.891461710386638
slice_time_avg:  -16.791098283509477
train_time_avg:  -7.392762715303445
all_avg:  -33.07532270919956
Epoch 00001 | Loss 0.8052 | Accuracy 0.8548 
it:  0
it:  1
it:  2
it:  3
it:  4
it:  5
it:  6
it:  7
it:  8
it:  9
it:  10
it:  11
it:  12
it:  13
it:  14
it:  15
it:  16
it:  17
it:  18
it:  19
it:  20
it:  21
it:  22
it:  23
it:  24
it:  25
it:  26
it:  27
it:  28
it:  29
it:  30
it:  31
it:  32
it:  33
it:  34
it:  35
it:  36
it:  37
it:  38
it:  39
it:  40
it:  41
it:  42
it:  43
it:  44
it:  45
it:  46
it:  47
it:  48
it:  49
it:  50
it:  51
it:  52
it:  53
it:  54
it:  55
it:  56
it:  57
it:  58
it:  59
it:  60
it:  61
it:  62
it:  63
it:  64
it:  65
it:  66
it:  67
it:  68
it:  69
it:  70
it:  71
it:  72
it:  73
it:  74
it:  75
it:  76
it:  77
it:  78
it:  79
it:  80
it:  81
it:  82
it:  83
it:  84
it:  85
it:  86
it:  87
it:  88
it:  89
it:  90
it:  91
it:  92
it:  93
it:  94
it:  95
it:  96
it:  97
it:  98
it:  99
it:  100
it:  101
sample_and_datatrans:  [-13.74345588684082, -9.140064239501953, -8.931391716003418, -8.620448112487793, -8.855775833129883, -9.087200164794922, -8.608863830566406, -8.757792472839355, -8.913023948669434, -9.05942440032959, -8.746463775634766, -8.741791725158691, -9.082240104675293, -8.941503524780273, -9.053088188171387, -9.124159812927246, -10.825568199157715, -9.407487869262695, -9.055135726928711, -9.169088363647461, -9.197216033935547, -9.044256210327148, -9.040255546569824, -8.955648422241211, -8.989407539367676, -8.97049617767334, -9.011039733886719, -9.215167999267578, -8.974271774291992, -8.95139217376709, -8.48742389678955, -8.545023918151855, -8.651712417602539, -8.600000381469727, -8.629759788513184, -8.556096076965332, -8.624863624572754, -8.49401569366455, -8.560352325439453, -8.978848457336426, -8.911392211914062, -8.793536186218262, -8.759743690490723, -8.9169921875, -8.926912307739258, -8.44985580444336, -8.48755168914795, -8.638815879821777, -8.714112281799316, -8.82703971862793, -8.894783973693848, -8.882464408874512, -8.885215759277344, -8.559295654296875, -8.57158374786377, -8.800479888916016, -8.720000267028809, -8.917119979858398, -8.958847999572754, -8.531359672546387, -8.470239639282227, -8.555328369140625, -8.520928382873535, -8.553343772888184, -8.652352333068848, -8.615936279296875, -8.707551956176758, -9.004768371582031, -8.683232307434082, -8.970144271850586, -8.96617603302002, -8.875328063964844, -8.57436752319336, -8.707488059997559, -8.817503929138184, -9.034751892089844, -8.839103698730469, -10.809887886047363, -9.051648139953613, -9.113568305969238, -9.116640090942383, -8.879199981689453, -9.029184341430664, -9.24665641784668, -8.972352027893066, -9.037664413452148, -8.9486083984375, -9.008576393127441, -8.938336372375488, -8.979968070983887, -8.980416297912598, -8.886143684387207, -8.959296226501465, -9.05350399017334, -8.875935554504395, -8.973504066467285, -8.873087882995605, -8.7807035446167, -8.926624298095703, -9.055071830749512, -8.506624221801758, -8.712512016296387]
slice_time:  [-16.67686345241964, -16.585728427395225, -16.771071707829833, -16.750591767951846, -16.912383353337646, -16.6287358161062, -16.691199576482177, -16.594944735988975, -16.999424716457725, -16.782336017116904, -16.760832814499736, -16.764928137883544, -16.909312522038817, -16.97996846586466, -16.655360862612724, -16.670719143003225, -16.921600580215454, -16.93798489496112, -16.743423581123352, -16.8110082000494, -16.962560832500458, -16.745472874492407, -16.8704001493752, -16.785407278686762, -16.821248941123486, -16.796671587973833, -16.86118408665061, -16.815104512497783, -16.769024876877666, -16.889855658635497, -16.813056020066142, -16.90214446000755, -16.936959724873304, -16.577536856755614, -16.730111395940185, -16.739327458664775, -16.88678458146751, -16.69632080756128, -16.86425688676536, -16.821247836574912, -16.740352196618915, -16.881663350388408, -16.82431915961206, -16.740351950749755, -16.62668732367456, -16.86118439398706, -16.6481921877712, -16.893951658159494, -16.748544013127685, -16.68608000688255, -16.786431340500712, -16.685055760666728, -16.735232627019286, -16.86016014777124, -16.70553687028587, -16.82636740617454, -16.742399951443076, -16.675839452072978, -16.694272315129638, -16.736256873235106, -16.689151084050536, -16.80281546525657, -16.719872502610087, -16.693248068913817, -16.63283113949001, -16.85299233160913, -16.908287290483713, -17.05062459781766, -16.82739116065204, -16.774143708869815, -16.797696141526103, -16.888831412419677, -16.922623662278056, -16.721919087693095, -16.723967580124736, -16.832512883469462, -16.956416158005595, -16.93900889158249, -16.881663534790277, -16.997376408427954, -17.010688040405512, -16.62054344639182, -16.86835214868188, -16.68710443750024, -16.782336693257093, -16.983039114624262, -16.692223761230707, -16.779263462871313, -16.86732814833522, -16.87551971897483, -16.8376323916018, -16.681983206421137, -16.84172746911645, -17.03935930505395, -16.83558346889913, -16.606207875534892, -16.897023228928447, -16.822272082790732, -16.702464377507567, -16.788479832932353, -16.778239278122783]
train_time:  [-7.944831848144531, -7.554463863372803, -6.804927825927734, -7.188608169555664, -7.2809600830078125, -7.33625602722168, -7.526432037353516, -7.475071907043457, -7.703104019165039, -7.442783832550049, -7.1459197998046875, -7.43123197555542, -7.4106879234313965, -7.422016143798828, -7.44924783706665, -8.988991737365723, -9.36627197265625, -8.062975883483887, -7.767295837402344, -8.223551750183105, -7.47814416885376, -7.514175891876221, -7.365375995635986, -7.304287910461426, -7.733151912689209, -7.878367900848389, -7.936287879943848, -6.897568225860596, -6.779808044433594, -6.869472026824951, -6.962207794189453, -6.924287796020508, -7.072959899902344, -6.619135856628418, -6.682720184326172, -6.91977596282959, -6.8733439445495605, -6.879007816314697, -6.989696025848389, -6.902207851409912, -7.197824001312256, -7.179711818695068, -6.948927879333496, -7.017024040222168, -6.86572790145874, -6.957056045532227, -7.341504096984863, -7.201280117034912, -7.075488090515137, -6.912255764007568, -6.964288234710693, -6.835072040557861, -6.940159797668457, -7.032063961029053, -6.914144039154053, -6.9482879638671875, -6.935520172119141, -6.808864116668701, -6.782336235046387, -6.974720001220703, -6.8482561111450195, -7.016928195953369, -7.012063980102539, -6.879231929779053, -6.905632019042969, -7.077216148376465, -7.1839680671691895, -7.204095840454102, -7.419839859008789, -7.154240131378174, -7.0695037841796875, -6.914783954620361, -7.5726399421691895, -7.138688087463379, -7.144415855407715, -6.570432186126709, -32.498817443847656, -7.288735866546631, -7.975039958953857, -7.979968070983887, -7.744256019592285, -7.799744129180908, -7.913311958312988, -7.982240200042725, -7.50819206237793, -7.519807815551758, -8.16528034210205, -7.746079921722412, -7.722303867340088, -7.719391822814941, -7.891839981079102, -7.940415859222412, -7.975520133972168, -7.935135841369629, -7.1121602058410645, -7.329311847686768, -6.95468807220459, -7.313407897949219, -7.07209587097168, -7.426784038543701, -7.426623821258545]
sample_and_datatrans_avg:  -8.84727375416816
slice_time_avg:  -16.80067721900495
train_time_avg:  -7.5514248171939125
all_avg:  -33.19937579036702
Epoch 00002 | Loss 0.6490 | Accuracy 0.8663 
it:  0
it:  1
it:  2
it:  3
it:  4
it:  5
it:  6
it:  7
it:  8
it:  9
it:  10
it:  11
it:  12
it:  13
it:  14
it:  15
it:  16
it:  17
it:  18
it:  19
it:  20
it:  21
it:  22
it:  23
it:  24
it:  25
it:  26
it:  27
it:  28
it:  29
it:  30
it:  31
it:  32
it:  33
it:  34
it:  35
it:  36
it:  37
it:  38
it:  39
it:  40
it:  41
it:  42
it:  43
it:  44
it:  45
it:  46
it:  47
it:  48
it:  49
it:  50
it:  51
it:  52
it:  53
it:  54
it:  55
it:  56
it:  57
it:  58
it:  59
it:  60
it:  61
it:  62
it:  63
it:  64
it:  65
it:  66
it:  67
it:  68
it:  69
it:  70
it:  71
it:  72
it:  73
it:  74
it:  75
it:  76
it:  77
it:  78
it:  79
it:  80
it:  81
it:  82
it:  83
it:  84
it:  85
it:  86
it:  87
it:  88
it:  89
it:  90
it:  91
it:  92
it:  93
it:  94
it:  95
it:  96
it:  97
it:  98
it:  99
it:  100
it:  101
sample_and_datatrans:  [-13.592927932739258, -8.502335548400879, -8.584320068359375, -8.790240287780762, -8.981823921203613, -8.966560363769531, -9.000543594360352, -9.00432014465332, -8.913567543029785, -8.459615707397461, -8.893600463867188, -8.3953275680542, -8.491519927978516, -9.044480323791504, -8.675423622131348, -8.977215766906738, -8.922335624694824, -8.505056381225586, -8.56544017791748, -8.529376029968262, -8.53667163848877, -8.75164794921875, -8.918144226074219, -8.92848014831543, -8.854047775268555, -8.638943672180176, -8.82147216796875, -9.123359680175781, -8.54099178314209, -8.504096031188965, -8.771903991699219, -8.850943565368652, -8.80288028717041, -8.818304061889648, -8.680512428283691, -8.667136192321777, -8.787967681884766, -8.895263671875, -8.91097640991211, -8.487839698791504, -8.56163215637207, -8.693280220031738, -8.581855773925781, -8.62934398651123, -8.625184059143066, -8.51471996307373, -8.524736404418945, -8.644512176513672, -8.611743927001953, -8.587552070617676, -8.776063919067383, -8.985759735107422, -9.005184173583984, -8.7042236328125, -8.724896430969238, -9.152511596679688, -8.416064262390137, -8.92796802520752, -8.558239936828613, -8.6560640335083, -8.506976127624512, -8.648608207702637, -8.499584197998047, -8.747936248779297, -8.892607688903809, -9.149727821350098, -8.943136215209961, -8.962464332580566, -8.854080200195312, -8.649888038635254, -8.669440269470215, -8.536928176879883, -8.61740779876709, -8.71401596069336, -8.91385555267334, -8.950240135192871, -8.521471977233887, -8.561311721801758, -8.661120414733887, -8.506784439086914, -8.440128326416016, -8.966048240661621, -8.882528305053711, -8.793503761291504, -8.55840015411377, -8.657088279724121, -8.777728080749512, -9.003168106079102, -8.42585563659668, -8.896320343017578, -8.598112106323242, -8.722687721252441, -8.75004768371582, -8.426912307739258, -8.941344261169434, -8.904576301574707, -8.794783592224121, -8.984160423278809, -8.581567764282227, -8.4551362991333, -8.611455917358398, -8.567839622497559]
slice_time:  [-16.72192050330341, -16.702464131638408, -16.766976630315185, -16.67788769863546, -16.7116796374321, -16.665599081665277, -16.916479784995317, -16.905215721577406, -16.702464316040277, -16.503807803615928, -16.65331200323999, -16.467967553064227, -16.744448935613036, -16.986111668869853, -16.730111395940185, -16.957440404221416, -16.841728946194053, -16.909312522038817, -16.685056006535888, -16.678911451250315, -16.732160810381174, -16.900096213445067, -16.761855153366923, -16.85606482438743, -16.787455832585692, -16.907263783738017, -16.685056006535888, -16.917504584416747, -16.83046439103782, -16.766976630315185, -16.806912695989013, -16.754687583073974, -16.788479587063193, -16.758784567937255, -16.89292790554464, -16.66969588212669, -16.99942305497825, -16.726016072556376, -16.773119954392314, -16.738303458318114, -16.531455067917705, -16.717824010178447, -16.902144890278578, -16.960511419922113, -16.961535235866904, -16.66560080461204, -16.932864462956786, -16.707583701238036, -16.83763288334012, -16.753663336858153, -16.83455946855247, -16.892927411943674, -16.943103110417724, -16.815104758366942, -16.875520272180438, -16.747519521042705, -16.516095435246825, -16.81715109758079, -16.937983540818095, -16.879615103825927, -16.745472690090537, -16.84582476131618, -16.91443295404315, -16.8181760199368, -16.89497534930706, -16.99737560749054, -16.789504755288363, -16.86835196428001, -16.82944039069116, -16.683007268235087, -16.80998328141868, -16.86220814846456, -16.691199576482177, -16.831488883122802, -16.900095967575908, -16.989184407517314, -16.772095708176494, -16.813055774196982, -16.917504830285907, -16.752639090642333, -16.66355255804956, -16.740351213142276, -16.960511235520244, -16.779263524338603, -16.598015813156962, -16.974848529323936, -16.86220864020288, -16.85094359330833, -16.61951975338161, -16.939007787033916, -16.754687583073974, -16.777216693386436, -16.806912450119853, -16.507903126999736, -16.786431586369872, -16.783360509201884, -16.748544689267874, -16.619520923122764, -16.945151111111045, -16.814080512151122, -16.874495780095458]
train_time:  [-7.450943946838379, -7.545695781707764, -7.171296119689941, -6.379392147064209, -7.125184059143066, -7.350304126739502, -7.825247764587402, -7.479455947875977, -6.89961576461792, -6.976960182189941, -7.052127838134766, -6.989535808563232, -7.052031993865967, -7.124703884124756, -7.036032199859619, -6.938720226287842, -7.006591796875, -7.068831920623779, -6.9956159591674805, -6.976736068725586, -7.120672225952148, -7.007743835449219, -6.895904064178467, -6.984928131103516, -7.13756799697876, -7.222047805786133, -7.025248050689697, -7.097023963928223, -6.988671779632568, -7.1684160232543945, -7.113056182861328, -7.40828800201416, -6.967552185058594, -7.430943965911865, -7.3836798667907715, -7.105088233947754, -6.85584020614624, -6.846720218658447, -7.225535869598389, -6.815680027008057, -7.081120014190674, -6.8848958015441895, -7.1162238121032715, -7.210559844970703, -6.997568130493164, -6.9410881996154785, -7.0708160400390625, -6.913695812225342, -6.995456218719482, -6.779200077056885, -7.070335865020752, -7.25113582611084, -7.614016056060791, -7.022079944610596, -7.096127986907959, -6.814080238342285, -7.033279895782471, -7.007391929626465, -6.7060160636901855, -6.8640642166137695, -6.912223815917969, -6.890463829040527, -7.72108793258667, -7.811135768890381, -8.091456413269043, -8.319328308105469, -7.470592021942139, -6.795328140258789, -6.992095947265625, -6.985919952392578, -6.855008125305176, -6.917695999145508, -7.002336025238037, -6.869728088378906, -7.048223972320557, -6.833471775054932, -7.138847827911377, -7.060031890869141, -7.094783782958984, -7.074560165405273, -6.923232078552246, -6.826560020446777, -6.926752090454102, -6.926784038543701, -6.927040100097656, -7.187071800231934, -7.204480171203613, -7.086048126220703, -6.952000141143799, -7.124608039855957, -7.026976108551025, -6.995999813079834, -6.863423824310303, -6.773920059204102, -7.068831920623779, -7.291999816894531, -7.519680023193359, -7.298816204071045, -6.745567798614502, -6.7226881980896, -9.07817554473877]
sample_and_datatrans_avg:  -8.728657456892956
slice_time_avg:  -16.80771560728833
train_time_avg:  -7.081340361245071
all_avg:  -32.61771342542636
Epoch 00003 | Loss 0.5739 | Accuracy 0.8763 
it:  0
it:  1
it:  2
it:  3
it:  4
it:  5
it:  6
it:  7
it:  8
it:  9
it:  10
it:  11
it:  12
it:  13
it:  14
it:  15
it:  16
it:  17
it:  18
it:  19
it:  20
it:  21
it:  22
it:  23
it:  24
it:  25
it:  26
it:  27
it:  28
it:  29
it:  30
it:  31
it:  32
it:  33
it:  34
it:  35
it:  36
it:  37
it:  38
it:  39
it:  40
it:  41
it:  42
it:  43
it:  44
it:  45
it:  46
it:  47
it:  48
it:  49
it:  50
it:  51
it:  52
it:  53
it:  54
it:  55
it:  56
it:  57
it:  58
it:  59
it:  60
it:  61
it:  62
it:  63
it:  64
it:  65
it:  66
it:  67
it:  68
it:  69
it:  70
it:  71
it:  72
it:  73
it:  74
it:  75
it:  76
it:  77
it:  78
it:  79
it:  80
it:  81
it:  82
it:  83
it:  84
it:  85
it:  86
it:  87
it:  88
it:  89
it:  90
it:  91
it:  92
it:  93
it:  94
it:  95
it:  96
it:  97
it:  98
it:  99
it:  100
it:  101
sample_and_datatrans:  [-13.589983940124512, -9.004927635192871, -8.67251205444336, -8.756832122802734, -9.054976463317871, -8.784992218017578, -8.452351570129395, -8.46777629852295, -8.475296020507812, -8.562944412231445, -8.563167572021484, -8.610272407531738, -8.556672096252441, -8.680255889892578, -8.490464210510254, -8.497504234313965, -8.866559982299805, -8.804351806640625, -8.868224143981934, -8.669183731079102, -9.12720012664795, -8.668191909790039, -8.879679679870605, -8.767904281616211, -8.901535987854004, -9.1527681350708, -8.856672286987305, -8.790783882141113, -8.726847648620605, -8.931648254394531, -8.913503646850586, -8.488224029541016, -8.56822395324707, -8.655712127685547, -8.738304138183594, -10.05292797088623, -8.748800277709961, -8.52467155456543, -8.486783981323242, -8.669055938720703, -8.693792343139648, -8.832575798034668, -8.786111831665039, -8.81657600402832, -8.941375732421875, -8.891551971435547, -8.630175590515137, -8.79468822479248, -8.8788480758667, -8.886655807495117, -8.490143775939941, -8.464896202087402, -8.55299186706543, -8.699872016906738, -8.630175590515137, -8.975263595581055, -9.082880020141602, -8.742464065551758, -8.677791595458984, -9.005951881408691, -8.821632385253906, -8.81065559387207, -8.845696449279785, -8.552319526672363, -8.661184310913086, -8.748224258422852, -8.979840278625488, -8.925567626953125, -9.690431594848633, -8.810848236083984, -8.580127716064453, -8.600992202758789, -8.710304260253906, -8.612128257751465, -8.689663887023926, -8.775903701782227, -8.903743743896484, -12.296031951904297, -8.990400314331055, -8.982912063598633, -8.945440292358398, -8.921343803405762, -8.961503982543945, -9.155136108398438, -8.991392135620117, -8.935423851013184, -8.557151794433594, -8.716863632202148, -9.021151542663574, -8.845791816711426, -8.508895874023438, -8.468000411987305, -8.503616333007812, -8.55459213256836, -8.666848182678223, -8.561727523803711, -8.59830379486084, -9.011008262634277, -8.854144096374512, -8.769951820373535, -8.553024291992188, -8.704575538635254]
slice_time:  [-16.717823518440127, -16.755711829289794, -16.79769515618682, -16.82636716030538, -16.881663596257567, -16.66252831183374, -16.698367392644286, -16.791552817448974, -16.979968590661883, -16.752640752121806, -16.764927892014384, -16.81612734310329, -16.713727271184325, -16.772096199914813, -16.551936853677034, -16.783360509201884, -16.87552002631128, -16.791552817448974, -16.945151356980205, -16.68095963448286, -16.84582420811057, -16.661504678428173, -16.802815340459347, -16.693248745054007, -16.884735349565744, -16.805887712165713, -16.747519275173545, -16.685055760666728, -16.823296820744872, -16.87654451839626, -16.722943333908916, -16.915456091985106, -16.748543767258525, -16.840704575181007, -16.79359940253198, -16.67174462042749, -16.782336262986064, -16.717824010178447, -16.686080252751708, -16.80895952694118, -16.806912450119853, -16.63487938605249, -16.573439871892333, -16.69734456203878, -16.899071967229247, -16.936959540471435, -16.946175357326865, -16.829440144822, -16.61440042965114, -16.68915274553001, -16.807936696335673, -16.825344821438193, -16.756736075505614, -16.800768880173564, -16.815104266628623, -16.72294474951923, -16.87552002631128, -16.91136027686298, -16.693247823044658, -16.772095954045653, -16.729088565334678, -16.700415885075927, -16.724992748349905, -16.79360032454133, -16.760832568630576, -16.8929281514138, -16.944127356633544, -16.814080266281962, -16.779263278469443, -16.64307120256126, -16.747519766911864, -16.584704427048564, -16.807936696335673, -16.8796167653054, -16.758784076198936, -16.806912450119853, -16.941056525334716, -16.951295357197523, -16.82534359022975, -16.87654445692897, -16.81715177372098, -16.797696080058813, -16.85299202427268, -16.772095646709204, -16.8376323916018, -16.825344821438193, -16.64409544877708, -16.86220839433372, -16.67276886664331, -16.755711829289794, -16.80998352728784, -16.738304873928428, -16.756735337898135, -16.6359043084085, -16.8151035271585, -16.921599416062236, -16.85913565568626, -16.63180806301534, -16.62156775407493, -16.666623143479228, -16.691199576482177]
train_time:  [-7.602752208709717, -7.459904193878174, -7.352799892425537, -7.068607807159424, -6.58896017074585, -6.858304023742676, -6.8166399002075195, -6.746560096740723, -7.013184070587158, -7.079391956329346, -7.051136016845703, -6.940959930419922, -6.852896213531494, -6.997344017028809, -7.376575946807861, -6.606719970703125, -6.440288066864014, -6.672863960266113, -7.119455814361572, -8.082112312316895, -7.688255786895752, -7.504415988922119, -8.684672355651855, -7.785312175750732, -7.7691521644592285, -7.620607852935791, -7.0504961013793945, -7.050687789916992, -6.869440078735352, -6.9086079597473145, -6.855103969573975, -7.0702080726623535, -6.976191997528076, -7.292287826538086, -7.227776050567627, -7.069439888000488, -6.881311893463135, -6.810815811157227, -6.968639850616455, -6.795648097991943, -6.86732816696167, -6.5728960037231445, -6.459424018859863, -7.061056137084961, -7.12713623046875, -7.102560043334961, -7.195807933807373, -6.800127983093262, -6.917344093322754, -6.83846378326416, -6.9515838623046875, -6.868512153625488, -7.0463361740112305, -7.161280155181885, -7.282527923583984, -7.69049596786499, -7.358911991119385, -7.078559875488281, -7.06009578704834, -6.677440166473389, -6.563488006591797, -6.906432151794434, -7.012383937835693, -7.365024089813232, -7.102911949157715, -6.908127784729004, -6.9594879150390625, -6.882207870483398, -7.849535942077637, -7.207615852355957, -7.380191802978516, -7.3471999168396, -6.7111358642578125, -6.8290557861328125, -7.094272136688232, -7.065408229827881, -7.908576011657715, -8.458335876464844, -8.175423622131348, -8.031647682189941, -7.537312030792236, -7.8797760009765625, -7.80947208404541, -8.34819221496582, -7.983263969421387, -7.310688018798828, -7.195007801055908, -7.135903835296631, -6.627295970916748, -6.769951820373535, -7.029119968414307, -6.881343841552734, -7.203423976898193, -7.365248203277588, -7.2221760749816895, -7.047391891479492, -6.527552127838135, -6.870783805847168, -7.073215961456299, -7.042719841003418, -6.928639888763428]
sample_and_datatrans_avg:  -8.84074366847171
slice_time_avg:  -16.778914093829787
train_time_avg:  -7.188949446134929
all_avg:  -32.80860720843643
Epoch 00004 | Loss 0.5175 | Accuracy 0.8805 
avg_epoch_batch_prepare_time:  8.835515645184094
avg_epoch_slice_time:  16.80458402364409
avg_epoch_train_time:  7.335952364040327
avg_epoch_all_time:  32.97605203286851
Training in mixed mode.
profile_cuda_tt_and_cudaevent.py
Loading data
mixed
whether_time_time_or_cudaevent:  1
uva_or_not:  True
dataset_name:  ogbn-arxiv
dataset:  ogbn-arxiv
in_size 128
out_size 40
device:  cuda
Training...
it:  0
it:  1
it:  2
it:  3
it:  4
it:  5
it:  6
it:  7
it:  8
it:  9
it:  10
it:  11
it:  12
it:  13
it:  14
it:  15
it:  16
it:  17
it:  18
it:  19
it:  20
it:  21
it:  22
it:  23
it:  24
it:  25
it:  26
it:  27
it:  28
it:  29
it:  30
it:  31
it:  32
it:  33
it:  34
it:  35
it:  36
it:  37
it:  38
it:  39
it:  40
it:  41
it:  42
it:  43
it:  44
it:  45
it:  46
it:  47
it:  48
it:  49
it:  50
it:  51
it:  52
it:  53
it:  54
it:  55
it:  56
it:  57
it:  58
it:  59
it:  60
it:  61
it:  62
it:  63
it:  64
it:  65
it:  66
it:  67
it:  68
it:  69
it:  70
it:  71
it:  72
it:  73
it:  74
it:  75
it:  76
it:  77
it:  78
it:  79
it:  80
it:  81
it:  82
it:  83
it:  84
it:  85
it:  86
it:  87
it:  88
sample_and_datatrans:  [-12.603839874267578, -5.176576137542725, -3.663583993911743, -3.5479679107666016, -3.0582079887390137, -3.4642560482025146, -3.6863999366760254, -3.0405759811401367, -5.483391761779785, -3.057248115539551, -3.793152093887329, -3.5687360763549805, -3.043071985244751, -3.78656005859375, -3.3298559188842773, -3.237247943878174, -3.711456060409546, -3.0175039768218994, -3.4571518898010254, -3.7012479305267334, -3.030240058898926, -3.707456111907959, -3.491136074066162, -3.678719997406006, -3.0633599758148193, -3.690432071685791, -3.4526400566101074, -3.5725440979003906, -3.037760019302368, -3.6154561042785645, -3.6969919204711914, -3.5006399154663086, -3.4505279064178467, -3.471679925918579, -3.024480104446411, -3.652575969696045, -3.4730560779571533, -3.1750400066375732, -3.7381439208984375, -3.0166079998016357, -3.590656042098999, -3.8186559677124023, -3.501312017440796, -3.0311360359191895, -3.9572160243988037, -3.110304117202759, -3.3736000061035156, -3.779360055923462, -3.119904041290283, -3.657151937484741, -3.5108160972595215, -3.3991360664367676, -3.4612159729003906, -3.0030078887939453, -3.467456102371216, -3.6615359783172607, -3.1974399089813232, -3.693376064300537, -3.660896062850952, -3.013887882232666, -3.4706239700317383, -3.5857601165771484, -3.4995839595794678, -3.4646079540252686, -3.438080072402954, -3.1929280757904053, -3.365504026412964, -3.669919967651367, -3.027456045150757, -3.3587839603424072, -3.5370559692382812, -3.5880959033966064, -3.2788479328155518, -3.3853759765625, -3.655168056488037, -2.9897921085357666, -3.4715840816497803, -3.6328001022338867, -3.1879680156707764, -3.295135974884033, -3.7531518936157227, -3.0282559394836426, -3.6054720878601074, -3.5317440032958984, -3.123039960861206, -3.3528640270233154, -3.8156800270080566, -3.021536111831665, -3.8558080196380615]
slice_time:  [-1.2636160086840391, -1.337344042956829, -1.3199359774589539, -1.3588479720056057, -1.2851200308650732, -1.270783994346857, -1.2994559817016125, -1.2769279833883047, -1.384448017925024, -1.2216320391744375, -1.406975943595171, -1.2707840017974377, -1.2830719612538815, -1.2851200066506863, -1.2902399431914091, -1.3701119553297758, -1.2851199768483639, -1.3035520520061255, -1.3056000210344791, -1.2154880501329899, -1.2472319956868887, -1.2543999813497066, -1.2738560177385807, -1.2881920151412487, -1.313792010769248, -1.2779520340263844, -1.2134400494396687, -1.3178879953920841, -1.3086719866842031, -1.2759040407836437, -1.2892160452902317, -1.287168014794588, -1.2564480192959309, -1.311743963509798, -1.2492799498140812, -1.2799999676644802, -1.289216037839651, -1.3527039419859648, -1.2800000496208668, -1.2697600331157446, -1.402879998087883, -1.3015040196478367, -1.3578239493072033, -1.31583995744586, -1.3342719934880733, -1.294335974380374, -1.248256053775549, -1.2892160080373287, -1.2103680577129126, -1.2677119709551334, -1.34553599730134, -1.2533760033547878, -1.300479982048273, -1.2144639771431684, -1.2840959765017033, -1.2933120466768742, -1.3332479856908321, -1.383424025028944, -1.2728320248425007, -1.2677120249718428, -1.3189119957387447, -1.3178880102932453, -1.3926399908959866, -1.2830719985067844, -1.2359679900109768, -1.2113920487463474, -1.2523519657552242, -1.3588479422032833, -1.2759039755910635, -1.2769279517233372, -1.2267520166933537, -1.2666879780590534, -1.195008035749197, -1.3260800428688526, -1.295359943062067, -1.1909120436757803, -1.2851199693977833, -1.2984319813549519, -1.3066240586340427, -1.2359679825603962, -1.2410879991948605, -1.24825600348413, -1.3209600187838078, -1.3096959553658962, -1.3424639906734228, -1.3516799993813038, -1.366016011685133, -1.319935953244567, -1.121280025690794]
train_time:  [-1304.955322265625, -8.711423873901367, -7.8791680335998535, -7.447423934936523, -6.9277119636535645, -7.711455821990967, -7.8130879402160645, -7.7327680587768555, -8.928671836853027, -8.229984283447266, -9.083935737609863, -7.988736152648926, -7.916607856750488, -7.768735885620117, -7.710271835327148, -7.804384231567383, -7.765567779541016, -7.2526397705078125, -7.980800151824951, -7.815199851989746, -7.872511863708496, -8.550751686096191, -8.442848205566406, -7.363264083862305, -8.007776260375977, -7.899871826171875, -8.571871757507324, -8.358207702636719, -6.94271993637085, -7.85862398147583, -7.738048076629639, -8.042847633361816, -7.975456237792969, -7.238272190093994, -7.739488124847412, -7.6269121170043945, -7.841472148895264, -7.986656188964844, -8.15670394897461, -8.217984199523926, -7.947519779205322, -7.6808319091796875, -7.867904186248779, -8.06550407409668, -10.690048217773438, -6.493279933929443, -8.292927742004395, -8.55350399017334, -7.535520076751709, -7.116735935211182, -7.555903911590576, -8.117280006408691, -7.752768039703369, -6.754784107208252, -7.808671951293945, -7.863232135772705, -8.218720436096191, -8.286751747131348, -7.93990421295166, -6.5781121253967285, -7.996831893920898, -7.698527812957764, -7.523615837097168, -7.851391792297363, -8.117728233337402, -7.521791934967041, -8.0796480178833, -7.455327987670898, -7.718944072723389, -7.515488147735596, -8.343903541564941, -7.944799900054932, -7.843232154846191, -7.897600173950195, -7.505887985229492, -7.652703762054443, -8.148256301879883, -7.8440961837768555, -7.724512100219727, -8.218879699707031, -8.095904350280762, -7.635488033294678, -8.14089584350586, -8.108511924743652, -7.520256042480469, -7.826303958892822, -7.338624000549316, -7.492415904998779, -8.451040267944336]
sample_and_datatrans_avg:  -3.4250329234932044
slice_time_avg:  -1.2898252149454401
train_time_avg:  -7.86874207363853
all_avg:  -12.583600212077174
Epoch 00000 | Loss 2.5695 | Accuracy 0.5093 
it:  0
it:  1
it:  2
it:  3
it:  4
it:  5
it:  6
it:  7
it:  8
it:  9
it:  10
it:  11
it:  12
it:  13
it:  14
it:  15
it:  16
it:  17
it:  18
it:  19
it:  20
it:  21
it:  22
it:  23
it:  24
it:  25
it:  26
it:  27
it:  28
it:  29
it:  30
it:  31
it:  32
it:  33
it:  34
it:  35
it:  36
it:  37
it:  38
it:  39
it:  40
it:  41
it:  42
it:  43
it:  44
it:  45
it:  46
it:  47
it:  48
it:  49
it:  50
it:  51
it:  52
it:  53
it:  54
it:  55
it:  56
it:  57
it:  58
it:  59
it:  60
it:  61
it:  62
it:  63
it:  64
it:  65
it:  66
it:  67
it:  68
it:  69
it:  70
it:  71
it:  72
it:  73
it:  74
it:  75
it:  76
it:  77
it:  78
it:  79
it:  80
it:  81
it:  82
it:  83
it:  84
it:  85
it:  86
it:  87
it:  88
sample_and_datatrans:  [-5.533055782318115, -3.292191982269287, -3.4654080867767334, -3.40883207321167, -2.9852800369262695, -3.4097280502319336, -3.6301119327545166, -2.9811840057373047, -3.6045761108398438, -3.5469119548797607, -3.4360320568084717, -2.9800639152526855, -3.583872079849243, -3.657439947128296, -2.9885120391845703, -3.6455678939819336, -3.2644479274749756, -3.7083840370178223, -3.3702399730682373, -2.976032018661499, -3.4542720317840576, -3.7105600833892822, -3.424896001815796, -2.9724159240722656, -3.424639940261841, -3.3627519607543945, -3.636928081512451, -3.5259199142456055, -3.5287039279937744, -3.424639940261841, -3.018399953842163, -3.45196795463562, -3.5381760597229004, -3.1316800117492676, -3.7610878944396973, -2.9688000679016113, -3.5683200359344482, -3.619328022003174, -3.4497599601745605, -2.9519360065460205, -3.7289600372314453, -3.0157759189605713, -3.4084160327911377, -3.333983898162842, -3.387615919113159, -3.5471038818359375, -3.0632638931274414, -3.633631944656372, -3.507999897003174, -3.0081279277801514, -3.4783360958099365, -3.716991901397705, -3.4883840084075928, -3.430432081222534, -3.0914559364318848, -3.441823959350586, -3.627392053604126, -2.9661760330200195, -3.6493120193481445, -3.530400037765503, -3.40995192527771, -2.975008010864258, -3.420095920562744, -3.6331839561462402, -2.9683520793914795, -3.336127996444702, -3.632863998413086, -3.010143995285034, -3.8504960536956787, -3.513887882232666, -3.4155519008636475, -3.328000068664551, -3.1495680809020996, -3.6125121116638184, -3.603327989578247, -3.444607973098755, -3.2012479305267334, -3.651007890701294, -3.63372802734375, -3.335808038711548, -3.6789441108703613, -3.580928087234497, -3.6096959114074707, -3.0478079319000244, -3.4044480323791504, -3.316960096359253, -3.6250879764556885, -3.051584005355835, -3.645087957382202]
slice_time:  [-1.2349440138787031, -1.3148159943521023, -1.187839973717928, -1.2799999602138996, -1.2789760064333677, -1.3025280125439167, -1.2984319664537907, -1.2799999993294477, -1.3352960012853146, -1.2134400494396687, -1.2687360011041164, -1.273855959996581, -1.3107199557125568, -1.4039039500057697, -1.262592000886798, -1.235967967659235, -1.3015040289610624, -1.2994559668004513, -1.2195839919149876, -1.2666880171746016, -1.2892159931361675, -1.3506560139358044, -1.2881920374929905, -1.2513280343264341, -1.3916159756481647, -1.3404159676283598, -1.4059519730508327, -1.3414399437606335, -1.2902400456368923, -1.2410880364477634, -1.2001279722899199, -1.3393920250236988, -1.2707840092480183, -1.330176031216979, -1.346559975296259, -1.256448058411479, -1.3250560276210308, -1.3117439784109592, -1.2820479907095432, -1.254400035366416, -1.2953599579632282, -1.2574719544500113, -1.3414399437606335, -1.2728320397436619, -1.2554240114986897, -1.2799999676644802, -1.2963840123265982, -1.2441600449383259, -1.2738560251891613, -1.2369920294731855, -1.3178879953920841, -1.2288000471889973, -1.3096959553658962, -1.2646399773657322, -1.24825600348413, -1.2636159472167492, -1.2881920225918293, -1.258495969697833, -1.3383680246770382, -1.3496320210397243, -1.2881920374929905, -1.2369920369237661, -1.2625920288264751, -1.3219840414822102, -1.2748799677938223, -1.3373440243303776, -1.3475839979946613, -1.304575962945819, -1.3813759870827198, -1.259520050138235, -1.3342720307409763, -1.247231973335147, -1.3045760598033667, -1.3158399648964405, -1.2267520558089018, -1.3291519843041897, -1.2963839583098888, -1.3608959950506687, -1.3496319986879826, -1.3578239642083645, -1.2625919468700886, -1.3373440392315388, -1.3045760430395603, -1.296383997425437, -1.2052479796111584, -1.3475839830935001, -1.2974079735577106, -1.3025279473513365, -1.139711957424879]
train_time:  [-8.179967880249023, -7.891200065612793, -8.028767585754395, -7.9311041831970215, -6.969088077545166, -7.745696067810059, -7.698239803314209, -7.7572479248046875, -8.408255577087402, -7.967455863952637, -7.988448143005371, -6.712704181671143, -7.638304233551025, -8.023712158203125, -7.517824172973633, -8.170880317687988, -7.847743988037109, -8.020544052124023, -7.1557440757751465, -7.960031986236572, -9.069055557250977, -8.105440139770508, -7.922688007354736, -6.853504180908203, -8.06447982788086, -7.596223831176758, -7.514624118804932, -8.038463592529297, -8.01632022857666, -7.520736217498779, -7.948031902313232, -8.586912155151367, -7.741184234619141, -7.95468807220459, -7.772319793701172, -8.238719940185547, -8.778495788574219, -7.820000171661377, -7.450528144836426, -7.339903831481934, -8.064864158630371, -7.082752227783203, -7.328832149505615, -7.739136219024658, -8.012479782104492, -7.695199966430664, -7.533408164978027, -8.138175964355469, -7.814080238342285, -8.04700756072998, -8.707136154174805, -7.989344120025635, -7.89734411239624, -7.723487854003906, -6.875967979431152, -7.925951957702637, -8.136223793029785, -7.580063819885254, -8.196640014648438, -7.827968120574951, -8.002816200256348, -6.5049920082092285, -7.745503902435303, -7.326879978179932, -7.063104152679443, -8.089311599731445, -7.678592205047607, -7.969632148742676, -8.276543617248535, -7.831615924835205, -7.0862717628479, -7.591072082519531, -7.997407913208008, -8.511743545532227, -8.193087577819824, -8.0033597946167, -8.350848197937012, -8.539999961853027, -8.411968231201172, -7.637216091156006, -8.29644775390625, -8.060159683227539, -7.464672088623047, -7.069248199462891, -7.581920146942139, -8.014495849609375, -7.78659200668335, -7.839712142944336, -8.104928016662598]
sample_and_datatrans_avg:  -3.399736697160745
slice_time_avg:  -1.2946341265275885
train_time_avg:  -7.830088506771039
all_avg:  -12.524459330459374
Epoch 00001 | Loss 1.8524 | Accuracy 0.5586 
it:  0
it:  1
it:  2
it:  3
it:  4
it:  5
it:  6
it:  7
it:  8
it:  9
it:  10
it:  11
it:  12
it:  13
it:  14
it:  15
it:  16
it:  17
it:  18
it:  19
it:  20
it:  21
it:  22
it:  23
it:  24
it:  25
it:  26
it:  27
it:  28
it:  29
it:  30
it:  31
it:  32
it:  33
it:  34
it:  35
it:  36
it:  37
it:  38
it:  39
it:  40
it:  41
it:  42
it:  43
it:  44
it:  45
it:  46
it:  47
it:  48
it:  49
it:  50
it:  51
it:  52
it:  53
it:  54
it:  55
it:  56
it:  57
it:  58
it:  59
it:  60
it:  61
it:  62
it:  63
it:  64
it:  65
it:  66
it:  67
it:  68
it:  69
it:  70
it:  71
it:  72
it:  73
it:  74
it:  75
it:  76
it:  77
it:  78
it:  79
it:  80
it:  81
it:  82
it:  83
it:  84
it:  85
it:  86
it:  87
it:  88
sample_and_datatrans:  [-5.479135990142822, -3.1858561038970947, -3.547840118408203, -3.033600091934204, -3.317568063735962, -3.7366080284118652, -2.9957759380340576, -3.5397119522094727, -3.3339200019836426, -3.095968008041382, -3.6178879737854004, -3.0391039848327637, -3.6175038814544678, -2.980031967163086, -3.45033597946167, -3.6786561012268066, -3.3463358879089355, -3.326240062713623, -3.1911680698394775, -3.6535680294036865, -3.052896022796631, -3.3232638835906982, -3.6331839561462402, -3.0052480697631836, -3.553823947906494, -3.259615898132324, -3.3337600231170654, -3.657248020172119, -3.4051198959350586, -3.0157439708709717, -3.504863977432251, -2.9547200202941895, -3.4159040451049805, -3.615135908126831, -3.1645119190216064, -3.2607040405273438, -3.6319680213928223, -2.9673280715942383, -3.4052159786224365, -3.6971518993377686, -3.5891520977020264, -3.4461441040039062, -3.427135944366455, -2.943552017211914, -3.414463996887207, -3.616352081298828, -2.970047950744629, -3.4240639209747314, -3.3349759578704834, -3.4253759384155273, -3.510495901107788, -3.4072959423065186, -3.426111936569214, -3.366175889968872, -3.499039888381958, -2.981343984603882, -3.4047040939331055, -3.753119945526123, -2.977440118789673, -3.6391680240631104, -3.5030720233917236, -3.4197440147399902, -2.948512077331543, -3.3012800216674805, -3.7738559246063232, -3.432703971862793, -3.1776959896087646, -3.2328639030456543, -3.689023971557617, -3.662559986114502, -2.941920042037964, -3.613055944442749, -2.989408016204834, -3.4185919761657715, -3.3371200561523438, -3.3392961025238037, -3.3941121101379395, -3.543168067932129, -3.434720039367676, -2.9765119552612305, -3.430624008178711, -3.6036159992218018, -3.1005759239196777, -3.375488042831421, -3.5181760787963867, -3.0782721042633057, -3.6065280437469482, -3.4641599655151367, -3.3180160522460938]
slice_time:  [-1.3076479472219944, -1.3004799596965313, -1.1991039477288723, -1.2953599970787764, -1.2994559668004513, -1.3783039785921574, -1.267712039873004, -1.2380159981548786, -1.3230079542845488, -1.2840960305184126, -1.3680640198290348, -1.2922880314290524, -1.2697599940001965, -1.2206080239266157, -1.2922880463302135, -1.3373439442366362, -1.257472051307559, -1.3189120423048735, -1.2728320565074682, -1.3475839830935001, -1.2615679539740086, -1.2564480118453503, -1.241088006645441, -1.3137920331209898, -1.405951950699091, -1.3649920355528593, -1.2922879736870527, -1.259520035237074, -1.3393919430673122, -1.2083200570195913, -1.2482559643685818, -1.2912639733403921, -1.2564480043947697, -1.3281279765069485, -1.2830720227211714, -1.3137919940054417, -1.2974079586565495, -1.3219839539378881, -1.3096960596740246, -1.2902400456368923, -1.2615679632872343, -1.282047975808382, -1.273856047540903, -1.2974080126732588, -1.267711978405714, -1.2410880215466022, -1.2451839875429869, -1.3168640173971653, -1.2830719985067844, -1.3445119746029377, -1.273856047540903, -1.3168640099465847, -1.242112036794424, -1.364992018789053, -1.2472319640219212, -1.3025280591100454, -1.2922880165278912, -1.3527040146291256, -1.2400639485567808, -1.2646400593221188, -1.3056000210344791, -1.2400640286505222, -1.244159972295165, -1.258496005088091, -1.290240053087473, -1.2503039874136448, -1.2533760275691748, -1.2257280480116606, -1.2697599716484547, -1.28921602293849, -1.2687359638512135, -1.3588479422032833, -1.292287988588214, -1.268736008554697, -1.222656024619937, -1.3127679955214262, -1.3035520128905773, -1.2482559718191624, -1.2421120293438435, -1.2881920542567968, -1.260544043034315, -1.3209600113332272, -1.3178880494087934, -1.2543999813497066, -1.3987840302288532, -1.292287988588214, -1.2236800007522106, -1.2707840241491795, -1.0639360081404448]
train_time:  [-8.867744445800781, -9.10371208190918, -7.819424152374268, -7.433152198791504, -8.271455764770508, -8.090496063232422, -7.239744186401367, -7.920544147491455, -7.884416103363037, -7.649695873260498, -7.5382080078125, -7.829792022705078, -7.542655944824219, -7.651904106140137, -7.751711845397949, -7.535935878753662, -7.923327922821045, -7.626976013183594, -8.077631950378418, -7.818592071533203, -7.041920185089111, -8.114527702331543, -7.943007946014404, -7.3895039558410645, -7.7715840339660645, -7.479968070983887, -7.570591926574707, -8.13430404663086, -7.613664150238037, -11.254976272583008, -7.697279930114746, -7.324416160583496, -8.950912475585938, -7.753151893615723, -7.325247764587402, -7.5649919509887695, -7.733727931976318, -7.879327774047852, -8.700927734375, -7.529695987701416, -8.04800033569336, -8.19705581665039, -7.449151992797852, -6.641088008880615, -7.876512050628662, -7.687935829162598, -7.292031764984131, -7.762752056121826, -7.3654398918151855, -7.772480010986328, -7.463263988494873, -7.564511775970459, -7.497407913208008, -7.675295829772949, -7.666592121124268, -7.3097920417785645, -8.636159896850586, -7.677279949188232, -7.601183891296387, -8.457311630249023, -7.9132161140441895, -7.014143943786621, -7.649375915527344, -8.714655876159668, -7.750112056732178, -7.565567970275879, -7.36630392074585, -7.937983989715576, -7.318943977355957, -7.208479881286621, -7.7169599533081055, -7.734464168548584, -7.0905280113220215, -7.537568092346191, -7.61843204498291, -7.424895763397217, -8.474047660827637, -8.10649585723877, -7.558559894561768, -7.113215923309326, -7.7933759689331055, -7.122560024261475, -7.768735885620117, -7.684095859527588, -8.01257610321045, -7.654911994934082, -7.822271823883057, -7.4100799560546875, -7.662496089935303]
sample_and_datatrans_avg:  -3.3635066279882118
slice_time_avg:  -1.286429172004514
train_time_avg:  -7.739797024787227
all_avg:  -12.389732824779951
Epoch 00002 | Loss 1.6679 | Accuracy 0.5740 
it:  0
it:  1
it:  2
it:  3
it:  4
it:  5
it:  6
it:  7
it:  8
it:  9
it:  10
it:  11
it:  12
it:  13
it:  14
it:  15
it:  16
it:  17
it:  18
it:  19
it:  20
it:  21
it:  22
it:  23
it:  24
it:  25
it:  26
it:  27
it:  28
it:  29
it:  30
it:  31
it:  32
it:  33
it:  34
it:  35
it:  36
it:  37
it:  38
it:  39
it:  40
it:  41
it:  42
it:  43
it:  44
it:  45
it:  46
it:  47
it:  48
it:  49
it:  50
it:  51
it:  52
it:  53
it:  54
it:  55
it:  56
it:  57
it:  58
it:  59
it:  60
it:  61
it:  62
it:  63
it:  64
it:  65
it:  66
it:  67
it:  68
it:  69
it:  70
it:  71
it:  72
it:  73
it:  74
it:  75
it:  76
it:  77
it:  78
it:  79
it:  80
it:  81
it:  82
it:  83
it:  84
it:  85
it:  86
it:  87
it:  88
sample_and_datatrans:  [-5.6293439865112305, -2.945280075073242, -3.4959359169006348, -7.627999782562256, -2.937376022338867, -3.7015039920806885, -2.9775679111480713, -3.3483519554138184, -3.535007953643799, -3.3930881023406982, -3.422175884246826, -3.3993918895721436, -3.4040000438690186, -3.048383951187134, -3.608992099761963, -3.2933120727539062, -3.3415679931640625, -2.974976062774658, -3.399712085723877, -3.7558720111846924, -2.9489920139312744, -3.6485118865966797, -3.470463991165161, -2.926719903945923, -3.5580480098724365, -3.694495916366577, -3.5867838859558105, -3.423743963241577, -3.2982399463653564, -2.949120044708252, -3.5209600925445557, -3.4829440116882324, -2.954751968383789, -3.614880084991455, -3.5634241104125977, -3.4171841144561768, -2.9472320079803467, -3.386751890182495, -3.9826560020446777, -2.940608024597168, -3.7864959239959717, -3.3941760063171387, -2.937472105026245, -3.41264009475708, -3.5957438945770264, -3.558687925338745, -3.404416084289551, -3.4640960693359375, -3.070496082305908, -3.2943038940429688, -3.614880084991455, -3.271967887878418, -3.146752119064331, -6.482463836669922, -3.2035839557647705, -3.969088077545166, -3.807487964630127, -3.7907519340515137, -3.825376033782959, -3.8722879886627197, -3.8052799701690674, -3.8369600772857666, -3.8462400436401367, -3.8348159790039062, -3.8148159980773926, -3.7926080226898193, -4.801407814025879, -3.847264051437378, -4.040319919586182, -3.9187519550323486, -3.9503040313720703, -3.821216106414795, -3.861056089401245, -3.878432035446167, -3.8109118938446045, -3.8581440448760986, -3.876447916030884, -3.9028799533843994, -3.9358720779418945, -3.82207989692688, -3.9757440090179443, -3.8677120208740234, -3.9822399616241455, -3.8913919925689697, -3.858112096786499, -3.914655923843384, -3.9646079540252686, -4.0010881423950195, -3.7830400466918945]
slice_time:  [-1.2257279437035322, -1.2339200135320425, -1.3332479931414127, -1.2564480267465115, -1.209343995898962, -1.3373440243303776, -1.1857920046895742, -1.316864002496004, -1.1530239786952734, -1.2656639851629734, -1.2308479584753513, -1.234943998977542, -1.2707840017974377, -1.258495969697833, -1.2492799572646618, -1.233919981867075, -1.3936640061438084, -1.2462079804390669, -1.3783039636909962, -1.2482559569180012, -1.24927999638021, -1.2820479609072208, -1.2707840166985989, -1.2697600405663252, -1.4059520475566387, -1.255424004048109, -1.2769280560314655, -1.2799999676644802, -1.263615969568491, -1.2840960454195738, -1.302528005093336, -1.3199360184371471, -1.2881919499486685, -1.3322239853441715, -1.3260799683630466, -1.3107199557125568, -1.3496320527046919, -1.2687359787523746, -1.3987840004265308, -1.241087956354022, -1.3086720369756222, -1.2482559718191624, -1.2912639733403921, -1.2789760492742062, -1.3506560139358044, -1.3045760598033667, -1.3004800044000149, -1.2144639529287815, -1.2769279759377241, -1.2974079884588718, -1.3066240437328815, -1.2707840166985989, -1.2369920443743467, -1.3496319651603699, -1.2400639411062002, -1.3537279814481735, -1.3629439398646355, -1.2830719538033009, -1.3107200376689434, -1.3690880127251148, -1.2800000421702862, -1.2564479894936085, -1.2769280262291431, -1.2943360395729542, -1.301503974944353, -1.3363200016319752, -1.3475839607417583, -1.2820480577647686, -1.362943958491087, -1.2984319515526295, -1.308671995997429, -1.2656640335917473, -1.394687969237566, -1.3199360109865665, -1.3045759908854961, -1.3936639539897442, -1.370112020522356, -1.3711360059678555, -1.312768042087555, -1.3404159992933273, -1.330175954848528, -1.3414400331676006, -1.278976034373045, -1.3496319577097893, -1.3455359525978565, -1.3793279454112053, -1.4387200474739075, -1.2748799845576286, -1.1417599506676197]
train_time:  [-7.528512001037598, -7.717152118682861, -8.165696144104004, -7.969279766082764, -8.270848274230957, -7.364960193634033, -7.228320121765137, -7.679200172424316, -7.985439777374268, -7.855807781219482, -7.528255939483643, -7.5000319480896, -7.324192047119141, -7.70854377746582, -7.588223934173584, -7.078432083129883, -7.208767890930176, -7.855616092681885, -8.591936111450195, -7.630943775177002, -7.609888076782227, -8.225215911865234, -8.188032150268555, -7.960480213165283, -8.886752128601074, -7.757631778717041, -7.903135776519775, -7.313216209411621, -7.661664009094238, -7.325984001159668, -7.818175792694092, -7.629856109619141, -7.387392044067383, -7.994944095611572, -7.920191764831543, -7.739295959472656, -6.838592052459717, -8.7957763671875, -8.426112174987793, -7.474944114685059, -8.167263984680176, -7.54911994934082, -6.855264186859131, -7.6877121925354, -8.113920211791992, -8.055744171142578, -7.682400226593018, -7.737631797790527, -7.186495780944824, -7.60038423538208, -7.860703945159912, -7.441504001617432, -7.82147216796875, -6.356991767883301, -6.069632053375244, -8.042816162109375, -8.324607849121094, -8.218688011169434, -8.948543548583984, -8.605216026306152, -8.717439651489258, -8.67193603515625, -8.614815711975098, -8.624992370605469, -8.629247665405273, -13.163040161132812, -8.974656105041504, -8.601119995117188, -8.869664192199707, -9.248384475708008, -8.7543363571167, -8.311264038085938, -8.267999649047852, -9.131232261657715, -8.691712379455566, -8.600192070007324, -8.386560440063477, -9.106304168701172, -8.796768188476562, -8.048704147338867, -8.537311553955078, -8.982399940490723, -8.730879783630371, -8.551008224487305, -8.568384170532227, -8.73904037475586, -9.007648468017578, -8.935647964477539, -8.762816429138184]
sample_and_datatrans_avg:  -3.63256344312354
slice_time_avg:  -1.3050426282931733
train_time_avg:  -8.14325107502032
all_avg:  -13.080857146437033
Epoch 00003 | Loss 1.5746 | Accuracy 0.5826 
it:  0
it:  1
it:  2
it:  3
it:  4
it:  5
it:  6
it:  7
it:  8
it:  9
it:  10
it:  11
it:  12
it:  13
it:  14
it:  15
it:  16
it:  17
it:  18
it:  19
it:  20
it:  21
it:  22
it:  23
it:  24
it:  25
it:  26
it:  27
it:  28
it:  29
it:  30
it:  31
it:  32
it:  33
it:  34
it:  35
it:  36
it:  37
it:  38
it:  39
it:  40
it:  41
it:  42
it:  43
it:  44
it:  45
it:  46
it:  47
it:  48
it:  49
it:  50
it:  51
it:  52
it:  53
it:  54
it:  55
it:  56
it:  57
it:  58
it:  59
it:  60
it:  61
it:  62
it:  63
it:  64
it:  65
it:  66
it:  67
it:  68
it:  69
it:  70
it:  71
it:  72
it:  73
it:  74
it:  75
it:  76
it:  77
it:  78
it:  79
it:  80
it:  81
it:  82
it:  83
it:  84
it:  85
it:  86
it:  87
it:  88
sample_and_datatrans:  [-5.811935901641846, -3.472223997116089, -3.453439950942993, -3.1342079639434814, -3.6037440299987793, -3.531359910964966, -3.402240037918091, -3.5751359462738037, -3.467423915863037, -3.07859206199646, -3.664992094039917, -3.09334397315979, -3.603264093399048, -3.5791358947753906, -3.4712960720062256, -3.1177279949188232, -3.9417920112609863, -3.059295892715454, -3.463808059692383, -3.708127975463867, -3.18176007270813, -4.048128128051758, -3.249216079711914, -3.979167938232422, -3.4992001056671143, -3.3924479484558105, -3.294015884399414, -3.763871908187866, -3.6062400341033936, -3.492799997329712, -3.0992319583892822, -3.5515520572662354, -3.6155519485473633, -3.494271993637085, -3.0763840675354004, -3.4856319427490234, -3.390944004058838, -3.715775966644287, -3.6105599403381348, -3.14467191696167, -3.775455951690674, -3.5910720825195312, -3.070528030395508, -3.485568046569824, -3.6617279052734375, -3.1482880115509033, -3.5874879360198975, -3.584223985671997, -3.5027201175689697, -3.089184045791626, -3.662463903427124, -3.097440004348755, -3.7111361026763916, -3.5103039741516113, -3.26857590675354, -3.6485118865966797, -3.609247922897339, -3.099423885345459, -3.5303680896759033, -3.73417592048645, -3.1230080127716064, -3.5934720039367676, -3.599071979522705, -3.5189759731292725, -3.5013439655303955, -3.0936639308929443, -3.377311944961548, -3.695456027984619, -3.227679967880249, -3.8525760173797607, -3.1031041145324707, -3.505887985229492, -3.697567939758301, -3.096640110015869, -3.7947840690612793, -3.51529598236084, -3.104543924331665, -3.4856960773468018, -3.5743041038513184, -3.543584108352661, -3.470400094985962, -3.117856025695801, -3.6858561038970947, -3.728192090988159, -3.093183994293213, -3.832736015319824, -3.076512098312378, -3.4708480834960938, -3.568608045578003]
slice_time:  [-1.2503039874136448, -1.3301760479807854, -1.369088027626276, -1.2656640019267797, -1.2636160589754581, -1.2933120541274548, -1.3137919791042805, -1.283071968704462, -1.274880025535822, -1.2861439771950245, -1.2840959765017033, -1.313792010769248, -1.328128058463335, -1.321984026581049, -1.303552020341158, -1.2462079729884863, -1.3977600410580635, -1.315840009599924, -1.3731840588152409, -1.3527040220797062, -1.2298240475356579, -1.3711360022425652, -1.2656639851629734, -1.3568000383675098, -1.3742079474031925, -1.2779520563781261, -1.358847988769412, -1.3291520327329636, -1.2759040258824825, -1.316864002496004, -1.2451839484274387, -1.3496319986879826, -1.2369919754564762, -1.3527040295302868, -1.284096023067832, -1.301503997296095, -1.360895972698927, -1.2830719612538815, -1.2687359787523746, -1.1950080525130033, -1.3015039898455143, -1.245184037834406, -1.2226560153067112, -1.3291520103812218, -1.288191992789507, -1.2789759766310453, -1.278976034373045, -1.3322239927947521, -1.3096960596740246, -1.3271040432155132, -1.274880025535822, -1.349632028490305, -1.3055999986827374, -1.2840959839522839, -1.2799999844282866, -1.252351988106966, -1.3035520054399967, -1.2677120100706816, -1.2513279989361763, -1.2789760492742062, -1.3076479565352201, -1.2963839508593082, -1.2851199992001057, -1.2564480118453503, -1.3527040369808674, -1.2472319807857275, -1.2748800180852413, -1.268735971301794, -1.2963839899748564, -1.2595199942588806, -1.353727949783206, -1.272832002490759, -1.2789760492742062, -1.3004800286144018, -1.2707839608192444, -1.2636159472167492, -1.2697600163519382, -1.2584960348904133, -1.3107200600206852, -1.274880025535822, -1.2503039725124836, -1.3076479565352201, -1.2646400518715382, -1.281023945659399, -1.2523520197719336, -1.2595199942588806, -1.2165119852870703, -1.2912640385329723, -1.1827200390398502]
train_time:  [-7.973663806915283, -9.061568260192871, -8.058815956115723, -7.52294397354126, -7.706719875335693, -7.362239837646484, -8.228384017944336, -8.356736183166504, -7.0287041664123535, -7.9609599113464355, -7.746687889099121, -7.808640003204346, -8.444319725036621, -8.148480415344238, -7.2202558517456055, -7.823423862457275, -9.874336242675781, -7.276544094085693, -8.29263973236084, -8.429759979248047, -8.314016342163086, -8.082304000854492, -7.950016021728516, -8.240639686584473, -7.570047855377197, -7.457920074462891, -8.154848098754883, -8.645024299621582, -8.359295845031738, -7.323103904724121, -7.475776195526123, -8.13974380493164, -8.346719741821289, -8.086560249328613, -7.641119956970215, -7.761087894439697, -8.228927612304688, -8.745984077453613, -8.06339168548584, -7.456287860870361, -8.433055877685547, -7.926080226898193, -7.037951946258545, -7.767007827758789, -8.016511917114258, -7.651519775390625, -8.163519859313965, -8.166463851928711, -7.725279808044434, -8.15436840057373, -7.6960320472717285, -8.082847595214844, -8.951199531555176, -8.128288269042969, -7.350368022918701, -8.072319984436035, -7.801184177398682, -7.362880229949951, -7.978752136230469, -7.713344097137451, -7.536575794219971, -7.990240097045898, -7.896736145019531, -8.140992164611816, -7.142879962921143, -7.201568126678467, -8.331263542175293, -8.111776351928711, -8.240703582763672, -8.073760032653809, -7.173247814178467, -8.19052791595459, -8.007072448730469, -7.927584171295166, -8.507328033447266, -7.2954559326171875, -7.470047950744629, -7.795263767242432, -8.496255874633789, -7.957759857177734, -7.928991794586182, -7.0768961906433105, -7.965216159820557, -8.22544002532959, -8.394623756408691, -7.797664165496826, -7.21833610534668, -7.814752101898193, -7.626848220825195]
sample_and_datatrans_avg:  -3.4597500819194167
slice_time_avg:  -1.2929361065071594
train_time_avg:  -7.938693650161164
all_avg:  -12.69137983858774
Epoch 00004 | Loss 1.5257 | Accuracy 0.5895 
avg_epoch_batch_prepare_time:  3.4561179547370235
avg_epoch_slice_time:  1.293773449655575
avg_epoch_train_time:  7.904114466075656
avg_epoch_all_time:  12.654005870468254
Training in mixed mode.
whether_time_time_cudaevent:  3
profile_manual_pin_CPUGPU.py
Loading data
mixed
dataset:  ogbn-products
in_size 100
out_size 47
device:  cuda
Training...
it:  0
it:  1
it:  2
it:  3
it:  4
it:  5
it:  6
it:  7
it:  8
it:  9
it:  10
it:  11
it:  12
it:  13
it:  14
it:  15
it:  16
it:  17
it:  18
it:  19
it:  20
it:  21
it:  22
it:  23
it:  24
it:  25
it:  26
it:  27
it:  28
it:  29
it:  30
it:  31
it:  32
it:  33
it:  34
it:  35
it:  36
it:  37
it:  38
it:  39
it:  40
it:  41
it:  42
it:  43
it:  44
it:  45
it:  46
it:  47
it:  48
it:  49
it:  50
it:  51
it:  52
it:  53
it:  54
it:  55
it:  56
it:  57
it:  58
it:  59
it:  60
it:  61
it:  62
it:  63
it:  64
it:  65
it:  66
it:  67
it:  68
it:  69
it:  70
it:  71
it:  72
it:  73
it:  74
it:  75
it:  76
it:  77
it:  78
it:  79
it:  80
it:  81
it:  82
it:  83
it:  84
it:  85
it:  86
it:  87
it:  88
it:  89
it:  90
it:  91
it:  92
it:  93
it:  94
it:  95
it:  96
it:  97
it:  98
it:  99
it:  100
it:  101
batch_prepare_time_avg:  103.14902172812933
data_tansfer_time_avg:  3.8921802858763104
slice_time_avg:  16.158635103249853
feature_data_transition_time_avg:  15.15064360220221
train_time_avg:  9.544399720204028
all_avg:  147.89488043966173
Epoch 00000 | Loss 1.8070 | Accuracy 0.8252 
it:  0
it:  1
it:  2
it:  3
it:  4
it:  5
it:  6
it:  7
it:  8
it:  9
it:  10
it:  11
it:  12
it:  13
it:  14
it:  15
it:  16
it:  17
it:  18
it:  19
it:  20
it:  21
it:  22
it:  23
it:  24
it:  25
it:  26
it:  27
it:  28
it:  29
it:  30
it:  31
it:  32
it:  33
it:  34
it:  35
it:  36
it:  37
it:  38
it:  39
it:  40
it:  41
it:  42
it:  43
it:  44
it:  45
it:  46
it:  47
it:  48
it:  49
it:  50
it:  51
it:  52
it:  53
it:  54
it:  55
it:  56
it:  57
it:  58
it:  59
it:  60
it:  61
it:  62
it:  63
it:  64
it:  65
it:  66
it:  67
it:  68
it:  69
it:  70
it:  71
it:  72
it:  73
it:  74
it:  75
it:  76
it:  77
it:  78
it:  79
it:  80
it:  81
it:  82
it:  83
it:  84
it:  85
it:  86
it:  87
it:  88
it:  89
it:  90
it:  91
it:  92
it:  93
it:  94
it:  95
it:  96
it:  97
it:  98
it:  99
it:  100
it:  101
batch_prepare_time_avg:  99.82208058803896
data_tansfer_time_avg:  3.8643577430821674
slice_time_avg:  13.255650484109227
feature_data_transition_time_avg:  15.136223805101611
train_time_avg:  9.323382679420181
all_avg:  141.40169529975213
Epoch 00001 | Loss 0.7900 | Accuracy 0.8570 
it:  0
it:  1
it:  2
it:  3
it:  4
it:  5
it:  6
it:  7
it:  8
it:  9
it:  10
it:  11
it:  12
it:  13
it:  14
it:  15
it:  16
it:  17
it:  18
it:  19
it:  20
it:  21
it:  22
it:  23
it:  24
it:  25
it:  26
it:  27
it:  28
it:  29
it:  30
it:  31
it:  32
it:  33
it:  34
it:  35
it:  36
it:  37
it:  38
it:  39
it:  40
it:  41
it:  42
it:  43
it:  44
it:  45
it:  46
it:  47
it:  48
it:  49
it:  50
it:  51
it:  52
it:  53
it:  54
it:  55
it:  56
it:  57
it:  58
it:  59
it:  60
it:  61
it:  62
it:  63
it:  64
it:  65
it:  66
it:  67
it:  68
it:  69
it:  70
it:  71
it:  72
it:  73
it:  74
it:  75
it:  76
it:  77
it:  78
it:  79
it:  80
it:  81
it:  82
it:  83
it:  84
it:  85
it:  86
it:  87
it:  88
it:  89
it:  90
it:  91
it:  92
it:  93
it:  94
it:  95
it:  96
it:  97
it:  98
it:  99
it:  100
it:  101
batch_prepare_time_avg:  100.8566301080245
data_tansfer_time_avg:  3.8819614844986154
slice_time_avg:  11.993773375885397
feature_data_transition_time_avg:  15.142455885681924
train_time_avg:  9.056254278255414
all_avg:  140.93107513234585
Epoch 00002 | Loss 0.6354 | Accuracy 0.8690 
it:  0
it:  1
it:  2
it:  3
it:  4
it:  5
it:  6
it:  7
it:  8
it:  9
it:  10
it:  11
it:  12
it:  13
it:  14
it:  15
it:  16
it:  17
it:  18
it:  19
it:  20
it:  21
it:  22
it:  23
it:  24
it:  25
it:  26
it:  27
it:  28
it:  29
it:  30
it:  31
it:  32
it:  33
it:  34
it:  35
it:  36
it:  37
it:  38
it:  39
it:  40
it:  41
it:  42
it:  43
it:  44
it:  45
it:  46
it:  47
it:  48
it:  49
it:  50
it:  51
it:  52
it:  53
it:  54
it:  55
it:  56
it:  57
it:  58
it:  59
it:  60
it:  61
it:  62
it:  63
it:  64
it:  65
it:  66
it:  67
it:  68
it:  69
it:  70
it:  71
it:  72
it:  73
it:  74
it:  75
it:  76
it:  77
it:  78
it:  79
it:  80
it:  81
it:  82
it:  83
it:  84
it:  85
it:  86
it:  87
it:  88
it:  89
it:  90
it:  91
it:  92
it:  93
it:  94
it:  95
it:  96
it:  97
it:  98
it:  99
it:  100
it:  101
batch_prepare_time_avg:  99.84669202490699
data_tansfer_time_avg:  3.9019252680524996
slice_time_avg:  12.310761439649365
feature_data_transition_time_avg:  15.144662012027789
train_time_avg:  9.222673464425002
all_avg:  140.42671420906163
Epoch 00003 | Loss 0.5618 | Accuracy 0.8762 
it:  0
it:  1
it:  2
it:  3
it:  4
it:  5
it:  6
it:  7
it:  8
it:  9
it:  10
it:  11
it:  12
it:  13
it:  14
it:  15
it:  16
it:  17
it:  18
it:  19
it:  20
it:  21
it:  22
it:  23
it:  24
it:  25
it:  26
it:  27
it:  28
it:  29
it:  30
it:  31
it:  32
it:  33
it:  34
it:  35
it:  36
it:  37
it:  38
it:  39
it:  40
it:  41
it:  42
it:  43
it:  44
it:  45
it:  46
it:  47
it:  48
it:  49
it:  50
it:  51
it:  52
it:  53
it:  54
it:  55
it:  56
it:  57
it:  58
it:  59
it:  60
it:  61
it:  62
it:  63
it:  64
it:  65
it:  66
it:  67
it:  68
it:  69
it:  70
it:  71
it:  72
it:  73
it:  74
it:  75
it:  76
it:  77
it:  78
it:  79
it:  80
it:  81
it:  82
it:  83
it:  84
it:  85
it:  86
it:  87
it:  88
it:  89
it:  90
it:  91
it:  92
it:  93
it:  94
it:  95
it:  96
it:  97
it:  98
it:  99
it:  100
it:  101
batch_prepare_time_avg:  99.17795809009407
data_tansfer_time_avg:  3.928169419493856
slice_time_avg:  12.39657703834244
feature_data_transition_time_avg:  15.144351162487947
train_time_avg:  9.47116598298278
all_avg:  140.1182216934011
Epoch 00004 | Loss 0.5175 | Accuracy 0.8809 
avg_epoch_batch_prepare_time:  100.57047650783878
avg_epoch_data_tansfer_time:  3.8937188402006897
avg_epoch_slice_time:  13.223079488247256
avg_epoch feature data trans 15.143667293500297
avg_epoch_train_time:  9.323575225057482
avg_epoch_all_time:  142.15451735484447
Training in mixed mode.
whether_time_time_cudaevent:  3
profile_manual_pin_CPUGPU.py
Loading data
mixed
dataset:  ogbn-arxiv
in_size 128
out_size 40
device:  cuda
Training...
it:  0
it:  1
it:  2
it:  3
it:  4
it:  5
it:  6
it:  7
it:  8
it:  9
it:  10
it:  11
it:  12
it:  13
it:  14
it:  15
it:  16
it:  17
it:  18
it:  19
it:  20
it:  21
it:  22
it:  23
it:  24
it:  25
it:  26
it:  27
it:  28
it:  29
it:  30
it:  31
it:  32
it:  33
it:  34
it:  35
it:  36
it:  37
it:  38
it:  39
it:  40
it:  41
it:  42
it:  43
it:  44
it:  45
it:  46
it:  47
it:  48
it:  49
it:  50
it:  51
it:  52
it:  53
it:  54
it:  55
it:  56
it:  57
it:  58
it:  59
it:  60
it:  61
it:  62
it:  63
it:  64
it:  65
it:  66
it:  67
it:  68
it:  69
it:  70
it:  71
it:  72
it:  73
it:  74
it:  75
it:  76
it:  77
it:  78
it:  79
it:  80
it:  81
it:  82
it:  83
it:  84
it:  85
it:  86
it:  87
it:  88
batch_prepare_time_avg:  8.963053739523586
data_tansfer_time_avg:  0.6500165673750865
slice_time_avg:  1.2034132510800906
feature_data_transition_time_avg:  1.16730943510804
train_time_avg:  8.004852488071103
all_avg:  19.988645481157906
Epoch 00000 | Loss 2.5668 | Accuracy 0.5056 
it:  0
it:  1
it:  2
it:  3
it:  4
it:  5
it:  6
it:  7
it:  8
it:  9
it:  10
it:  11
it:  12
it:  13
it:  14
it:  15
it:  16
it:  17
it:  18
it:  19
it:  20
it:  21
it:  22
it:  23
it:  24
it:  25
it:  26
it:  27
it:  28
it:  29
it:  30
it:  31
it:  32
it:  33
it:  34
it:  35
it:  36
it:  37
it:  38
it:  39
it:  40
it:  41
it:  42
it:  43
it:  44
it:  45
it:  46
it:  47
it:  48
it:  49
it:  50
it:  51
it:  52
it:  53
it:  54
it:  55
it:  56
it:  57
it:  58
it:  59
it:  60
it:  61
it:  62
it:  63
it:  64
it:  65
it:  66
it:  67
it:  68
it:  69
it:  70
it:  71
it:  72
it:  73
it:  74
it:  75
it:  76
it:  77
it:  78
it:  79
it:  80
it:  81
it:  82
it:  83
it:  84
it:  85
it:  86
it:  87
it:  88
batch_prepare_time_avg:  9.111069425751891
data_tansfer_time_avg:  0.669618196125272
slice_time_avg:  1.0040409957306295
feature_data_transition_time_avg:  1.163277444960196
train_time_avg:  7.3036332673664335
all_avg:  19.251639329934424
Epoch 00001 | Loss 1.8577 | Accuracy 0.5568 
it:  0
it:  1
it:  2
it:  3
it:  4
it:  5
it:  6
it:  7
it:  8
it:  9
it:  10
it:  11
it:  12
it:  13
it:  14
it:  15
it:  16
it:  17
it:  18
it:  19
it:  20
it:  21
it:  22
it:  23
it:  24
it:  25
it:  26
it:  27
it:  28
it:  29
it:  30
it:  31
it:  32
it:  33
it:  34
it:  35
it:  36
it:  37
it:  38
it:  39
it:  40
it:  41
it:  42
it:  43
it:  44
it:  45
it:  46
it:  47
it:  48
it:  49
it:  50
it:  51
it:  52
it:  53
it:  54
it:  55
it:  56
it:  57
it:  58
it:  59
it:  60
it:  61
it:  62
it:  63
it:  64
it:  65
it:  66
it:  67
it:  68
it:  69
it:  70
it:  71
it:  72
it:  73
it:  74
it:  75
it:  76
it:  77
it:  78
it:  79
it:  80
it:  81
it:  82
it:  83
it:  84
it:  85
it:  86
it:  87
it:  88
batch_prepare_time_avg:  8.67506522166578
data_tansfer_time_avg:  0.6597102442874184
slice_time_avg:  0.8227342291723324
feature_data_transition_time_avg:  1.1655499663534044
train_time_avg:  7.397398164000692
all_avg:  18.720457825479627
Epoch 00002 | Loss 1.6692 | Accuracy 0.5760 
it:  0
it:  1
it:  2
it:  3
it:  4
it:  5
it:  6
it:  7
it:  8
it:  9
it:  10
it:  11
it:  12
it:  13
it:  14
it:  15
it:  16
it:  17
it:  18
it:  19
it:  20
it:  21
it:  22
it:  23
it:  24
it:  25
it:  26
it:  27
it:  28
it:  29
it:  30
it:  31
it:  32
it:  33
it:  34
it:  35
it:  36
it:  37
it:  38
it:  39
it:  40
it:  41
it:  42
it:  43
it:  44
it:  45
it:  46
it:  47
it:  48
it:  49
it:  50
it:  51
it:  52
it:  53
it:  54
it:  55
it:  56
it:  57
it:  58
it:  59
it:  60
it:  61
it:  62
it:  63
it:  64
it:  65
it:  66
it:  67
it:  68
it:  69
it:  70
it:  71
it:  72
it:  73
it:  74
it:  75
it:  76
it:  77
it:  78
it:  79
it:  80
it:  81
it:  82
it:  83
it:  84
it:  85
it:  86
it:  87
it:  88
batch_prepare_time_avg:  8.262420002418228
data_tansfer_time_avg:  0.6284502488148364
slice_time_avg:  0.8151199244245698
feature_data_transition_time_avg:  1.1602866498729851
train_time_avg:  6.718472589420367
all_avg:  17.584749414950988
Epoch 00003 | Loss 1.5788 | Accuracy 0.5857 
it:  0
it:  1
it:  2
it:  3
it:  4
it:  5
it:  6
it:  7
it:  8
it:  9
it:  10
it:  11
it:  12
it:  13
it:  14
it:  15
it:  16
it:  17
it:  18
it:  19
it:  20
it:  21
it:  22
it:  23
it:  24
it:  25
it:  26
it:  27
it:  28
it:  29
it:  30
it:  31
it:  32
it:  33
it:  34
it:  35
it:  36
it:  37
it:  38
it:  39
it:  40
it:  41
it:  42
it:  43
it:  44
it:  45
it:  46
it:  47
it:  48
it:  49
it:  50
it:  51
it:  52
it:  53
it:  54
it:  55
it:  56
it:  57
it:  58
it:  59
it:  60
it:  61
it:  62
it:  63
it:  64
it:  65
it:  66
it:  67
it:  68
it:  69
it:  70
it:  71
it:  72
it:  73
it:  74
it:  75
it:  76
it:  77
it:  78
it:  79
it:  80
it:  81
it:  82
it:  83
it:  84
it:  85
it:  86
it:  87
it:  88
batch_prepare_time_avg:  9.874775439878054
data_tansfer_time_avg:  0.7102580010136471
slice_time_avg:  0.858548321301424
feature_data_transition_time_avg:  1.1639112158666682
train_time_avg:  7.669258721267121
all_avg:  20.276751699326915
Epoch 00004 | Loss 1.5257 | Accuracy 0.5908 
avg_epoch_batch_prepare_time:  8.977276765847506
avg_epoch_data_tansfer_time:  0.663610651523252
avg_epoch_slice_time:  0.9407713443418093
avg_epoch feature data trans 1.1640669424322587
avg_epoch_train_time:  7.418723046025143
avg_epoch_all_time:  19.16444875016997
