Training in mixed mode.
profile_cuda_tt_and_cudaevent.py
Loading data
mixed
whether_time_time_or_cudaevent:  1
uva_or_not:  True
dataset_name:  ogbn-papers100M
dataset:  ogbn-papers100M
in_size 128
out_size 172
device:  cuda
Training...
it:  0
it:  1
it:  2
it:  3
it:  4
it:  5
it:  6
it:  7
it:  8
it:  9
it:  10
it:  11
it:  12
it:  13
it:  14
it:  15
it:  16
it:  17
it:  18
it:  19
it:  20
it:  21
it:  22
it:  23
it:  24
it:  25
it:  26
it:  27
it:  28
it:  29
it:  30
it:  31
it:  32
it:  33
it:  34
it:  35
it:  36
it:  37
it:  38
it:  39
it:  40
it:  41
it:  42
it:  43
it:  44
it:  45
it:  46
it:  47
it:  48
it:  49
it:  50
it:  51
it:  52
it:  53
it:  54
it:  55
it:  56
it:  57
it:  58
it:  59
it:  60
it:  61
it:  62
it:  63
it:  64
it:  65
it:  66
it:  67
it:  68
it:  69
it:  70
it:  71
it:  72
it:  73
it:  74
it:  75
it:  76
it:  77
it:  78
it:  79
it:  80
it:  81
it:  82
it:  83
it:  84
it:  85
it:  86
it:  87
it:  88
it:  89
it:  90
it:  91
it:  92
it:  93
it:  94
it:  95
it:  96
it:  97
it:  98
it:  99
it:  100
it:  101
sample_and_datatrans:  [-480.2921142578125, -7.423711776733398, -7.084671974182129, -7.208864212036133, -7.287327766418457, -7.1102399826049805, -7.246592044830322, -7.125216007232666, -9.000608444213867, -7.415711879730225, -7.0054402351379395, -6.980256080627441, -26.5482234954834, -6.006591796875, -5.869440078735352, -5.67142391204834, -5.343616008758545, -5.356832027435303, -5.726655960083008, -5.570047855377197, -5.383103847503662, -5.379295825958252, -4.875711917877197, -4.852416038513184, -5.174816131591797, -4.914144039154053, -4.889855861663818, -4.939807891845703, -4.93993616104126, -4.875040054321289, -5.151552200317383, -5.136703968048096, -4.735648155212402, -5.149472236633301, -5.0564799308776855, -5.061567783355713, -4.830463886260986, -5.213759899139404, -5.0984320640563965, -4.934783935546875, -4.754079818725586, -5.162271976470947, -4.871903896331787, -4.994719982147217, -4.897439956665039, -5.1827521324157715, -5.436639785766602, -4.903679847717285, -5.019680023193359, -4.75875186920166, -5.119872093200684, -9.662400245666504, -4.97657585144043, -5.631040096282959, -8.819135665893555, -6.838496208190918, -8.877823829650879, -8.067968368530273, -31.68649673461914, -7.919104099273682, -6.298336029052734, -7.309247970581055, -6.7707839012146, -7.214719772338867, -7.924928188323975, -7.555391788482666, -7.658944129943848, -8.41708755493164, -6.924992084503174, -7.442624092102051, -7.731967926025391, -8.324224472045898, -7.390336036682129, -8.028863906860352, -11.847935676574707, -9.306912422180176, -8.548255920410156, -7.890143871307373, -7.972383975982666, -7.4884161949157715, -8.240991592407227, -6.488671779632568, -6.4061760902404785, -5.183231830596924, -4.987391948699951, -4.884768009185791, -5.206783771514893, -4.9811201095581055, -4.75167989730835, -5.163519859313965, -4.798272132873535, -5.017695903778076, -5.208672046661377, -4.914015769958496, -5.2314558029174805, -4.7570881843566895, -5.493631839752197, -5.874335765838623, -5.176032066345215, -5.188223838806152, -5.078144073486328, -5.107776165008545]
slice_time:  [-13.360128417611122, -8.338432304561138, -8.520703978836536, -8.601599864661694, -7.997439868748188, -8.250368475914001, -8.153088100254536, -8.132607877254486, -8.31488011777401, -7.9185919016599655, -7.631872199475765, -8.26880019903183, -4.911103934049606, -5.3063680827617645, -5.239808060228825, -5.168128125369549, -5.179391928017139, -5.238784208893776, -5.490688055753708, -5.40057610720396, -5.268480062484741, -5.276672124862671, -4.959231786429882, -4.9571840316057205, -5.029888194054365, -5.163007993251085, -5.063679873943329, -5.19679993391037, -4.9715201407670975, -5.076992213726044, -5.235711999237537, -5.211136043071747, -5.037056192755699, -5.184512130916119, -5.775360055267811, -5.208064042031765, -5.08518385887146, -5.208063900470734, -5.38521621376276, -5.245952107012272, -5.06982396543026, -5.058559950441122, -5.168128006160259, -5.186560116708279, -5.050368055701256, -5.302272021770477, -5.402623891830444, -5.1302399560809135, -5.480447962880135, -5.139456234872341, -5.030912145972252, -5.344256225973368, -5.294079959392548, -5.090303763747215, -5.554176032543182, -5.005311876535416, -5.050368010997772, -5.2459522113204, -5.266431823372841, -4.922368086874485, -5.094400085508823, -5.285887986421585, -5.130239844322205, -5.5183360278606415, -5.188608221709728, -5.146623983979225, -5.260287843644619, -5.643263928592205, -5.336063988506794, -5.611519783735275, -4.996096082031727, -5.342207960784435, -5.058559976518154, -5.339136205613613, -5.609472215175629, -5.190656140446663, -5.372927904129028, -5.553151868283749, -5.405695900321007, -5.376000106334686, -5.36678409576416, -5.275648199021816, -5.254143863916397, -5.256192199885845, -5.425151787698269, -4.924415998160839, -5.130239896476269, -5.279744125902653, -5.037056192755699, -5.2920320220291615, -5.118976078927517, -5.040128026157618, -4.955136124044657, -5.25926398485899, -5.972991984337568, -5.114880092442036, -5.116927787661552, -5.139455821365118, -5.236735876649618, -4.968447893857956, -5.092352092266083]
train_time:  [-1568.481689453125, -9.247520446777344, -8.097311973571777, -9.160799980163574, -8.912544250488281, -9.10927963256836, -9.152799606323242, -8.080191612243652, -8.625984191894531, -8.562848091125488, -8.246527671813965, -8.778176307678223, -9.247903823852539, -9.140800476074219, -8.357919692993164, -8.426688194274902, -8.803296089172363, -9.193696022033691, -8.755423545837402, -8.75551986694336, -8.912799835205078, -8.138175964355469, -7.709983825683594, -8.041983604431152, -7.043871879577637, -7.648255825042725, -7.579872131347656, -8.12720012664795, -7.886528015136719, -8.279775619506836, -7.4306559562683105, -7.590271949768066, -7.6104960441589355, -7.708960056304932, -7.2824320793151855, -7.13702392578125, -6.9917120933532715, -7.367807865142822, -7.104671955108643, -7.275904178619385, -7.938399791717529, -7.151648044586182, -6.917888164520264, -8.049887657165527, -7.232992172241211, -7.342624187469482, -7.634335994720459, -6.945280075073242, -7.600992202758789, -7.829504013061523, -12.255680084228516, -6.554463863372803, -8.006719589233398, -12.871359825134277, -10.873760223388672, -12.166720390319824, -14.158432006835938, -15.028575897216797, -17.07459259033203, -10.401535987854004, -15.587936401367188, -10.667360305786133, -10.789119720458984, -13.932000160217285, -13.837408065795898, -13.963680267333984, -12.239423751831055, -12.916640281677246, -12.884448051452637, -13.47702407836914, -13.333919525146484, -12.774399757385254, -13.852928161621094, -12.953375816345215, -13.619359970092773, -13.02297592163086, -12.982912063598633, -13.936287879943848, -14.341024398803711, -14.37887954711914, -12.353343963623047, -13.112256050109863, -7.533120155334473, -7.311391830444336, -8.090911865234375, -8.070816040039062, -7.270175933837891, -7.272640228271484, -7.356959819793701, -7.427648067474365, -7.554336071014404, -7.277696132659912, -7.182176113128662, -6.895232200622559, -7.558112144470215, -9.193792343139648, -25.95814323425293, -7.110943794250488, -7.046463966369629, -6.879039764404297, -7.916096210479736]
sample_and_datatrans_avg:  -6.436580036259905
slice_time_avg:  -5.223890648612493
train_time_avg:  -9.897940249382694
all_avg:  -21.55841093425509
Epoch 00000 | Loss 3.3302 | Accuracy 0.2797 
it:  0
it:  1
it:  2
it:  3
it:  4
it:  5
it:  6
it:  7
it:  8
it:  9
it:  10
it:  11
it:  12
it:  13
it:  14
it:  15
it:  16
it:  17
it:  18
it:  19
it:  20
it:  21
it:  22
it:  23
it:  24
it:  25
it:  26
it:  27
it:  28
it:  29
it:  30
it:  31
it:  32
it:  33
it:  34
it:  35
it:  36
it:  37
it:  38
it:  39
it:  40
it:  41
it:  42
it:  43
it:  44
it:  45
it:  46
it:  47
it:  48
it:  49
it:  50
it:  51
it:  52
it:  53
it:  54
it:  55
it:  56
it:  57
it:  58
it:  59
it:  60
it:  61
it:  62
it:  63
it:  64
it:  65
it:  66
it:  67
it:  68
it:  69
it:  70
it:  71
it:  72
it:  73
it:  74
it:  75
it:  76
it:  77
it:  78
it:  79
it:  80
it:  81
it:  82
it:  83
it:  84
it:  85
it:  86
it:  87
it:  88
it:  89
it:  90
it:  91
it:  92
it:  93
it:  94
it:  95
it:  96
it:  97
it:  98
it:  99
it:  100
it:  101
sample_and_datatrans:  [-40.73513412475586, -4.856704235076904, -5.110655784606934, -4.908895969390869, -5.067391872406006, -5.30841588973999, -5.001183986663818, -4.890655994415283, -4.921728134155273, -5.239327907562256, -4.909632205963135, -5.30079984664917, -5.07155179977417, -4.904799938201904, -4.86297607421875, -4.803487777709961, -4.732448101043701, -5.143455982208252, -4.654880046844482, -5.068096160888672, -4.787744045257568, -4.745151996612549, -5.151936054229736, -4.883103847503662, -4.9146881103515625, -4.734111785888672, -5.060863971710205, -5.140768051147461, -4.795648097991943, -4.765920162200928, -5.290143966674805, -5.180319786071777, -4.971744060516357, -5.0550079345703125, -5.0214080810546875, -4.905695915222168, -4.751455783843994, -5.183263778686523, -4.821663856506348, -4.807519912719727, -5.101024150848389, -4.977151870727539, -4.891456127166748, -4.857408046722412, -5.059103965759277, -4.752768039703369, -5.197792053222656, -4.80511999130249, -5.227136135101318, -4.941664218902588, -4.8592000007629395, -4.850143909454346, -4.741568088531494, -5.032512187957764, -5.274144172668457, -4.913343906402588, -5.036255836486816, -5.361216068267822, -5.05020809173584, -5.224544048309326, -5.112639904022217, -5.293600082397461, -5.037471771240234, -5.0108160972595215, -4.902080059051514, -4.886144161224365, -4.765727996826172, -4.916192054748535, -4.988224029541016, -4.78988790512085, -4.754271984100342, -5.1729278564453125, -4.6899518966674805, -5.071487903594971, -4.865407943725586, -4.736800193786621, -5.033472061157227, -5.274496078491211, -4.819136142730713, -4.645631790161133, -5.1150078773498535, -4.839424133300781, -4.825119972229004, -5.1457600593566895, -4.970975875854492, -5.035359859466553, -4.906720161437988, -4.856895923614502, -4.801248073577881, -5.053599834442139, -4.789535999298096, -26.57151985168457, -4.970367908477783, -4.787871837615967, -4.668000221252441, -4.738815784454346, -5.456543922424316, -5.261504173278809, -4.782048225402832, -4.964128017425537, -5.0359039306640625, -4.9159040451049805]
slice_time:  [-5.183488115668297, -5.031936086714268, -5.265407986938953, -5.429248094558716, -5.155839946120977, -5.035007901489735, -4.996096111834049, -4.954111769795418, -5.421056017279625, -5.274623863399029, -5.016576115041971, -5.244927801191807, -5.042176194489002, -5.0923518761992455, -4.987903788685799, -5.168128222227097, -5.155839912593365, -5.275648143142462, -4.97152017056942, -4.988928098231554, -5.161983944475651, -5.128191940486431, -5.127168204635382, -5.312512144446373, -5.219327889382839, -5.071871966123581, -5.141504220664501, -5.6596479043364525, -4.959232047200203, -5.1783680990338326, -5.181439854204655, -5.228544197976589, -5.244928076863289, -5.211135782301426, -5.288959927856922, -5.286912173032761, -5.188608147203922, -5.217279966920614, -5.10259198397398, -5.002239927649498, -5.0370559468865395, -5.266432002186775, -5.124096125364304, -5.292032219469547, -5.100544232875109, -5.038080208003521, -5.466111917048693, -5.047295808792114, -5.438463944941759, -5.060607858002186, -5.148672066628933, -5.065728180110455, -5.153792127966881, -5.004287976771593, -5.291007943451405, -5.109759986400604, -5.1404799073934555, -5.545984148979187, -5.426176033914089, -5.466112218797207, -4.914176180958748, -4.912127919495106, -5.251072123646736, -5.188607901334763, -5.315584115684032, -5.17119999229908, -4.826112233102322, -5.309439867734909, -5.089280091226101, -4.892671808600426, -5.286912187933922, -5.303295806050301, -4.8783359453082085, -5.187584161758423, -5.1046402156353, -5.1476480811834335, -5.136383820325136, -5.115903910249472, -5.057535886764526, -4.980735771358013, -5.074943799525499, -5.0216960683465, -4.936704121530056, -5.103616062551737, -5.399552125483751, -5.136384218931198, -5.19577619433403, -4.911103934049606, -5.126143880188465, -4.935679968446493, -4.996095895767212, -5.004288021475077, -4.988927818834782, -4.959232062101364, -5.056511856615543, -5.007359988987446, -5.386240072548389, -4.959231816232204, -4.9448961690068245, -5.38521621376276, -5.435392051935196]
train_time:  [-8.662848472595215, -7.8381757736206055, -7.353568077087402, -7.674911975860596, -7.342080116271973, -7.639904022216797, -7.994207859039307, -7.551199913024902, -8.15385627746582, -7.075232028961182, -7.165503978729248, -7.733471870422363, -8.095711708068848, -7.611904144287109, -7.729184150695801, -7.59548807144165, -7.19708776473999, -7.405759811401367, -7.0247039794921875, -7.583424091339111, -7.595808029174805, -7.088672161102295, -7.09932804107666, -7.734879970550537, -7.7191362380981445, -8.19273567199707, -7.982783794403076, -7.715936183929443, -7.613664150238037, -7.307392120361328, -7.376832008361816, -8.052288055419922, -8.545151710510254, -7.638271808624268, -7.652895927429199, -7.578335762023926, -7.606592178344727, -7.3645758628845215, -6.928319931030273, -7.719903945922852, -7.627615928649902, -7.895423889160156, -7.739327907562256, -7.612544059753418, -7.232992172241211, -7.0465922355651855, -7.732960224151611, -7.0483198165893555, -7.752768039703369, -7.60591983795166, -7.611648082733154, -7.619040012359619, -7.323328018188477, -7.418367862701416, -8.006784439086914, -7.907199859619141, -7.550271987915039, -8.365344047546387, -7.656864166259766, -8.187071800231934, -7.438144207000732, -7.081503868103027, -7.488096237182617, -7.3955841064453125, -7.897696018218994, -7.814720153808594, -7.80460786819458, -7.707583904266357, -7.815231800079346, -7.893695831298828, -7.162399768829346, -7.268352031707764, -7.227935791015625, -7.403071880340576, -7.7988481521606445, -7.325664043426514, -7.359231948852539, -6.9145917892456055, -6.965983867645264, -7.560544013977051, -7.266047954559326, -7.245376110076904, -7.514495849609375, -7.233888149261475, -7.730463981628418, -7.85968017578125, -7.934432029724121, -8.039360046386719, -7.583903789520264, -7.1602559089660645, -7.027616024017334, -6.634399890899658, -7.232960224151611, -7.690720081329346, -7.751552104949951, -6.927199840545654, -7.427840232849121, -7.753183841705322, -8.134207725524902, -7.438208103179932, -7.846271991729736]
sample_and_datatrans_avg:  -5.239642324326914
slice_time_avg:  -5.146481438198045
train_time_avg:  -7.554017205781575
all_avg:  -17.940140968306533
Epoch 00001 | Loss 2.3761 | Accuracy 0.3880 
it:  0
it:  1
it:  2
it:  3
it:  4
it:  5
it:  6
it:  7
it:  8
it:  9
it:  10
it:  11
it:  12
it:  13
it:  14
it:  15
it:  16
it:  17
it:  18
it:  19
it:  20
it:  21
it:  22
it:  23
it:  24
it:  25
it:  26
it:  27
it:  28
it:  29
it:  30
it:  31
it:  32
it:  33
it:  34
it:  35
it:  36
it:  37
it:  38
it:  39
it:  40
it:  41
it:  42
it:  43
it:  44
it:  45
it:  46
it:  47
it:  48
it:  49
it:  50
it:  51
it:  52
it:  53
it:  54
it:  55
it:  56
it:  57
it:  58
it:  59
it:  60
it:  61
it:  62
it:  63
it:  64
it:  65
it:  66
it:  67
it:  68
it:  69
it:  70
it:  71
it:  72
it:  73
it:  74
it:  75
it:  76
it:  77
it:  78
it:  79
it:  80
it:  81
it:  82
it:  83
it:  84
it:  85
it:  86
it:  87
it:  88
it:  89
it:  90
it:  91
it:  92
it:  93
it:  94
it:  95
it:  96
it:  97
it:  98
it:  99
it:  100
it:  101
sample_and_datatrans:  [-38.074302673339844, -5.91267204284668, -4.989823818206787, -5.795392036437988, -6.984320163726807, -5.573855876922607, -5.426815986633301, -4.9082560539245605, -4.837535858154297, -4.875487804412842, -5.037600040435791, -4.972127914428711, -4.653632164001465, -5.091872215270996, -4.96563196182251, -4.777408123016357, -4.771967887878418, -4.83568000793457, -5.154367923736572, -5.254623889923096, -5.237311840057373, -5.144735813140869, -4.829535961151123, -4.746016025543213, -4.696479797363281, -5.022528171539307, -5.142303943634033, -5.034175872802734, -5.245855808258057, -5.258687973022461, -5.092351913452148, -5.080448150634766, -4.847487926483154, -4.8546881675720215, -5.0775041580200195, -4.89737606048584, -4.880576133728027, -4.9567999839782715, -4.826144218444824, -4.707007884979248, -4.8697919845581055, -4.867616176605225, -4.648032188415527, -4.806687831878662, -5.066847801208496, -4.671296119689941, -4.972320079803467, -4.728447914123535, -5.555039882659912, -5.527872085571289, -5.49724817276001, -5.796639919281006, -5.083615779876709, -4.99513578414917, -5.041152000427246, -4.897952079772949, -4.751711845397949, -4.911007881164551, -4.797247886657715, -4.800608158111572, -4.796256065368652, -4.832128047943115, -5.0682878494262695, -4.833024024963379, -4.8157758712768555, -5.016064167022705, -4.875648021697998, -5.042719841003418, -5.111999988555908, -4.893856048583984, -5.074783802032471, -4.761184215545654, -4.697984218597412, -4.767263889312744, -5.076352119445801, -4.842591762542725, -5.028672218322754, -4.812607765197754, -4.752511978149414, -5.280511856079102, -5.1342082023620605, -4.885983943939209, -4.756415843963623, -5.1921281814575195, -4.910111904144287, -4.817599773406982, -4.908768177032471, -4.837215900421143, -4.843711853027344, -4.939551830291748, -4.823391914367676, -5.065919876098633, -4.910240173339844, -4.788479804992676, -5.119552135467529, -5.151487827301025, -5.112639904022217, -4.847968101501465, -4.9191999435424805, -4.915999889373779, -4.919968128204346, -4.822976112365723]
slice_time:  [-5.238784074783325, -5.139455787837505, -5.087231893092394, -4.995071806013584, -5.320703975856304, -4.915199853479862, -5.234687969088554, -5.199872225522995, -5.110784016549587, -5.439488172531128, -5.19270396232605, -5.197824209928513, -4.827136032283306, -5.237759847193956, -5.236735783517361, -4.9766401425004005, -5.208064056932926, -5.014528036117554, -5.085183843970299, -5.274624157696962, -5.393407814204693, -5.219328120350838, -4.927487812936306, -5.0339841321110725, -5.059583872556686, -4.933632075786591, -5.1722242385149, -5.393407769501209, -5.315584100782871, -4.973567813634872, -5.387263968586922, -5.1937278509140015, -4.999168157577515, -4.950016170740128, -5.354496043175459, -4.951040048152208, -5.3196797631680965, -5.149696160107851, -4.923391845077276, -5.079040013253689, -4.9725437723100185, -5.084159858524799, -4.891647856682539, -5.352447766810656, -5.3043198846280575, -4.999167960137129, -5.121024172753096, -5.066752228885889, -5.421056032180786, -5.05344020575285, -4.985856123268604, -5.395455785095692, -5.153791822493076, -5.420032203197479, -5.021696038544178, -5.156863912940025, -5.0114560052752495, -5.32684800773859, -4.994048066437244, -4.995072051882744, -5.228543967008591, -5.3299200385808945, -4.982784051448107, -5.0616321340203285, -5.246975906193256, -5.038080222904682, -5.255168154835701, -5.201920211315155, -5.286912143230438, -5.002240113914013, -5.175296038389206, -4.913151949644089, -4.962303847074509, -5.188607916235924, -5.056512117385864, -5.190655931830406, -5.376000136137009, -5.159935899078846, -4.888575792312622, -5.137407958507538, -5.3626880422234535, -4.980736218392849, -4.7759358286857605, -5.402624137699604, -5.331967793405056, -5.0053121745586395, -5.310464099049568, -5.240832060575485, -4.878336131572723, -5.128192156553268, -5.318655975162983, -5.264384217560291, -4.944895952939987, -5.207039840519428, -4.956160061061382, -5.433344081044197, -5.184512101113796, -5.004288174211979, -5.341183856129646, -5.468160130083561, -5.098496153950691]
train_time:  [-15.780768394470215, -7.301119804382324, -7.251200199127197, -8.328479766845703, -7.784351825714111, -7.979775905609131, -7.34665584564209, -8.171039581298828, -7.390912055969238, -7.251967906951904, -6.906976222991943, -6.744639873504639, -7.182240009307861, -7.223711967468262, -7.669792175292969, -7.433728218078613, -7.482111930847168, -6.953951835632324, -7.809696197509766, -7.174655914306641, -7.090176105499268, -8.14684772491455, -7.885312080383301, -7.643040180206299, -7.20524787902832, -7.344992160797119, -7.985599994659424, -7.970431804656982, -8.158495903015137, -7.645952224731445, -8.16870403289795, -6.306943893432617, -5.618912220001221, -5.659488201141357, -5.7084479331970215, -5.560544013977051, -5.772799968719482, -5.246079921722412, -5.588223934173584, -5.567200183868408, -5.360159873962402, -5.387487888336182, -5.8750081062316895, -5.637760162353516, -5.820767879486084, -5.778592109680176, -5.394432067871094, -5.597568035125732, -7.833600044250488, -7.133024215698242, -8.774208068847656, -7.244063854217529, -7.38640022277832, -7.587808132171631, -7.386879920959473, -6.969855785369873, -6.99616003036499, -7.715871810913086, -7.628384113311768, -7.521183967590332, -7.748672008514404, -7.123839855194092, -7.330048084259033, -7.405055999755859, -7.089632034301758, -7.444511890411377, -7.56931209564209, -8.115936279296875, -7.468063831329346, -7.929887771606445, -7.477312088012695, -7.374847888946533, -7.470975875854492, -7.2560319900512695, -7.215839862823486, -7.4595842361450195, -7.181407928466797, -7.6111040115356445, -7.564191818237305, -7.042496204376221, -7.669439792633057, -7.293920040130615, -7.4727678298950195, -7.092735767364502, -7.671584129333496, -7.841728210449219, -8.013055801391602, -7.912032127380371, -7.110176086425781, -7.428031921386719, -6.985727787017822, -7.099999904632568, -7.429215908050537, -7.123007774353027, -7.232384204864502, -8.1211519241333, -7.6341118812561035, -7.771008014678955, -7.931551933288574, -7.789663791656494, -7.630911827087402]
sample_and_datatrans_avg:  -4.957759579525718
slice_time_avg:  -5.1428650287982025
train_time_avg:  -7.135626925697809
all_avg:  -17.23625153402173
Epoch 00002 | Loss 2.1102 | Accuracy 0.4292 
it:  0
it:  1
it:  2
it:  3
it:  4
it:  5
it:  6
it:  7
it:  8
it:  9
it:  10
it:  11
it:  12
it:  13
it:  14
it:  15
it:  16
it:  17
it:  18
it:  19
it:  20
it:  21
it:  22
it:  23
it:  24
it:  25
it:  26
it:  27
it:  28
it:  29
it:  30
it:  31
it:  32
it:  33
it:  34
it:  35
it:  36
it:  37
it:  38
it:  39
it:  40
it:  41
it:  42
it:  43
it:  44
it:  45
it:  46
it:  47
it:  48
it:  49
it:  50
it:  51
it:  52
it:  53
it:  54
it:  55
it:  56
it:  57
it:  58
it:  59
it:  60
it:  61
it:  62
it:  63
it:  64
it:  65
it:  66
it:  67
it:  68
it:  69
it:  70
it:  71
it:  72
it:  73
it:  74
it:  75
it:  76
it:  77
it:  78
it:  79
it:  80
it:  81
it:  82
it:  83
it:  84
it:  85
it:  86
it:  87
it:  88
it:  89
it:  90
it:  91
it:  92
it:  93
it:  94
it:  95
it:  96
it:  97
it:  98
it:  99
it:  100
it:  101
sample_and_datatrans:  [-40.0781135559082, -4.822112083435059, -4.767551898956299, -5.005951881408691, -4.9910078048706055, -4.790783882141113, -5.128704071044922, -4.9352641105651855, -4.757791996002197, -4.705120086669922, -5.2321600914001465, -5.237184047698975, -5.675903797149658, -7.045248031616211, -4.971263885498047, -4.9622721672058105, -5.142784118652344, -5.235551834106445, -4.901440143585205, -5.000095844268799, -5.069695949554443, -5.080575942993164, -4.925343990325928, -5.200992107391357, -5.243648052215576, -5.14358377456665, -5.027872085571289, -5.100255966186523, -4.979936122894287, -5.017856121063232, -4.891712188720703, -4.767551898956299, -4.902592182159424, -4.808224201202393, -5.096864223480225, -4.900191783905029, -4.638976097106934, -5.238175868988037, -4.853888034820557, -4.857024192810059, -5.056447982788086, -5.034304141998291, -4.9850239753723145, -5.0116801261901855, -5.9488959312438965, -5.2915520668029785, -5.313920021057129, -5.399807929992676, -5.355264186859131, -5.435808181762695, -10.686400413513184, -5.353184223175049, -5.339392185211182, -5.55398416519165, -5.716671943664551, -5.835807800292969, -5.700416088104248, -5.373568058013916, -5.397215843200684, -5.465824127197266, -5.391551971435547, -5.311135768890381, -5.36787223815918, -5.559711933135986, -5.55782413482666, -5.364192008972168, -5.182943820953369, -5.343103885650635, -5.303264141082764, -5.1954240798950195, -5.269023895263672, -5.417119979858398, -5.3895039558410645, -5.433663845062256, -5.42844820022583, -5.34819221496582, -5.32144021987915, -5.3067522048950195, -5.437920093536377, -5.3787522315979, -5.469664096832275, -8.729887962341309, -4.628255844116211, -4.719935894012451, -4.721312046051025, -5.117919921875, -5.31715202331543, -5.192704200744629, -5.54640007019043, -5.0747199058532715, -4.8862080574035645, -4.8809919357299805, -4.69814395904541, -5.028863906860352, -4.945856094360352, -5.076831817626953, -4.904928207397461, -5.065792083740234, -5.477344036102295, -4.942751884460449, -4.8288960456848145, -5.077439785003662]
slice_time:  [-5.136383958160877, -4.896767795085907, -5.189632162451744, -4.848640203475952, -5.030911885201931, -4.996095880866051, -5.169152021408081, -5.254144139587879, -5.071872197091579, -4.878336176276207, -5.269503895193338, -5.111807845532894, -5.3329920917749405, -5.208063781261444, -4.9305599220097065, -5.012479808181524, -5.2582398019731045, -5.109760016202927, -5.385216228663921, -5.150719940662384, -5.12102398276329, -5.331967994570732, -5.124095864593983, -5.233663983643055, -5.348352067172527, -5.302272200584412, -5.052416227757931, -5.157888099551201, -5.012480020523071, -5.21727991849184, -5.295104205608368, -5.178368084132671, -4.920319814234972, -5.25107192248106, -5.039103765040636, -5.141504019498825, -4.963328063488007, -5.425152063369751, -4.922368012368679, -5.153791882097721, -4.97049618512392, -5.194752179086208, -5.232640214264393, -5.322752207517624, -5.340160056948662, -5.066751904785633, -5.040127918124199, -5.133311927318573, -5.139455959200859, -5.1456000208854675, -5.558272078633308, -5.2234238758683205, -5.001216098666191, -5.352448135614395, -5.05651181191206, -5.274624198675156, -5.1742720156908035, -5.175296038389206, -4.9459201991558075, -5.359616227447987, -5.116927772760391, -5.051392056047916, -5.091327860951424, -5.344256088137627, -5.466111853718758, -5.301247805356979, -4.862975791096687, -5.351424165070057, -5.266432002186775, -4.9315840899944305, -5.18348802626133, -5.423103988170624, -5.085184045135975, -5.012480206787586, -5.242880046367645, -5.098496153950691, -5.046271994709969, -5.0831360295414925, -5.2838398814201355, -5.251071892678738, -5.250047832727432, -5.372928149998188, -4.751360226422548, -5.011455774307251, -5.125119909644127, -5.067775782197714, -5.044224224984646, -5.19679981097579, -5.164032191038132, -5.235711768269539, -5.059583842754364, -5.095424152910709, -5.0667519345879555, -5.183487869799137, -4.92646412178874, -5.049343794584274, -5.101568154990673, -5.11999986320734, -5.374975919723511, -5.228543765842915, -5.170176036655903]
train_time:  [-8.279680252075195, -7.682591915130615, -7.16867208480835, -7.147456169128418, -7.784448146820068, -7.728447914123535, -7.792831897735596, -7.526656150817871, -7.8199357986450195, -6.976160049438477, -6.762271881103516, -8.329824447631836, -8.496031761169434, -6.167679786682129, -5.686016082763672, -6.192543983459473, -6.748288154602051, -27.08710479736328, -7.93936014175415, -8.102080345153809, -7.361536026000977, -7.400832176208496, -7.732639789581299, -7.802879810333252, -7.916543960571289, -9.015071868896484, -7.727168083190918, -7.18671989440918, -6.866208076477051, -7.690976142883301, -6.951807975769043, -6.801184177398682, -6.766848087310791, -7.7145280838012695, -7.09225606918335, -7.3559041023254395, -7.888735771179199, -7.415679931640625, -7.736735820770264, -7.823328018188477, -7.856128215789795, -7.53926420211792, -7.06115198135376, -7.426432132720947, -7.883711814880371, -8.026016235351562, -8.027711868286133, -8.604351997375488, -7.944704055786133, -9.920512199401855, -7.737152099609375, -8.320096015930176, -8.165216445922852, -8.24732780456543, -10.875167846679688, -8.959903717041016, -8.177248001098633, -7.59222412109375, -7.85756778717041, -8.229375839233398, -7.820352077484131, -7.70304012298584, -8.188128471374512, -7.945248126983643, -7.795263767242432, -7.493984222412109, -7.661952018737793, -7.781311988830566, -7.298208236694336, -7.58406400680542, -8.036576271057129, -8.199616432189941, -33.66854476928711, -8.052032470703125, -7.503136157989502, -7.66374397277832, -7.4903998374938965, -8.405023574829102, -8.1627197265625, -8.053471565246582, -8.309151649475098, -5.980288028717041, -5.635839939117432, -6.989952087402344, -8.04355239868164, -7.857408046722412, -7.262303829193115, -7.501408100128174, -6.654272079467773, -8.194144248962402, -7.8166399002075195, -7.808256149291992, -6.674176216125488, -7.074304103851318, -6.471807956695557, -6.853695869445801, -8.55577564239502, -8.160639762878418, -6.09548807144165, -7.343071937561035, -7.222976207733154]
sample_and_datatrans_avg:  -5.309015937998325
slice_time_avg:  -5.160726687387575
train_time_avg:  -8.039573494392105
all_avg:  -18.509316119778006
Epoch 00003 | Loss 1.9783 | Accuracy 0.4403 
it:  0
it:  1
it:  2
it:  3
it:  4
it:  5
it:  6
it:  7
it:  8
it:  9
it:  10
it:  11
it:  12
it:  13
it:  14
it:  15
it:  16
it:  17
it:  18
it:  19
it:  20
it:  21
it:  22
it:  23
it:  24
it:  25
it:  26
it:  27
it:  28
it:  29
it:  30
it:  31
it:  32
it:  33
it:  34
it:  35
it:  36
it:  37
it:  38
it:  39
it:  40
it:  41
it:  42
it:  43
it:  44
it:  45
it:  46
it:  47
it:  48
it:  49
it:  50
it:  51
it:  52
it:  53
it:  54
it:  55
it:  56
it:  57
it:  58
it:  59
it:  60
it:  61
it:  62
it:  63
it:  64
it:  65
it:  66
it:  67
it:  68
it:  69
it:  70
it:  71
it:  72
it:  73
it:  74
it:  75
it:  76
it:  77
it:  78
it:  79
it:  80
it:  81
it:  82
it:  83
it:  84
it:  85
it:  86
it:  87
it:  88
it:  89
it:  90
it:  91
it:  92
it:  93
it:  94
it:  95
it:  96
it:  97
it:  98
it:  99
it:  100
it:  101
sample_and_datatrans:  [-38.56099319458008, -5.498752117156982, -5.304800033569336, -5.278975963592529, -4.763904094696045, -4.908160209655762, -4.917439937591553, -4.804512023925781, -4.674784183502197, -5.159135818481445, -4.837471961975098, -5.1169281005859375, -4.936736106872559, -4.796319961547852, -4.610655784606934, -5.077023983001709, -4.970431804656982, -4.934336185455322, -4.662464141845703, -5.164671897888184, -4.956319808959961, -4.843616008758545, -4.819488048553467, -4.786719799041748, -4.8506879806518555, -5.120607852935791, -4.901855945587158, -4.842495918273926, -4.847263813018799, -4.792863845825195, -5.076000213623047, -5.2578558921813965, -5.140672206878662, -4.672736167907715, -5.062240123748779, -4.969632148742676, -4.836895942687988, -4.787583827972412, -4.836895942687988, -4.774720191955566, -5.128416061401367, -5.3209919929504395, -4.868512153625488, -5.15715217590332, -4.738815784454346, -5.063007831573486, -5.023680210113525, -4.848095893859863, -4.848512172698975, -4.7624640464782715, -4.9706878662109375, -5.078239917755127, -5.237567901611328, -4.9094719886779785, -4.925951957702637, -4.7487359046936035, -5.093952178955078, -4.874752044677734, -5.134687900543213, -4.9409918785095215, -4.830399990081787, -4.940320014953613, -5.225759983062744, -5.377439975738525, -4.870816230773926, -4.9514241218566895, -4.7915520668029785, -5.2342400550842285, -4.807392120361328, -4.838143825531006, -4.847040176391602, -5.096384048461914, -5.18012809753418, -5.194943904876709, -5.019264221191406, -4.974527835845947, -5.033599853515625, -5.178016185760498, -4.936831951141357, -4.876543998718262, -5.217984199523926, -22.610687255859375, -4.795936107635498, -4.876095771789551, -4.8942718505859375, -4.925343990325928, -4.997727870941162, -4.905920028686523, -4.92083215713501, -4.685823917388916, -5.048160076141357, -4.858463764190674, -4.778560161590576, -4.911647796630859, -4.853568077087402, -4.825535774230957, -4.89027214050293, -4.758272171020508, -5.103424072265625, -4.930335998535156, -4.8137922286987305, -4.78115177154541]
slice_time:  [-5.090303875505924, -5.0626559518277645, -5.331968102604151, -5.217280212789774, -4.931583888828754, -5.216256119310856, -5.000191897153854, -5.0012161284685135, -4.912128180265427, -5.231615781784058, -5.094399891793728, -5.1578878834843636, -5.246975861489773, -5.215232089161873, -4.809727877378464, -5.01759983971715, -5.225472182035446, -5.399551846086979, -4.812800154089928, -5.380095984786749, -5.322751916944981, -5.055487841367722, -4.947968199849129, -5.269504033029079, -5.402623876929283, -5.040127992630005, -5.050367780029774, -5.1486718356609344, -4.813823908567429, -5.154816143214703, -4.99814385175705, -5.03091187030077, -5.260287769138813, -4.989951848983765, -5.261312033981085, -5.303296081721783, -5.1630081459879875, -4.943871922791004, -5.3247997760772705, -5.251071907579899, -5.035008177161217, -5.625855885446072, -5.069823935627937, -5.295103989541531, -4.982784032821655, -5.0943998619914055, -5.460992097854614, -5.132287912070751, -4.991999834775925, -5.190656177699566, -4.907008178532124, -5.03295997902751, -4.932607978582382, -5.0698239505290985, -5.0186237916350365, -5.193728193640709, -5.1742718406021595, -5.279743909835815, -4.95206406340003, -5.240831829607487, -5.287935942411423, -5.110784001648426, -5.022719915956259, -5.193727917969227, -4.924415796995163, -5.180416069924831, -4.982784233987331, -5.184512086212635, -4.935680106282234, -5.284864157438278, -5.320703931152821, -4.997120097279549, -5.594111867249012, -5.355519995093346, -4.8855040073394775, -5.033983886241913, -5.2049919962883, -5.183488041162491, -5.184512056410313, -5.064703933894634, -5.0841600596904755, -5.076992075890303, -5.050367780029774, -5.058559857308865, -4.937728121876717, -4.97254391014576, -5.32991997897625, -5.103616200387478, -5.233663767576218, -4.97971198707819, -4.920320026576519, -5.117951832711697, -5.104639984667301, -5.213183842599392, -5.195776179432869, -5.103615954518318, -5.047295793890953, -5.229567766189575, -5.286912202835083, -5.234688229858875, -5.024767838418484]
train_time:  [-8.483231544494629, -7.443647861480713, -7.234816074371338, -7.055071830749512, -6.521312236785889, -7.395199775695801, -7.594336032867432, -7.385087966918945, -7.73356819152832, -7.080992221832275, -7.287424087524414, -7.788127899169922, -7.877823829650879, -7.750016212463379, -7.403840065002441, -7.300608158111572, -7.11843204498291, -7.318111896514893, -7.501344203948975, -7.0548481941223145, -7.5920000076293945, -7.637087821960449, -7.529727935791016, -7.631872177124023, -7.210783958435059, -7.613984107971191, -7.331488132476807, -7.333792209625244, -7.48367977142334, -7.561312198638916, -7.753920078277588, -6.035999774932861, -6.2259521484375, -6.263519763946533, -6.386112213134766, -7.842624187469482, -7.808191776275635, -7.547039985656738, -6.877439975738525, -6.922304153442383, -7.2363200187683105, -7.599071979522705, -7.760096073150635, -6.851391792297363, -7.622111797332764, -6.547296047210693, -8.109951972961426, -7.805344104766846, -7.10643196105957, -7.3342719078063965, -7.087007999420166, -7.556032180786133, -6.994175910949707, -7.537312030792236, -7.775519847869873, -7.280191898345947, -7.184703826904297, -6.963168144226074, -7.448031902313232, -7.343808174133301, -6.868351936340332, -7.077951908111572, -7.3203840255737305, -6.6943039894104, -7.538080215454102, -7.601503849029541, -7.488736152648926, -7.890304088592529, -8.012479782104492, -7.522560119628906, -7.432127952575684, -7.921696186065674, -8.15766429901123, -7.649343967437744, -7.482560157775879, -7.795680046081543, -8.184703826904297, -7.537407875061035, -7.244863986968994, -7.286208152770996, -7.248960018157959, -7.033535957336426, -8.252608299255371, -7.6281280517578125, -8.532064437866211, -7.907904148101807, -8.210975646972656, -7.647200107574463, -7.525375843048096, -7.085696220397949, -7.13651180267334, -7.591551780700684, -7.668992042541504, -8.015680313110352, -7.716383934020996, -7.663680076599121, -7.4258880615234375, -7.102975845336914, -7.654208183288574, -7.197728157043457, -6.927743911743164]
sample_and_datatrans_avg:  -5.175434529026853
slice_time_avg:  -5.130434405483022
train_time_avg:  -7.431544726407981
all_avg:  -17.737413660917856
Epoch 00004 | Loss 1.9112 | Accuracy 0.4609 
avg_epoch_batch_prepare_time:  5.423686481427543
avg_epoch_slice_time:  5.160879641695867
avg_epoch_train_time:  8.011740520332433
avg_epoch_all_time:  18.59630664345584
Training in mixed mode.
whether_time_time_cudaevent:  3
profile_manual_pin_CPUGPU.py
Loading data
mixed
dataset:  ogbn-papers100M
in_size 128
out_size 172
device:  cuda
Training...
it:  0
it:  1
it:  2
it:  3
it:  4
it:  5
it:  6
it:  7
it:  8
it:  9
it:  10
it:  11
it:  12
it:  13
it:  14
it:  15
it:  16
it:  17
it:  18
it:  19
it:  20
it:  21
it:  22
it:  23
it:  24
it:  25
it:  26
it:  27
it:  28
it:  29
it:  30
it:  31
it:  32
it:  33
it:  34
it:  35
it:  36
it:  37
it:  38
it:  39
it:  40
it:  41
it:  42
it:  43
it:  44
it:  45
it:  46
it:  47
it:  48
it:  49
it:  50
it:  51
it:  52
it:  53
it:  54
it:  55
it:  56
it:  57
it:  58
it:  59
it:  60
it:  61
it:  62
it:  63
it:  64
it:  65
it:  66
it:  67
it:  68
it:  69
it:  70
it:  71
it:  72
it:  73
it:  74
it:  75
it:  76
it:  77
it:  78
it:  79
it:  80
it:  81
it:  82
it:  83
it:  84
it:  85
it:  86
it:  87
it:  88
it:  89
it:  90
it:  91
it:  92
it:  93
it:  94
it:  95
it:  96
it:  97
it:  98
it:  99
it:  100
it:  101
batch_prepare_time_avg:  22.524299500863762
data_tansfer_time_avg:  0.9722256962257095
slice_time_avg:  140.43533047543298
feature_data_transition_time_avg:  3.7541117849229257
train_time_avg:  8.271567429168314
all_avg:  175.95753488661367
Epoch 00000 | Loss 3.5633 | Accuracy 0.2613 
it:  0
it:  1
it:  2
it:  3
it:  4
it:  5
it:  6
it:  7
it:  8
it:  9
it:  10
it:  11
it:  12
it:  13
it:  14
it:  15
it:  16
it:  17
it:  18
it:  19
it:  20
it:  21
it:  22
it:  23
it:  24
it:  25
it:  26
it:  27
it:  28
it:  29
it:  30
it:  31
it:  32
it:  33
it:  34
it:  35
it:  36
it:  37
it:  38
it:  39
it:  40
it:  41
it:  42
it:  43
it:  44
it:  45
it:  46
it:  47
it:  48
it:  49
it:  50
it:  51
it:  52
it:  53
it:  54
it:  55
it:  56
it:  57
it:  58
it:  59
it:  60
it:  61
it:  62
it:  63
it:  64
it:  65
it:  66
it:  67
it:  68
it:  69
it:  70
it:  71
it:  72
it:  73
it:  74
it:  75
it:  76
it:  77
it:  78
it:  79
it:  80
it:  81
it:  82
it:  83
it:  84
it:  85
it:  86
it:  87
it:  88
it:  89
it:  90
it:  91
it:  92
it:  93
it:  94
it:  95
it:  96
it:  97
it:  98
it:  99
it:  100
it:  101
batch_prepare_time_avg:  21.957231473319137
data_tansfer_time_avg:  0.915928731990766
slice_time_avg:  175.85660837873627
feature_data_transition_time_avg:  3.5966921456252474
train_time_avg:  8.434343941604034
all_avg:  210.76080467127545
Epoch 00001 | Loss 2.5668 | Accuracy 0.3420 
it:  0
it:  1
it:  2
it:  3
it:  4
it:  5
it:  6
it:  7
it:  8
it:  9
it:  10
it:  11
it:  12
it:  13
it:  14
it:  15
it:  16
it:  17
it:  18
it:  19
it:  20
it:  21
it:  22
it:  23
it:  24
it:  25
it:  26
it:  27
it:  28
it:  29
it:  30
it:  31
it:  32
it:  33
it:  34
it:  35
it:  36
it:  37
it:  38
it:  39
it:  40
it:  41
it:  42
it:  43
it:  44
it:  45
it:  46
it:  47
it:  48
it:  49
it:  50
it:  51
it:  52
it:  53
it:  54
it:  55
it:  56
it:  57
it:  58
it:  59
it:  60
it:  61
it:  62
it:  63
it:  64
it:  65
it:  66
it:  67
it:  68
it:  69
it:  70
it:  71
it:  72
it:  73
it:  74
it:  75
it:  76
it:  77
it:  78
it:  79
it:  80
it:  81
it:  82
it:  83
it:  84
it:  85
it:  86
it:  87
it:  88
it:  89
it:  90
it:  91
it:  92
it:  93
it:  94
it:  95
it:  96
it:  97
it:  98
it:  99
it:  100
it:  101
batch_prepare_time_avg:  24.219690998898276
data_tansfer_time_avg:  0.9145404719099214
slice_time_avg:  173.89976525608498
feature_data_transition_time_avg:  3.6540936820114713
train_time_avg:  8.159435248073143
all_avg:  210.84752565697778
Epoch 00002 | Loss 2.2775 | Accuracy 0.3845 
it:  0
it:  1
it:  2
it:  3
it:  4
it:  5
it:  6
it:  7
it:  8
it:  9
it:  10
it:  11
it:  12
it:  13
it:  14
it:  15
it:  16
it:  17
it:  18
it:  19
it:  20
it:  21
it:  22
it:  23
it:  24
it:  25
it:  26
it:  27
it:  28
it:  29
it:  30
it:  31
it:  32
it:  33
it:  34
it:  35
it:  36
it:  37
it:  38
it:  39
it:  40
it:  41
it:  42
it:  43
it:  44
it:  45
it:  46
it:  47
it:  48
it:  49
it:  50
it:  51
it:  52
it:  53
it:  54
it:  55
it:  56
it:  57
it:  58
it:  59
it:  60
it:  61
it:  62
it:  63
it:  64
it:  65
it:  66
it:  67
it:  68
it:  69
it:  70
it:  71
it:  72
it:  73
it:  74
it:  75
it:  76
it:  77
it:  78
it:  79
it:  80
it:  81
it:  82
it:  83
it:  84
it:  85
it:  86
it:  87
it:  88
it:  89
it:  90
it:  91
it:  92
it:  93
it:  94
it:  95
it:  96
it:  97
it:  98
it:  99
it:  100
it:  101
batch_prepare_time_avg:  30.22389774081073
data_tansfer_time_avg:  0.926081138321116
slice_time_avg:  172.93174659149557
feature_data_transition_time_avg:  3.60178343857391
train_time_avg:  9.52279416820671
all_avg:  217.20630307740802
Epoch 00003 | Loss 2.1301 | Accuracy 0.4021 
it:  0
it:  1
it:  2
it:  3
it:  4
it:  5
it:  6
it:  7
it:  8
it:  9
it:  10
it:  11
it:  12
it:  13
it:  14
it:  15
it:  16
it:  17
it:  18
it:  19
it:  20
it:  21
it:  22
it:  23
it:  24
it:  25
it:  26
it:  27
it:  28
it:  29
it:  30
it:  31
it:  32
it:  33
it:  34
it:  35
it:  36
it:  37
it:  38
it:  39
it:  40
it:  41
it:  42
it:  43
it:  44
it:  45
it:  46
it:  47
it:  48
it:  49
it:  50
it:  51
it:  52
it:  53
it:  54
it:  55
it:  56
it:  57
it:  58
it:  59
it:  60
it:  61
it:  62
it:  63
it:  64
it:  65
it:  66
it:  67
it:  68
it:  69
it:  70
it:  71
it:  72
it:  73
it:  74
it:  75
it:  76
it:  77
it:  78
it:  79
it:  80
it:  81
it:  82
it:  83
it:  84
it:  85
it:  86
it:  87
it:  88
it:  89
it:  90
it:  91
it:  92
it:  93
it:  94
it:  95
it:  96
it:  97
it:  98
it:  99
it:  100
it:  101
batch_prepare_time_avg:  23.57823939263066
data_tansfer_time_avg:  0.9304420857489863
slice_time_avg:  173.0380360084244
feature_data_transition_time_avg:  3.600914267045033
train_time_avg:  8.263219760943063
all_avg:  209.41085151479214
Epoch 00004 | Loss 2.0475 | Accuracy 0.4134 
avg_epoch_batch_prepare_time:  24.500671821304515
avg_epoch_data_tansfer_time:  0.9318436248392998
avg_epoch_slice_time:  167.23229734203483
avg_epoch feature data trans 3.6415190636357173
avg_epoch_train_time:  8.530272109599053
avg_epoch_all_time:  204.8366039614134
