Training in mixed mode.
profile_cuda_tt_and_cudaevent.py
Loading data
mixed
whether_time_time_or_cudaevent:  1
uva_or_not:  True
dataset_name:  ogbn-products
dataset:  ogbn-products
in_size 100
out_size 47
device:  cuda
Training...
it:  0
it:  1
it:  2
it:  3
it:  4
it:  5
it:  6
it:  7
it:  8
it:  9
it:  10
it:  11
it:  12
it:  13
it:  14
it:  15
it:  16
it:  17
it:  18
it:  19
it:  20
it:  21
it:  22
it:  23
it:  24
it:  25
it:  26
it:  27
it:  28
it:  29
it:  30
it:  31
it:  32
it:  33
it:  34
it:  35
it:  36
it:  37
it:  38
it:  39
it:  40
it:  41
it:  42
it:  43
it:  44
it:  45
it:  46
it:  47
it:  48
it:  49
it:  50
it:  51
it:  52
it:  53
it:  54
it:  55
it:  56
it:  57
it:  58
it:  59
it:  60
it:  61
it:  62
it:  63
it:  64
it:  65
it:  66
it:  67
it:  68
it:  69
it:  70
it:  71
it:  72
it:  73
it:  74
it:  75
it:  76
it:  77
it:  78
it:  79
it:  80
it:  81
it:  82
it:  83
it:  84
it:  85
it:  86
it:  87
it:  88
it:  89
it:  90
it:  91
it:  92
it:  93
it:  94
it:  95
it:  96
it:  97
it:  98
it:  99
it:  100
it:  101
sample_and_datatrans:  [-261.64141845703125, -13.07481575012207, -8.961952209472656, -8.956928253173828, -8.931936264038086, -7.646719932556152, -7.4688639640808105, -7.498335838317871, -7.477151870727539, -9.093024253845215, -7.481791973114014, -7.504159927368164, -7.502399921417236, -7.663904190063477, -6.518335819244385, -6.498528003692627, -6.453472137451172, -6.448063850402832, -6.616447925567627, -6.6611199378967285, -6.6042561531066895, -6.96943998336792, -6.433119773864746, -6.830272197723389, -6.699679851531982, -6.909696102142334, -6.487936019897461, -6.452767848968506, -8.92080020904541, -6.620160102844238, -6.466559886932373, -6.46073579788208, -6.445216178894043, -6.743584156036377, -6.485119819641113, -6.516704082489014, -6.468671798706055, -6.426943778991699, -6.777247905731201, -6.42790412902832, -6.477952003479004, -6.498528003692627, -6.488160133361816, -6.916959762573242, -6.482912063598633, -6.476096153259277, -6.443456172943115, -6.538464069366455, -6.684639930725098, -6.424511909484863, -6.4962239265441895, -6.48140811920166, -6.4410881996154785, -6.641791820526123, -34.53068923950195, -6.585184097290039, -6.469888210296631, -6.501247882843018, -6.435359954833984, -6.439455986022949, -6.4370880126953125, -6.893951892852783, -6.4547200202941895, -6.445375919342041, -6.428544044494629, -6.421951770782471, -6.607967853546143, -6.412831783294678, -6.436287879943848, -6.411744117736816, -6.472288131713867, -6.7526397705078125, -6.487552165985107, -6.438496112823486, -6.440320014953613, -6.492640018463135, -6.807744026184082, -6.412896156311035, -6.399263858795166, -6.409696102142334, -6.422815799713135, -6.782015800476074, -6.436607837677002, -6.412831783294678, -6.411712169647217, -6.450655937194824, -6.795104026794434, -6.4370880126953125, -6.44265604019165, -6.541632175445557, -6.4792962074279785, -6.7869439125061035, -6.423423767089844, -6.416319847106934, -6.3849921226501465, -6.425216197967529, -6.753920078277588, -6.389023780822754, -6.405439853668213, -6.467584133148193, -6.490848064422607, -6.794655799865723]
slice_time:  [-24.836096791550517, -13.196287859231234, -12.301311798393726, -12.158976120874286, -12.566528102383018, -10.30758386850357, -10.31475193053484, -10.354687996208668, -10.385408461093903, -10.237951584160328, -10.270719587802887, -10.840064108371735, -10.38847953826189, -10.661887720227242, -10.642432026565075, -10.321919746696949, -10.256384447216988, -10.279935896396637, -10.312703652307391, -10.268671525642276, -10.311680391430855, -10.308607868850231, -10.267648048698902, -10.439679635688663, -10.343424148857594, -10.350591965019703, -10.39667160063982, -10.357759717851877, -10.441728157922626, -10.299391560256481, -10.262528233230114, -10.218496136367321, -10.313728392124176, -10.30758386850357, -10.310656329616904, -10.287103958427906, -10.284031681716442, -10.240000076591969, -10.157055668532848, -10.246144108474255, -10.377216152846813, -10.377215905115008, -10.252287924289703, -10.393599569797516, -10.34956842660904, -10.328063562512398, -10.237952291965485, -10.302463836967945, -10.344448395073414, -10.281984388828278, -10.352640457451344, -10.267648017033935, -10.33216005563736, -10.30553586781025, -10.74483185261488, -10.337280333042145, -10.695679724216461, -10.320896422490478, -10.359808273613453, -10.319872453808784, -10.232831552624702, -10.169344253838062, -10.21747213602066, -10.279936142265797, -10.33216030150652, -10.146815605461597, -10.285055711865425, -10.202112257480621, -10.341375656425953, -10.362880304455757, -10.358784027397633, -10.335231840610504, -10.379264183342457, -10.252288170158863, -10.420223541557789, -10.275840111076832, -10.235904045403004, -10.359808273613453, -10.210303857922554, -10.211328104138374, -10.250239677727222, -10.425343818962574, -10.436607666313648, -10.389503691345453, -10.181632347404957, -10.29939180612564, -10.41612846404314, -10.280960388481617, -10.34444765560329, -10.311680391430855, -10.341375656425953, -10.240000076591969, -10.313728392124176, -10.246143892407417, -10.27276761829853, -10.301439836621284, -10.276864357292652, -10.19903976470232, -10.344448395073414, -10.304511621594429, -10.338303871452808]
train_time:  [-43955.71875, -17.53308868408203, -8.080127716064453, -7.399231910705566, -7.459392070770264, -6.467648029327393, -6.223167896270752, -6.412032127380371, -6.542111873626709, -6.398655891418457, -6.522784233093262, -6.365407943725586, -6.430335998535156, -5.815296173095703, -6.1332478523254395, -5.741759777069092, -5.716224193572998, -5.804512023925781, -5.924543857574463, -6.232831954956055, -5.645023822784424, -5.670976161956787, -5.563168048858643, -6.202208042144775, -5.659200191497803, -5.694240093231201, -5.712160110473633, -7.012095928192139, -5.889920234680176, -5.193088054656982, -5.18720006942749, -5.222879886627197, -5.324895858764648, -5.263584136962891, -5.275968074798584, -5.243840217590332, -5.143968105316162, -5.1312642097473145, -5.147871971130371, -5.249407768249512, -5.258240222930908, -5.2770562171936035, -5.225664138793945, -5.208352088928223, -5.2032318115234375, -5.140128135681152, -5.1518402099609375, -7.263296127319336, -5.163455963134766, -5.216095924377441, -5.221983909606934, -5.136767864227295, -5.3658881187438965, -5.1820478439331055, -5.812384128570557, -5.172959804534912, -5.310175895690918, -5.149792194366455, -5.252096176147461, -5.187967777252197, -5.219264030456543, -5.083807945251465, -5.173439979553223, -5.088831901550293, -5.148416042327881, -5.3027520179748535, -5.178463935852051, -5.128511905670166, -5.2388482093811035, -5.159711837768555, -5.0991997718811035, -5.1671037673950195, -5.189919948577881, -5.183167934417725, -5.2672319412231445, -5.169888019561768, -5.216320037841797, -5.1906561851501465, -5.180160045623779, -5.112607955932617, -5.200863838195801, -5.228032112121582, -5.264480113983154, -5.259520053863525, -5.138207912445068, -5.236512184143066, -5.169087886810303, -5.162240028381348, -5.20143985748291, -5.188896179199219, -5.1694722175598145, -5.140927791595459, -5.187456130981445, -5.181888103485107, -5.143616199493408, -5.1939520835876465, -5.198592185974121, -5.172607898712158, -5.174047946929932, -5.192671775817871, -5.189311981201172]
sample_and_datatrans_avg:  -6.906927398488492
slice_time_avg:  -10.315179755251053
train_time_avg:  -5.3036731345744075
all_avg:  -22.525780288313953
Epoch 00000 | Loss 1.7820 | Accuracy 0.8253 
it:  0
it:  1
it:  2
it:  3
it:  4
it:  5
it:  6
it:  7
it:  8
it:  9
it:  10
it:  11
it:  12
it:  13
it:  14
it:  15
it:  16
it:  17
it:  18
it:  19
it:  20
it:  21
it:  22
it:  23
it:  24
it:  25
it:  26
it:  27
it:  28
it:  29
it:  30
it:  31
it:  32
it:  33
it:  34
it:  35
it:  36
it:  37
it:  38
it:  39
it:  40
it:  41
it:  42
it:  43
it:  44
it:  45
it:  46
it:  47
it:  48
it:  49
it:  50
it:  51
it:  52
it:  53
it:  54
it:  55
it:  56
it:  57
it:  58
it:  59
it:  60
it:  61
it:  62
it:  63
it:  64
it:  65
it:  66
it:  67
it:  68
it:  69
it:  70
it:  71
it:  72
it:  73
it:  74
it:  75
it:  76
it:  77
it:  78
it:  79
it:  80
it:  81
it:  82
it:  83
it:  84
it:  85
it:  86
it:  87
it:  88
it:  89
it:  90
it:  91
it:  92
it:  93
it:  94
it:  95
it:  96
it:  97
it:  98
it:  99
it:  100
it:  101
sample_and_datatrans:  [-17.531967163085938, -7.202784061431885, -6.475456237792969, -12.28332805633545, -6.633440017700195, -6.386015892028809, -6.419648170471191, -6.3988800048828125, -6.438399791717529, -6.7994561195373535, -6.405824184417725, -6.395264148712158, -6.496575832366943, -6.4496002197265625, -6.8206400871276855, -6.406271934509277, -6.595104217529297, -6.446047782897949, -6.418240070343018, -6.758399963378906, -6.434207916259766, -6.414432048797607, -6.4269118309021, -6.425216197967529, -6.794528007507324, -6.393695831298828, -6.51196813583374, -6.462143898010254, -6.466752052307129, -6.722047805786133, -6.459392070770264, -6.404223918914795, -6.434591770172119, -6.436863899230957, -6.778111934661865, -7.965023994445801, -6.496543884277344, -6.455327987670898, -6.441792011260986, -6.786272048950195, -6.615520000457764, -6.466559886932373, -6.46230411529541, -6.509312152862549, -6.739200115203857, -6.490784168243408, -6.416128158569336, -6.453440189361572, -6.380032062530518, -6.806719779968262, -6.423232078552246, -6.448863983154297, -6.418848037719727, -6.4617919921875, -6.840127944946289, -6.432864189147949, -6.409791946411133, -6.436416149139404, -6.441343784332275, -6.609407901763916, -6.457824230194092, -6.375199794769287, -6.394015789031982, -6.377632141113281, -6.799168109893799, -6.475552082061768, -6.460864067077637, -6.4218878746032715, -6.527584075927734, -6.8002238273620605, -6.419424057006836, -6.4956159591674805, -6.429632186889648, -6.416895866394043, -6.785344123840332, -6.449183940887451, -6.379263877868652, -6.399680137634277, -6.461215972900391, -6.7748799324035645, -8.348544120788574, -6.457376003265381, -6.588064193725586, -6.585567951202393, -6.767615795135498, -6.431839942932129, -6.596320152282715, -6.544576168060303, -6.349408149719238, -6.725056171417236, -6.552768230438232, -6.433887958526611, -6.4402241706848145, -6.371583938598633, -6.583168029785156, -6.571072101593018, -6.68723201751709, -6.424895763397217, -6.568096160888672, -6.866911888122559, -6.543392181396484, -6.39027214050293]
slice_time:  [-10.570752140134573, -10.29939180612564, -10.362880058586597, -10.314752144739032, -10.762239761650562, -10.293247528374195, -10.361856058239937, -10.206208042800426, -10.228736229240894, -10.377215690910816, -10.186751917004585, -10.19904001057148, -10.39667160063982, -10.295296020805836, -10.32499223947525, -10.383360363543034, -10.276864357292652, -10.351616211235523, -10.255359955132008, -10.287103958427906, -10.381311722099781, -10.264575555920601, -10.300415590405464, -10.360831812024117, -10.280960142612457, -10.319872453808784, -10.257408447563648, -10.309631898999214, -10.357759749516845, -10.434560127556324, -10.274815864861012, -10.261503770947456, -10.310655899345875, -10.32294399291277, -10.30860836058855, -10.377215690910816, -10.450943544507027, -10.349567718803883, -10.311679683625698, -10.226687736809254, -10.390528030693531, -10.437631912529469, -10.503167547285557, -10.322944238781929, -10.176512070000172, -10.338304117321968, -10.293247774243355, -10.26355155557394, -10.187775917351246, -10.288128172978759, -10.261504232883453, -10.265599802136421, -10.262527771294117, -10.363903596997261, -10.322944238781929, -10.20620782673359, -10.30758362263441, -10.254335954785347, -10.405888123437762, -10.189824163913727, -10.361855812370777, -10.168320253491402, -10.28198368102312, -10.28095992654562, -10.351616457104683, -10.290176205337048, -10.263552263379097, -10.141695819795132, -10.353663995862007, -10.316799715161324, -10.312704391777515, -10.384384460747242, -10.312703683972359, -10.286079712212086, -10.29836805164814, -10.40486366301775, -10.328063808381557, -10.361856304109097, -10.255359955132008, -10.309631653130054, -10.336256086826324, -10.365952057763934, -10.252287924289703, -10.291199926286936, -10.22361595183611, -10.258431740105152, -10.345471872016788, -10.394624061882496, -10.167295761406422, -10.347519624978304, -10.268672294914722, -10.372096367180347, -10.433535881340504, -10.267647525295615, -10.235904291272163, -10.313727868720889, -10.284032419323921, -10.333184238523245, -10.419199541211128, -10.20108825713396, -10.29836799018085]
train_time:  [-5.553343772888184, -5.223904132843018, -5.209727764129639, -5.766016006469727, -5.153408050537109, -5.209983825683594, -5.154016017913818, -5.331488132476807, -5.132991790771484, -5.1681599617004395, -5.181920051574707, -5.206687927246094, -5.083136081695557, -5.14083194732666, -5.072864055633545, -6.1906561851501465, -5.229536056518555, -5.151679992675781, -5.161632061004639, -5.154463768005371, -5.164192199707031, -5.1932477951049805, -5.095871925354004, -5.074687957763672, -5.164639949798584, -5.17907190322876, -5.152671813964844, -5.163839817047119, -5.543392181396484, -5.173408031463623, -5.130112171173096, -5.1794562339782715, -5.060128211975098, -5.21014404296875, -5.089024066925049, -5.50383996963501, -5.169248104095459, -5.108128070831299, -5.182496070861816, -5.256959915161133, -5.245632171630859, -5.074880123138428, -5.497183799743652, -5.227039813995361, -5.138239860534668, -5.104479789733887, -5.173215866088867, -5.088863849639893, -5.159520149230957, -5.152383804321289, -5.1869120597839355, -5.095839977264404, -5.1793599128723145, -5.239903926849365, -5.1756157875061035, -5.215648174285889, -5.185215950012207, -5.193024158477783, -5.251840114593506, -5.106368064880371, -5.15337610244751, -5.131872177124023, -5.092927932739258, -5.188352108001709, -5.169695854187012, -5.177663803100586, -5.240255832672119, -5.190720081329346, -5.174431800842285, -5.092319965362549, -5.113215923309326, -5.188896179199219, -5.0662078857421875, -5.06601619720459, -5.193920135498047, -5.169536113739014, -5.195295810699463, -5.169888019561768, -5.209727764129639, -5.172704219818115, -5.304927825927734, -5.11081600189209, -5.712416172027588, -6.046432018280029, -5.676959991455078, -5.693312168121338, -5.93942403793335, -5.643743991851807, -5.77350378036499, -5.969376087188721, -5.64358377456665, -5.624256134033203, -5.596992015838623, -6.342624187469482, -5.555136203765869, -5.900544166564941, -5.5411200523376465, -6.427296161651611, -5.820608139038086, -5.554336071014404, -6.112224102020264]
sample_and_datatrans_avg:  -6.56535170953485
slice_time_avg:  -10.30758395213398
train_time_avg:  -5.320961626270149
all_avg:  -22.19389728793898
Epoch 00001 | Loss 0.7866 | Accuracy 0.8551 
it:  0
it:  1
it:  2
it:  3
it:  4
it:  5
it:  6
it:  7
it:  8
it:  9
it:  10
it:  11
it:  12
it:  13
it:  14
it:  15
it:  16
it:  17
it:  18
it:  19
it:  20
it:  21
it:  22
it:  23
it:  24
it:  25
it:  26
it:  27
it:  28
it:  29
it:  30
it:  31
it:  32
it:  33
it:  34
it:  35
it:  36
it:  37
it:  38
it:  39
it:  40
it:  41
it:  42
it:  43
it:  44
it:  45
it:  46
it:  47
it:  48
it:  49
it:  50
it:  51
it:  52
it:  53
it:  54
it:  55
it:  56
it:  57
it:  58
it:  59
it:  60
it:  61
it:  62
it:  63
it:  64
it:  65
it:  66
it:  67
it:  68
it:  69
it:  70
it:  71
it:  72
it:  73
it:  74
it:  75
it:  76
it:  77
it:  78
it:  79
it:  80
it:  81
it:  82
it:  83
it:  84
it:  85
it:  86
it:  87
it:  88
it:  89
it:  90
it:  91
it:  92
it:  93
it:  94
it:  95
it:  96
it:  97
it:  98
it:  99
it:  100
it:  101
sample_and_datatrans:  [-11.06281566619873, -6.45798397064209, -6.569407939910889, -6.574751853942871, -6.443039894104004, -6.824672222137451, -6.4858880043029785, -6.475103855133057, -6.580160140991211, -6.831776142120361, -6.643392086029053, -6.538527965545654, -6.533792018890381, -7.117568016052246, -28.216064453125, -6.652544021606445, -6.411968231201172, -6.40883207321167, -6.565887928009033, -6.729440212249756, -6.975776195526123, -6.404384136199951, -6.638175964355469, -6.581920146942139, -6.675104141235352, -6.40396785736084, -6.632544040679932, -6.682271957397461, -6.462080001831055, -6.757791996002197, -6.502143859863281, -6.926208019256592, -6.597184181213379, -6.687424182891846, -6.760608196258545, -6.4127678871154785, -6.392352104187012, -6.444447994232178, -6.44543981552124, -6.6077117919921875, -6.353792190551758, -6.499839782714844, -6.43782377243042, -6.412320137023926, -6.7554240226745605, -6.37772798538208, -6.470431804656982, -6.42739200592041, -6.385824203491211, -6.720928192138672, -6.390655994415283, -6.404672145843506, -6.593599796295166, -6.430367946624756, -6.4291839599609375, -6.55782413482666, -6.463263988494873, -6.4534077644348145, -6.845503807067871, -6.488736152648926, -6.419936180114746, -6.421792030334473, -6.438111782073975, -6.743072032928467, -6.408063888549805, -6.413248062133789, -6.577792167663574, -6.444159984588623, -6.771455764770508, -6.497344017028809, -6.448607921600342, -6.443615913391113, -6.4364800453186035, -6.791071891784668, -6.425504207611084, -6.407584190368652, -6.405920028686523, -6.4120001792907715, -6.757760047912598, -6.412320137023926, -6.4585280418396, -6.433663845062256, -6.380064010620117, -6.914015769958496, -6.483424186706543, -6.4277119636535645, -6.4154558181762695, -6.906911849975586, -6.7005438804626465, -6.402239799499512, -6.512991905212402, -6.416319847106934, -6.424479961395264, -6.648384094238281, -6.47814416885376, -6.405759811401367, -6.421088218688965, -6.558815956115723, -6.621632099151611, -6.409984111785889, -6.445631980895996, -6.4534077644348145]
slice_time:  [-10.354687750339508, -10.33216005563736, -10.307584051042795, -10.327039778232574, -10.332160238176584, -10.424319572746754, -10.351616211235523, -10.243072045966983, -10.440703943371773, -10.331136055290699, -10.412032432854176, -10.355712426826358, -10.373119905591011, -10.17343957722187, -11.779071867465973, -10.260480232536793, -10.248192075639963, -10.177536316215992, -10.357759965583682, -10.349567718803883, -10.27276761829853, -10.336256332695484, -10.431487819179893, -10.273791618645191, -10.258432384580374, -10.294272020459175, -10.379264367744327, -10.409984186291695, -10.328064270317554, -10.367999566718936, -10.293247774243355, -10.268671587109566, -10.374143905937672, -10.288128204643726, -10.302463836967945, -10.364927843213081, -10.210303857922554, -10.261503770947456, -10.41305597126484, -10.271744325757027, -10.221568413078785, -10.21747238188982, -10.20620782673359, -10.29120023548603, -10.327040024101734, -10.184704378247261, -10.348543718457222, -10.320895746350288, -10.20108825713396, -10.341376394033432, -10.202111795544624, -10.338303871452808, -10.368000335991383, -10.625024147331715, -10.320895746350288, -10.40486390888691, -10.265600264072418, -10.354687996208668, -10.331136055290699, -10.293247528374195, -10.31577642261982, -10.329087808728218, -10.417152002453804, -10.242048107087612, -10.278912141919136, -10.348543591797352, -10.303487837314606, -10.249216385185719, -10.269695833325386, -10.148863606154919, -10.340351624414325, -10.295296020805836, -10.231808260083199, -10.110975816845894, -10.273791618645191, -10.21542388945818, -10.339328363537788, -10.18982370197773, -10.20723207294941, -10.385408429428935, -10.247167892754078, -10.236928291618824, -10.250239677727222, -10.337279871106148, -10.317823961377144, -10.222591951489449, -10.18368013203144, -10.342399902641773, -10.228736475110054, -10.313727930188179, -10.461184099316597, -10.304512083530426, -10.284032173454762, -10.214400105178356, -10.402816370129585, -10.230783767998219, -10.336255714297295, -10.187776163220406, -10.260479524731636, -10.313727930188179, -10.339328363537788]
train_time:  [-5.994431972503662, -5.709280014038086, -6.045567989349365, -5.820479869842529, -6.7512640953063965, -5.818111896514893, -5.850143909454346, -6.347616195678711, -5.7018561363220215, -5.845727920532227, -5.813695907592773, -6.059135913848877, -5.7223358154296875, -5.7435197830200195, -6.375584125518799, -5.729824066162109, -6.6163201332092285, -5.863584041595459, -6.225056171417236, -5.787327766418457, -5.668479919433594, -5.728576183319092, -6.135168075561523, -5.675392150878906, -6.689248085021973, -5.722815990447998, -6.06547212600708, -5.628032207489014, -5.580128192901611, -5.94982385635376, -5.535711765289307, -5.555583953857422, -5.6281280517578125, -5.028319835662842, -5.0293121337890625, -5.115295886993408, -5.091040134429932, -5.104191780090332, -5.147583961486816, -5.192512035369873, -5.085087776184082, -5.228320121765137, -5.161632061004639, -5.242559909820557, -5.132063865661621, -5.203807830810547, -5.190144062042236, -5.118720054626465, -5.117440223693848, -5.147488117218018, -5.145984172821045, -11.37564754486084, -5.190239906311035, -5.208255767822266, -5.15772819519043, -5.160128116607666, -5.171199798583984, -5.195519924163818, -5.107295989990234, -5.168447971343994, -5.190176010131836, -5.159488201141357, -5.167776107788086, -5.086207866668701, -5.1440958976745605, -6.146751880645752, -5.095583915710449, -5.201312065124512, -5.14463996887207, -5.134880065917969, -5.05836820602417, -5.059103965759277, -5.0759358406066895, -5.067903995513916, -5.096992015838623, -5.111328125, -5.1454081535339355, -5.0596160888671875, -5.065728187561035, -5.394400119781494, -5.090208053588867, -5.169663906097412, -5.021376132965088, -5.143392086029053, -5.196864128112793, -5.178944110870361, -5.143008232116699, -5.490880012512207, -5.131840229034424, -5.077824115753174, -5.175039768218994, -5.149856090545654, -5.033919811248779, -5.101247787475586, -5.056511878967285, -5.0316162109375, -5.331295967102051, -5.2803521156311035, -5.157919883728027, -5.094880104064941, -5.087679862976074]
sample_and_datatrans_avg:  -6.524689819239363
slice_time_avg:  -10.296968104082007
train_time_avg:  -5.338890950891036
all_avg:  -22.160548874212406
Epoch 00002 | Loss 0.6352 | Accuracy 0.8666 
it:  0
it:  1
it:  2
it:  3
it:  4
it:  5
it:  6
it:  7
it:  8
it:  9
it:  10
it:  11
it:  12
it:  13
it:  14
it:  15
it:  16
it:  17
it:  18
it:  19
it:  20
it:  21
it:  22
it:  23
it:  24
it:  25
it:  26
it:  27
it:  28
it:  29
it:  30
it:  31
it:  32
it:  33
it:  34
it:  35
it:  36
it:  37
it:  38
it:  39
it:  40
it:  41
it:  42
it:  43
it:  44
it:  45
it:  46
it:  47
it:  48
it:  49
it:  50
it:  51
it:  52
it:  53
it:  54
it:  55
it:  56
it:  57
it:  58
it:  59
it:  60
it:  61
it:  62
it:  63
it:  64
it:  65
it:  66
it:  67
it:  68
it:  69
it:  70
it:  71
it:  72
it:  73
it:  74
it:  75
it:  76
it:  77
it:  78
it:  79
it:  80
it:  81
it:  82
it:  83
it:  84
it:  85
it:  86
it:  87
it:  88
it:  89
it:  90
it:  91
it:  92
it:  93
it:  94
it:  95
it:  96
it:  97
it:  98
it:  99
it:  100
it:  101
sample_and_datatrans:  [-10.940704345703125, -6.417600154876709, -6.448639869689941, -6.466335773468018, -6.453023910522461, -6.852831840515137, -6.4607038497924805, -6.426464080810547, -6.4112958908081055, -6.436511993408203, -6.8224639892578125, -6.426239967346191, -6.429567813873291, -6.539616107940674, -6.455264091491699, -6.584512233734131, -6.448863983154297, -6.438111782073975, -6.535711765289307, -6.433279991149902, -6.824128150939941, -6.401504039764404, -6.389535903930664, -6.3821120262146, -6.430975914001465, -6.555263996124268, -6.438591957092285, -6.553728103637695, -6.430528163909912, -6.41648006439209, -6.753824234008789, -6.399104118347168, -6.429376125335693, -6.432544231414795, -6.451744079589844, -6.846911907196045, -6.4161601066589355, -8.852160453796387, -6.866720199584961, -6.572447776794434, -6.600992202758789, -6.5411200523376465, -6.626272201538086, -6.735263824462891, -7.011744022369385, -6.422368049621582, -6.589536190032959, -6.597343921661377, -7.12713623046875, -6.414495944976807, -6.40774393081665, -6.552159786224365, -6.715295791625977, -6.859776020050049, -6.527200222015381, -6.521152019500732, -6.637887954711914, -6.551775932312012, -7.208000183105469, -6.556416034698486, -6.425600051879883, -6.98524808883667, -6.576288223266602, -6.748095989227295, -6.354911804199219, -6.424479961395264, -6.580160140991211, -6.623680114746094, -6.604191780090332, -6.513311862945557, -6.5728960037231445, -6.521215915679932, -6.798783779144287, -6.908192157745361, -6.5399041175842285, -6.42464017868042, -6.500959873199463, -6.574079990386963, -7.048992156982422, -6.383967876434326, -6.4476799964904785, -6.391424179077148, -6.500095844268799, -6.853792190551758, -6.472799777984619, -6.5614399909973145, -6.456287860870361, -6.387328147888184, -7.516736030578613, -6.554624080657959, -6.435455799102783, -6.580031871795654, -6.5564799308776855, -6.577055931091309, -6.380415916442871, -6.571872234344482, -6.613664150238037, -6.529024124145508, -6.655871868133545, -6.465248107910156, -6.611135959625244, -6.914976119995117]
slice_time:  [-10.258432447910309, -10.30655986815691, -10.41305597126484, -10.381312429904938, -10.346495933830738, -10.280960388481617, -10.297344267368317, -10.29017598927021, -10.347520180046558, -10.344447687268257, -10.350591965019703, -10.230784475803375, -10.279936388134956, -10.269695833325386, -10.377215936779976, -10.189824409782887, -10.358784027397633, -10.236928045749664, -10.30758411437273, -10.256384201347828, -10.350591965019703, -10.349567718803883, -10.245119646191597, -10.303488329052925, -10.401791878044605, -10.23283226042986, -10.361855812370777, -10.206208288669586, -10.247168138623238, -10.308607652783394, -10.262528017163277, -10.284032173454762, -10.40793640166521, -10.311680391430855, -10.407935693860054, -10.368000335991383, -10.349568381905556, -10.336256086826324, -10.30758411437273, -10.330111993476748, -10.302463836967945, -10.263552017509937, -10.257407646626234, -10.39872009307146, -10.37926372140646, -10.260479986667633, -10.259456170722842, -10.455040037631989, -10.4304638504982, -10.361856058239937, -10.256383677944541, -10.3157759308815, -10.257408201694489, -10.347519656643271, -10.300416052341461, -10.276864357292652, -10.41715169325471, -10.351616211235523, -10.418175540864468, -10.346496395766735, -10.41612846404314, -10.19187219440937, -10.346495870500803, -10.306559836491942, -10.262527707964182, -10.262528017163277, -10.369024273008108, -10.345471687614918, -10.192896194756031, -10.245120353996754, -10.33011220768094, -10.242047615349293, -10.277887649834156, -10.374144090339541, -10.341375902295113, -10.330111809074879, -10.237952014431357, -10.269695587456226, -10.334207840263844, -10.276863649487495, -10.424319757148623, -10.351616211235523, -10.31270432844758, -10.187775917351246, -10.360832028090954, -10.324991531670094, -10.381311722099781, -10.12531215697527, -10.499071549624205, -10.30655986815691, -10.212351858615875, -10.38847990706563, -10.250239923596382, -10.28812768124044, -10.302463836967945, -10.407935632392764, -10.392575569450855, -10.338303808122873, -10.346495933830738, -10.319872207939625, -10.320896454155445]
train_time:  [-5.3948798179626465, -5.182720184326172, -5.12659215927124, -5.207968235015869, -5.136159896850586, -5.110720157623291, -5.176511764526367, -5.0999040603637695, -5.139167785644531, -5.124703884124756, -5.143968105316162, -5.099711894989014, -5.190144062042236, -5.110623836517334, -5.193088054656982, -5.221024036407471, -5.17299222946167, -5.226848125457764, -5.242080211639404, -5.095263957977295, -5.162655830383301, -5.127967834472656, -5.082272052764893, -5.113440036773682, -5.292128086090088, -5.072703838348389, -5.160223960876465, -5.118112087249756, -5.113183975219727, -5.055871963500977, -5.110623836517334, -5.158368110656738, -5.054751873016357, -5.209792137145996, -5.053215980529785, -5.06928014755249, -6.444320201873779, -5.697696208953857, -5.718400001525879, -6.135072231292725, -5.672639846801758, -5.665791988372803, -5.764287948608398, -5.659167766571045, -5.58025598526001, -5.594175815582275, -6.036960124969482, -5.751743793487549, -5.546304225921631, -5.682400226593018, -6.231232166290283, -5.687679767608643, -5.745408058166504, -6.066880226135254, -5.645855903625488, -5.580319881439209, -5.879263877868652, -5.703775882720947, -5.570176124572754, -5.668288230895996, -5.591519832611084, -5.658559799194336, -5.824863910675049, -5.521376132965088, -6.512224197387695, -5.666975975036621, -5.786208152770996, -5.810783863067627, -5.802591800689697, -5.82857608795166, -6.0386881828308105, -5.5371198654174805, -5.658271789550781, -5.851359844207764, -5.567488193511963, -5.572768211364746, -5.855584144592285, -5.767039775848389, -5.520927906036377, -5.59219217300415, -6.348959922790527, -5.544928073883057, -6.202559947967529, -5.585984230041504, -5.799839973449707, -5.657120227813721, -5.689727783203125, -28.390560150146484, -6.007999897003174, -5.6723198890686035, -5.7292799949646, -5.898367881774902, -5.87497615814209, -6.561503887176514, -5.70249605178833, -5.925343990325928, -5.7979841232299805, -6.774752140045166, -5.7020158767700195, -5.798079967498779, -5.688320159912109]
sample_and_datatrans_avg:  -6.6208854928801335
slice_time_avg:  -10.318394289222322
train_time_avg:  -5.963923448248755
all_avg:  -22.90320323035121
Epoch 00003 | Loss 0.5718 | Accuracy 0.8738 
it:  0
it:  1
it:  2
it:  3
it:  4
it:  5
it:  6
it:  7
it:  8
it:  9
it:  10
it:  11
it:  12
it:  13
it:  14
it:  15
it:  16
it:  17
it:  18
it:  19
it:  20
it:  21
it:  22
it:  23
it:  24
it:  25
it:  26
it:  27
it:  28
it:  29
it:  30
it:  31
it:  32
it:  33
it:  34
it:  35
it:  36
it:  37
it:  38
it:  39
it:  40
it:  41
it:  42
it:  43
it:  44
it:  45
it:  46
it:  47
it:  48
it:  49
it:  50
it:  51
it:  52
it:  53
it:  54
it:  55
it:  56
it:  57
it:  58
it:  59
it:  60
it:  61
it:  62
it:  63
it:  64
it:  65
it:  66
it:  67
it:  68
it:  69
it:  70
it:  71
it:  72
it:  73
it:  74
it:  75
it:  76
it:  77
it:  78
it:  79
it:  80
it:  81
it:  82
it:  83
it:  84
it:  85
it:  86
it:  87
it:  88
it:  89
it:  90
it:  91
it:  92
it:  93
it:  94
it:  95
it:  96
it:  97
it:  98
it:  99
it:  100
it:  101
sample_and_datatrans:  [-10.86787223815918, -6.582208156585693, -6.994048118591309, -6.586495876312256, -6.559679985046387, -6.563327789306641, -6.387616157531738, -6.605984210968018, -6.526048183441162, -6.694464206695557, -6.647295951843262, -6.58351993560791, -6.852831840515137, -6.732480049133301, -6.4449920654296875, -6.616352081298828, -6.424287796020508, -6.451551914215088, -6.4040961265563965, -6.567135810852051, -6.699456214904785, -6.392320156097412, -6.521696090698242, -7.113920211791992, -6.595071792602539, -6.718560218811035, -6.989312171936035, -6.506400108337402, -6.538335800170898, -6.4033918380737305, -6.719071865081787, -6.574783802032471, -6.3712639808654785, -7.276288032531738, -6.433216094970703, -6.942016124725342, -6.5808000564575195, -7.011168003082275, -6.434239864349365, -6.5365118980407715, -6.737055778503418, -7.059328079223633, -6.506175994873047, -6.417727947235107, -6.578559875488281, -7.21999979019165, -6.368288040161133, -6.528512001037598, -6.510560035705566, -6.903552055358887, -6.737696170806885, -6.522240161895752, -6.40444803237915, -6.5010881423950195, -6.562880039215088, -6.795584201812744, -6.539936065673828, -6.5517120361328125, -6.390719890594482, -6.544127941131592, -6.7674880027771, -6.468192100524902, -6.528992176055908, -6.522784233093262, -6.389311790466309, -6.730207920074463, -6.516223907470703, -6.344448089599609, -6.563551902770996, -6.651008129119873, -6.613696098327637, -6.372128009796143, -6.500671863555908, -6.563615798950195, -6.862847805023193, -6.7038397789001465, -6.531968116760254, -6.416863918304443, -6.5412797927856445, -6.53110408782959, -7.135295867919922, -6.457536220550537, -6.440576076507568, -6.487840175628662, -6.591936111450195, -6.740384101867676, -6.376736164093018, -6.431392192840576, -6.604320049285889, -6.581344127655029, -6.646431922912598, -6.4260478019714355, -6.59884786605835, -6.595776081085205, -6.623199939727783, -7.2709760665893555, -6.424863815307617, -6.748991966247559, -6.566336154937744, -6.897151947021484, -6.6723198890686035, -6.350368022918701]
slice_time:  [-10.330111809074879, -10.267648048698902, -10.338303871452808, -10.359807996079326, -10.260480232536793, -10.262527955695987, -10.319872207939625, -10.404864057898521, -10.32294399291277, -10.350591965019703, -10.40895963087678, -10.38950378447771, -10.372096121311188, -10.266623986884952, -10.318848453462124, -10.212352104485035, -10.277887649834156, -10.214399579912424, -10.337279871106148, -10.492928041145205, -10.225663736462593, -10.392575753852725, -10.416127756237984, -10.280960142612457, -10.356735719367862, -10.241024322807789, -10.323967531323433, -10.30758411437273, -10.305536266416311, -10.40691240131855, -10.365951843559742, -10.362880304455757, -10.347519926726818, -10.379263937473297, -10.427391603589058, -10.321919988840818, -10.263552017509937, -10.30041629821062, -10.334207840263844, -10.32908845320344, -10.251263923943043, -10.338303871452808, -10.328064270317554, -10.333183530718088, -10.30553562194109, -10.357759535312653, -10.230784259736538, -10.339328302070498, -10.30553562194109, -10.344448395073414, -10.332159532234073, -10.289152450859547, -10.328063562512398, -10.259456170722842, -10.278911896049976, -10.441727697849274, -10.233856443315744, -10.344447687268257, -10.363903596997261, -10.357760027050972, -10.271744079887867, -10.426367819309235, -10.293247712776065, -10.302463836967945, -10.354687996208668, -10.20006419532001, -10.254335708916187, -10.213375642895699, -10.290175680071115, -10.270720047876239, -10.298367742449045, -10.20825631916523, -10.201088193804026, -10.371072120964527, -10.265599802136421, -10.29734374396503, -10.261503525078297, -10.271744325757027, -10.355712426826358, -10.302463591098785, -10.309632360935211, -10.249216385185719, -10.265599740669131, -10.266624048352242, -10.293247712776065, -10.271744079887867, -10.207231763750315, -10.295295774936676, -10.441727880388498, -10.33318430185318, -10.330111993476748, -10.30041629821062, -10.352640394121408, -10.317824177443981, -10.388480000197887, -10.375168152153492, -10.194943979382515, -10.400767816230655, -10.303488329052925, -10.24511961452663, -10.31475168466568]
train_time:  [-5.958240032196045, -5.811935901641846, -5.743904113769531, -5.776063919067383, -5.77459192276001, -6.5083842277526855, -5.796895980834961, -6.664671897888184, -5.757823944091797, -5.906879901885986, -6.232351779937744, -5.7030720710754395, -5.798463821411133, -6.015967845916748, -5.84006404876709, -5.7226881980896, -5.724287986755371, -6.25167989730835, -5.750720024108887, -5.834911823272705, -5.555391788482666, -6.457888126373291, -5.789247989654541, -5.860159873962402, -6.003168106079102, -5.625696182250977, -5.573279857635498, -5.666975975036621, -6.0748162269592285, -5.8421759605407715, -5.649439811706543, -5.657567977905273, -6.351424217224121, -5.702847957611084, -5.578752040863037, -5.977759838104248, -5.736544132232666, -5.703360080718994, -5.802944183349609, -6.127871990203857, -5.570240020751953, -5.630496025085449, -5.722976207733154, -6.522047996520996, -6.496319770812988, -5.559872150421143, -5.595647811889648, -5.915840148925781, -5.681344032287598, -5.792863845825195, -5.800928115844727, -5.623136043548584, -5.66703987121582, -5.808224201202393, -5.606304168701172, -5.8438720703125, -5.80950403213501, -5.754432201385498, -5.594304084777832, -5.633152008056641, -5.604735851287842, -5.631584167480469, -5.827744007110596, -5.56217622756958, -5.832575798034668, -6.01251220703125, -5.6631999015808105, -5.598624229431152, -6.075647830963135, -5.810527801513672, -6.293888092041016, -5.638207912445068, -6.098624229431152, -5.564095973968506, -5.783904075622559, -5.574560165405273, -5.495744228363037, -5.660927772521973, -5.966944217681885, -5.888544082641602, -5.704607963562012, -5.700319766998291, -6.2485761642456055, -5.696127891540527, -5.884704113006592, -5.746304035186768, -6.562464237213135, -5.674943923950195, -6.0805439949035645, -5.743072032928467, -6.630303859710693, -5.659423828125, -6.09548807144165, -5.661439895629883, -6.094111919403076, -5.754816055297852, -5.770592212677002, -6.003007888793945, -5.755199909210205, -5.630080223083496, -5.692063808441162]
sample_and_datatrans_avg:  -6.621326180953014
slice_time_avg:  -10.312405847272352
train_time_avg:  -5.829004583479483
all_avg:  -22.76273661170485
Epoch 00004 | Loss 0.5217 | Accuracy 0.8809 
avg_epoch_batch_prepare_time:  6.6478361202191705
avg_epoch_slice_time:  10.310106389592342
avg_epoch_train_time:  5.551290748692766
avg_epoch_all_time:  22.50923325850428
Training in mixed mode.
profile_cuda_tt_and_cudaevent.py
Loading data
mixed
whether_time_time_or_cudaevent:  1
uva_or_not:  True
dataset_name:  ogbn-arxiv
dataset:  ogbn-arxiv
in_size 128
out_size 40
device:  cuda
Training...
it:  0
it:  1
it:  2
it:  3
it:  4
it:  5
it:  6
it:  7
it:  8
it:  9
it:  10
it:  11
it:  12
it:  13
it:  14
it:  15
it:  16
it:  17
it:  18
it:  19
it:  20
it:  21
it:  22
it:  23
it:  24
it:  25
it:  26
it:  27
it:  28
it:  29
it:  30
it:  31
it:  32
it:  33
it:  34
it:  35
it:  36
it:  37
it:  38
it:  39
it:  40
it:  41
it:  42
it:  43
it:  44
it:  45
it:  46
it:  47
it:  48
it:  49
it:  50
it:  51
it:  52
it:  53
it:  54
it:  55
it:  56
it:  57
it:  58
it:  59
it:  60
it:  61
it:  62
it:  63
it:  64
it:  65
it:  66
it:  67
it:  68
it:  69
it:  70
it:  71
it:  72
it:  73
it:  74
it:  75
it:  76
it:  77
it:  78
it:  79
it:  80
it:  81
it:  82
it:  83
it:  84
it:  85
it:  86
it:  87
it:  88
sample_and_datatrans:  [-10.433856010437012, -3.7956159114837646, -2.688096046447754, -3.4575040340423584, -5.455488204956055, -2.620448112487793, -2.5776638984680176, -3.3007359504699707, -4.874495983123779, -3.29584002494812, -3.232095956802368, -3.2503039836883545, -3.1299519538879395, -2.6252799034118652, -2.965696096420288, -3.2059519290924072, -2.880863904953003, -3.2171199321746826, -2.8940160274505615, -3.289760112762451, -2.705535888671875, -4.094560146331787, -2.6205759048461914, -3.3563199043273926, -2.650399923324585, -3.276927947998047, -3.2189440727233887, -3.1845760345458984, -2.940448045730591, -2.5613439083099365, -2.6297600269317627, -3.2731521129608154, -3.2555840015411377, -3.2191359996795654, -2.9209280014038086, -3.1733760833740234, -2.990880012512207, -3.016319990158081, -3.1442880630493164, -2.628607988357544, -3.122335910797119, -2.4777278900146484, -2.682080030441284, -3.0951359272003174, -3.292896032333374, -2.7777280807495117, -3.131903886795044, -2.474656105041504, -2.8753280639648438, -2.492799997329712, -2.5284159183502197, -2.4356799125671387, -3.1503679752349854, -3.131903886795044, -2.613152027130127, -3.149631977081299, -3.167936086654663, -2.725248098373413, -2.695807933807373, -2.4858241081237793, -2.4362881183624268, -3.1440320014953613, -3.0545918941497803, -2.432543992996216, -2.4362239837646484, -2.4376320838928223, -3.0759360790252686, -3.133120059967041, -3.1114559173583984, -3.1350080966949463, -2.6283199787139893, -3.0939199924468994, -2.9263999462127686, -3.0937600135803223, -2.449824094772339, -2.4849600791931152, -3.111072063446045, -2.445631980895996, -2.443392038345337, -2.4471359252929688, -3.062592029571533, -3.128864049911499, -2.5813119411468506, -3.0593600273132324, -2.371648073196411, -2.408992052078247, -3.1928000450134277, -3.068608045578003, -3.050368070602417]
slice_time:  [-1.032192027196288, -0.9984000213444233, -0.8212480023503304, -0.8519680202007294, -0.9594880267977715, -0.8478720262646675, -0.7649279907345772, -0.9830399956554174, -0.921599980443716, -0.9062399994581938, -0.8744959961622953, -0.8345599975436926, -0.8038399964570999, -0.8007679730653763, -0.791552010923624, -0.8591360002756119, -0.8826880063861609, -0.8560639768838882, -0.8202240001410246, -0.8837120085954666, -0.8161280285567045, -0.9922559857368469, -0.8161279708147049, -0.893952015787363, -0.8089599832892418, -0.8488959707319736, -0.8161279764026403, -0.9093120228499174, -0.8601600080728531, -0.798720009624958, -0.8058879785239697, -0.8437760081142187, -0.8734719958156347, -0.8939520251005888, -0.7966720089316368, -0.7014399897307158, -0.8591360077261925, -0.7116800080984831, -0.7301119714975357, -0.687104007229209, -0.737280024215579, -0.6891520172357559, -0.7178240027278662, -0.7260159887373447, -0.6881280094385147, -0.716799994930625, -0.7966719996184111, -0.6481920033693314, -0.7608320247381926, -0.6819840148091316, -0.6758399829268456, -0.8325119744986296, -0.732159985229373, -0.9748479872941971, -0.7096319999545813, -0.7854079809039831, -0.8458240255713463, -0.6860799826681614, -0.6215679869055748, -0.6758400201797485, -0.6307839900255203, -0.6768639963120222, -0.9553920179605484, -0.6287359744310379, -0.6123520284891129, -0.8847360163927078, -0.6881280150264502, -0.6645759977400303, -0.8140800129622221, -0.8345599919557571, -0.6901759784668684, -0.6891519706696272, -0.6645760089159012, -0.6983679905533791, -0.7925760224461555, -0.6819840278476477, -0.6819840203970671, -0.6318079978227615, -0.6522880271077156, -0.792576028034091, -0.6696959938853979, -0.6615039929747581, -0.6615039836615324, -0.6727680005133152, -0.6062079817056656, -0.6348800212144852, -0.8396799769252539, -0.6737920083105564, -0.5990399848669767]
train_time:  [-854.1619873046875, -6.9277119636535645, -6.800576210021973, -7.81001615524292, -5.772480010986328, -5.445568084716797, -6.602784156799316, -7.0015997886657715, -6.846271991729736, -6.6823039054870605, -6.468512058258057, -5.565055847167969, -4.536479949951172, -5.1847357749938965, -6.478623867034912, -5.1714558601379395, -5.617343902587891, -5.132415771484375, -6.4415998458862305, -4.885087966918945, -6.850751876831055, -5.696479797363281, -5.3976640701293945, -6.138271808624268, -5.802175998687744, -6.467360019683838, -6.376607894897461, -5.528575897216797, -5.19001579284668, -5.223455905914307, -6.368959903717041, -6.835103988647461, -6.444447994232178, -6.408927917480469, -5.183743953704834, -6.476672172546387, -5.189888000488281, -5.573791980743408, -5.197567939758301, -6.437759876251221, -5.482528209686279, -5.177728176116943, -6.359295845031738, -5.609055995941162, -5.165599822998047, -6.471648216247559, -6.069024085998535, -5.163296222686768, -5.533631801605225, -5.178048133850098, -5.223360061645508, -6.304416179656982, -5.485919952392578, -5.184576034545898, -6.4502081871032715, -5.63270378112793, -5.15180778503418, -5.560927867889404, -5.200992107391357, -5.179423809051514, -6.340832233428955, -6.421343803405762, -4.4897918701171875, -4.539135932922363, -5.166656017303467, -5.4838080406188965, -6.345888137817383, -6.414624214172363, -6.435743808746338, -5.067808151245117, -6.364416122436523, -6.419487953186035, -5.203743934631348, -5.345056056976318, -5.176576137542725, -6.290495872497559, -5.535871982574463, -5.165311813354492, -5.178815841674805, -6.363999843597412, -6.45692777633667, -5.179135799407959, -6.407264232635498, -4.592800140380859, -5.221439838409424, -5.490528106689453, -6.401055812835693, -6.435135841369629, -6.3526082038879395]
sample_and_datatrans_avg:  -2.9082345358933073
slice_time_avg:  -0.7628540761674507
train_time_avg:  -5.7274648750884625
all_avg:  -9.39855348714922
Epoch 00000 | Loss 2.5616 | Accuracy 0.5138 
it:  0
it:  1
it:  2
it:  3
it:  4
it:  5
it:  6
it:  7
it:  8
it:  9
it:  10
it:  11
it:  12
it:  13
it:  14
it:  15
it:  16
it:  17
it:  18
it:  19
it:  20
it:  21
it:  22
it:  23
it:  24
it:  25
it:  26
it:  27
it:  28
it:  29
it:  30
it:  31
it:  32
it:  33
it:  34
it:  35
it:  36
it:  37
it:  38
it:  39
it:  40
it:  41
it:  42
it:  43
it:  44
it:  45
it:  46
it:  47
it:  48
it:  49
it:  50
it:  51
it:  52
it:  53
it:  54
it:  55
it:  56
it:  57
it:  58
it:  59
it:  60
it:  61
it:  62
it:  63
it:  64
it:  65
it:  66
it:  67
it:  68
it:  69
it:  70
it:  71
it:  72
it:  73
it:  74
it:  75
it:  76
it:  77
it:  78
it:  79
it:  80
it:  81
it:  82
it:  83
it:  84
it:  85
it:  86
it:  87
it:  88
sample_and_datatrans:  [-4.608511924743652, -3.0192959308624268, -3.052191972732544, -2.766752004623413, -3.0652480125427246, -2.4546239376068115, -3.0456318855285645, -3.0648961067199707, -2.384063959121704, -3.025439977645874, -3.103679895401001, -3.073375940322876, -2.519040107727051, -3.118623971939087, -3.036384105682373, -2.417664051055908, -3.0672640800476074, -3.0936639308929443, -2.4399681091308594, -3.04150390625, -3.0820798873901367, -2.569216012954712, -3.053567886352539, -2.8053441047668457, -2.9391040802001953, -2.390336036682129, -2.4839999675750732, -2.4421119689941406, -3.098144054412842, -2.4106879234313965, -2.3959360122680664, -2.459968090057373, -3.0920000076293945, -3.087968111038208, -2.6103999614715576, -3.0967040061950684, -2.4024319648742676, -2.399168014526367, -3.0570240020751953, -3.1545279026031494, -2.528480052947998, -3.1161599159240723, -3.062688112258911, -2.9885120391845703, -2.7934720516204834, -3.0627200603485107, -2.420448064804077, -2.8180480003356934, -3.043071985244751, -2.398047924041748, -3.0292160511016846, -3.1015679836273193, -3.055072069168091, -3.1172800064086914, -3.214240074157715, -2.4529919624328613, -2.4240639209747314, -2.422879934310913, -3.0542399883270264, -3.1090879440307617, -2.9494080543518066, -2.4327359199523926, -2.4348480701446533, -2.4381439685821533, -2.955967903137207, -2.471967935562134, -2.408799886703491, -3.1058239936828613, -3.195039987564087, -3.0979199409484863, -3.0186879634857178, -2.4252800941467285, -2.42739200592041, -3.544480085372925, -2.8567678928375244, -2.9397759437561035, -2.9636480808258057, -2.6539840698242188, -2.669600009918213, -2.436095952987671, -2.3995521068573, -3.06825590133667, -3.320096015930176, -2.5847361087799072, -3.0509440898895264, -3.098112106323242, -2.589247941970825, -3.0533759593963623, -2.3219199180603027]
slice_time:  [-0.9472000077366829, -0.6881280150264502, -0.7956480011343956, -0.7004159893840551, -0.7004159893840551, -0.7905280217528343, -0.6737920250743628, -0.7895040195435286, -0.6164480000734329, -0.6461439933627844, -0.8263680022209883, -0.7106560152024031, -0.6748160272836685, -0.7946239989250898, -0.6819840278476477, -0.8253439869731665, -0.6840319912880659, -0.6860799994319677, -0.823295971378684, -0.6778880283236504, -0.839679978787899, -0.6809600200504065, -0.8202240150421858, -0.7874559983611107, -0.6860800068825483, -0.6143999844789505, -0.7935999855399132, -0.6359039824455976, -0.7004159893840551, -0.6256640255451202, -0.633856013417244, -0.6840319968760014, -0.8079359736293554, -0.7976960092782974, -0.691199978813529, -0.7618559878319502, -0.6287359818816185, -0.6399999931454659, -0.6860799994319677, -0.7004160024225712, -0.6778880059719086, -0.6768639963120222, -0.8611840214580297, -0.637951985001564, -0.807935981079936, -0.675839988514781, -0.6133759766817093, -0.6922239940613508, -0.6737920250743628, -0.6184960231184959, -0.6604799907654524, -0.8181759919971228, -0.693248001858592, -0.6778880041092634, -0.6840319968760014, -0.6379519924521446, -0.797696016728878, -0.6553600057959557, -0.6717440169304609, -0.8376320283859968, -0.6696960031986237, -0.6307839974761009, -0.6389760002493858, -0.6799360197037458, -0.7239679992198944, -0.677887998521328, -0.6297599896788597, -0.7700479906052351, -0.6768639963120222, -0.6615040060132742, -0.8069120272994041, -0.6318080127239227, -0.6410240158438683, -1.0209279861301184, -0.6604799926280975, -0.8519680108875036, -0.7424000054597855, -0.6656000297516584, -0.6830079779028893, -0.6277120262384415, -0.6328320261090994, -0.7106560152024031, -0.6625279933214188, -0.6615039985626936, -0.691199978813529, -0.7034880146384239, -0.6758399959653616, -0.7127040214836597, -0.5437439903616905]
train_time:  [-5.078400135040283, -5.9502081871032715, -5.365983963012695, -5.760064125061035, -6.269440174102783, -5.494944095611572, -5.771999835968018, -6.055391788482666, -5.525472164154053, -6.44758415222168, -6.3909759521484375, -6.071584224700928, -5.541823863983154, -5.650239944458008, -5.181248188018799, -6.259103775024414, -5.429088115692139, -5.2817277908325195, -6.480607986450195, -5.829343795776367, -5.1511359214782715, -6.301919937133789, -6.296832084655762, -5.076735973358154, -5.498432159423828, -5.161056041717529, -5.09116792678833, -6.3618879318237305, -5.635712146759033, -5.11897611618042, -5.085855960845947, -6.305568218231201, -6.425055980682373, -5.104767799377441, -6.315360069274902, -4.670112133026123, -5.106783866882324, -5.558784008026123, -6.287615776062012, -6.080063819885254, -5.545248031616211, -6.303679943084717, -5.651103973388672, -5.120416164398193, -6.432640075683594, -6.015552043914795, -5.027904033660889, -6.423840045928955, -6.017536163330078, -5.466976165771484, -6.323359966278076, -6.428703784942627, -6.300415992736816, -6.278495788574219, -4.5000319480896, -5.199423789978027, -5.0733442306518555, -5.543007850646973, -6.358719825744629, -5.430111885070801, -4.486400127410889, -4.423583984375, -4.421855926513672, -5.443552017211914, -5.036863803863525, -5.139999866485596, -5.54860782623291, -6.274176120758057, -6.3197760581970215, -5.512415885925293, -5.14569616317749, -5.14134407043457, -9.08790397644043, -6.998079776763916, -5.170559883117676, -6.295008182525635, -5.139296054840088, -5.542399883270264, -5.088352203369141, -5.0859198570251465, -6.303391933441162, -6.4269118309021, -5.0862717628479, -6.311135768890381, -5.453152179718018, -5.1420159339904785, -6.368703842163086, -5.307007789611816, -5.099520206451416]
sample_and_datatrans_avg:  -2.8198772683928284
slice_time_avg:  -0.7070784827670719
train_time_avg:  -5.700481595872324
all_avg:  -9.227437347032224
Epoch 00001 | Loss 1.8677 | Accuracy 0.5618 
it:  0
it:  1
it:  2
it:  3
it:  4
it:  5
it:  6
it:  7
it:  8
it:  9
it:  10
it:  11
it:  12
it:  13
it:  14
it:  15
it:  16
it:  17
it:  18
it:  19
it:  20
it:  21
it:  22
it:  23
it:  24
it:  25
it:  26
it:  27
it:  28
it:  29
it:  30
it:  31
it:  32
it:  33
it:  34
it:  35
it:  36
it:  37
it:  38
it:  39
it:  40
it:  41
it:  42
it:  43
it:  44
it:  45
it:  46
it:  47
it:  48
it:  49
it:  50
it:  51
it:  52
it:  53
it:  54
it:  55
it:  56
it:  57
it:  58
it:  59
it:  60
it:  61
it:  62
it:  63
it:  64
it:  65
it:  66
it:  67
it:  68
it:  69
it:  70
it:  71
it:  72
it:  73
it:  74
it:  75
it:  76
it:  77
it:  78
it:  79
it:  80
it:  81
it:  82
it:  83
it:  84
it:  85
it:  86
it:  87
it:  88
sample_and_datatrans:  [-4.533696174621582, -2.450943946838379, -2.7559359073638916, -2.4061760902404785, -2.447007894515991, -2.4227840900421143, -3.0985920429229736, -2.5651519298553467, -2.396480083465576, -2.4153919219970703, -3.125983953475952, -3.0448639392852783, -2.430367946624756, -3.1254398822784424, -3.0853118896484375, -2.392927885055542, -2.4699199199676514, -3.1183359622955322, -3.0741119384765625, -3.0768001079559326, -2.4262399673461914, -2.4691519737243652, -2.4463040828704834, -2.4048640727996826, -3.0622079372406006, -2.777024030685425, -2.5266239643096924, -2.4461441040039062, -3.0891199111938477, -3.0600318908691406, -2.4047679901123047, -3.0697920322418213, -2.4183359146118164, -2.385535955429077, -2.407520055770874, -3.0624001026153564, -3.079871892929077, -2.436160087585449, -3.1053121089935303, -3.0372159481048584, -2.5392000675201416, -2.4214398860931396, -3.0857279300689697, -3.058016061782837, -3.0817599296569824, -3.0808959007263184, -2.4372799396514893, -3.113568067550659, -2.4081599712371826, -2.4000000953674316, -2.413408041000366, -2.3915200233459473, -3.058527946472168, -3.0563199520111084, -3.197824001312256, -2.605600118637085, -3.0806400775909424, -3.0730559825897217, -3.054431915283203, -3.058784008026123, -3.143712043762207, -3.01363205909729, -2.4283840656280518, -3.0909759998321533, -2.479840040206909, -2.386496067047119, -2.4629440307617188, -3.074847936630249, -3.2143681049346924, -2.403007984161377, -2.4519360065460205, -2.415584087371826, -3.0239040851593018, -3.049760103225708, -2.9903359413146973, -2.461728096008301, -2.4477760791778564, -2.4173760414123535, -2.629631996154785, -3.0670719146728516, -3.0418879985809326, -2.745408058166504, -2.6749439239501953, -2.4258880615234375, -2.4766719341278076, -3.0952959060668945, -2.462239980697632, -2.4434239864349365, -2.9640960693359375]
slice_time:  [-0.9471999704837799, -0.6123519763350487, -0.8284160252660513, -0.6164480000734329, -0.6348800286650658, -0.6348799876868725, -0.7618559878319502, -0.8181759789586067, -0.6318079978227615, -0.6707199960947037, -0.862208029255271, -0.6830079834908247, -0.6502399779856205, -0.7464959900826216, -0.7045119740068913, -0.6440959870815277, -0.6471679955720901, -0.765952019020915, -0.6952960174530745, -0.835584007203579, -0.6420480161905289, -0.6502400264143944, -0.6625280007719994, -0.6410240214318037, -0.6400000154972076, -0.6543359961360693, -0.6307839974761009, -0.7956479992717505, -0.7270400132983923, -0.6748159807175398, -0.8376320283859968, -0.6543360035866499, -0.6174720153212547, -0.8325119763612747, -0.6379519999027252, -0.6819840278476477, -0.6737920250743628, -0.8335359990596771, -0.7168000023812056, -0.6881279982626438, -0.6727680191397667, -0.6256640180945396, -0.6707200091332197, -0.8663040082901716, -0.6512639876455069, -0.7710719928145409, -0.7075839918106794, -0.6737920250743628, -0.6287359744310379, -0.6348799765110016, -0.7659520134329796, -0.6307839825749397, -0.6696960087865591, -0.680960027500987, -0.7690239753574133, -0.8304640278220177, -0.6850559990853071, -0.675839988514781, -0.6748159881681204, -0.6778879798948765, -0.8396799769252539, -0.6400000136345625, -0.8550399821251631, -0.6522879954427481, -0.7188480123877525, -0.6379519924521446, -0.9277439992874861, -0.661503991112113, -0.69836800172925, -0.6389760076999664, -0.6584320142865181, -0.7383039891719818, -0.6686720009893179, -0.6574080195277929, -0.7546880040317774, -0.6512639746069908, -0.6676479801535606, -0.6543359979987144, -0.8089599963277578, -0.7198720257729292, -0.6594559773802757, -0.6420480217784643, -0.8263679966330528, -0.6584320291876793, -0.6471680104732513, -0.8058880269527435, -0.6645760238170624, -0.6277119740843773, -0.587776018306613]
train_time:  [-5.3257598876953125, -5.328383922576904, -5.792223930358887, -5.252319812774658, -5.21068811416626, -6.412288188934326, -5.463359832763672, -4.41868782043457, -5.134496212005615, -6.163680076599121, -6.431327819824219, -5.315968036651611, -6.376128196716309, -5.5838398933410645, -4.571231842041016, -5.102303981781006, -5.594207763671875, -6.313727855682373, -5.594207763671875, -5.046048164367676, -4.506336212158203, -4.415775775909424, -4.427999973297119, -5.513792037963867, -5.034143924713135, -6.414495944976807, -5.210464000701904, -6.264063835144043, -5.441952228546143, -5.250495910644531, -6.366208076477051, -4.945055961608887, -5.222400188446045, -5.094272136688232, -5.583424091339111, -6.302495956420898, -6.008480072021484, -5.468768119812012, -5.5458879470825195, -5.217408180236816, -5.0996479988098145, -5.472256183624268, -6.2961602210998535, -6.348415851593018, -6.271391868591309, -4.7420477867126465, -6.291359901428223, -5.458047866821289, -4.397119998931885, -5.059103965759277, -5.184927940368652, -5.453983783721924, -6.260096073150635, -6.439487934112549, -10.254048347473145, -5.546847820281982, -6.303584098815918, -6.2903361320495605, -6.276864051818848, -6.3664960861206055, -6.467199802398682, -5.373600006103516, -6.341311931610107, -5.588543891906738, -5.189856052398682, -5.177343845367432, -6.309855937957764, -5.424960136413574, -4.6372480392456055, -5.101408004760742, -5.127359867095947, -5.487199783325195, -6.408639907836914, -5.7157440185546875, -5.0504961013793945, -4.4330878257751465, -4.454783916473389, -5.063360214233398, -6.257472038269043, -6.299615859985352, -5.12883186340332, -5.455039978027344, -5.070911884307861, -5.071616172790527, -5.507743835449219, -5.0280961990356445, -5.062784194946289, -5.511936187744141, -6.32857608795166]
sample_and_datatrans_avg:  -2.760877364798437
slice_time_avg:  -0.7030732170973397
train_time_avg:  -5.593479283248322
all_avg:  -9.057429865144098
Epoch 00002 | Loss 1.6718 | Accuracy 0.5715 
it:  0
it:  1
it:  2
it:  3
it:  4
it:  5
it:  6
it:  7
it:  8
it:  9
it:  10
it:  11
it:  12
it:  13
it:  14
it:  15
it:  16
it:  17
it:  18
it:  19
it:  20
it:  21
it:  22
it:  23
it:  24
it:  25
it:  26
it:  27
it:  28
it:  29
it:  30
it:  31
it:  32
it:  33
it:  34
it:  35
it:  36
it:  37
it:  38
it:  39
it:  40
it:  41
it:  42
it:  43
it:  44
it:  45
it:  46
it:  47
it:  48
it:  49
it:  50
it:  51
it:  52
it:  53
it:  54
it:  55
it:  56
it:  57
it:  58
it:  59
it:  60
it:  61
it:  62
it:  63
it:  64
it:  65
it:  66
it:  67
it:  68
it:  69
it:  70
it:  71
it:  72
it:  73
it:  74
it:  75
it:  76
it:  77
it:  78
it:  79
it:  80
it:  81
it:  82
it:  83
it:  84
it:  85
it:  86
it:  87
it:  88
sample_and_datatrans:  [-4.707551956176758, -2.4403839111328125, -3.0710721015930176, -3.018847942352295, -3.0591039657592773, -3.06931209564209, -2.363935947418213, -3.0488638877868652, -3.0393600463867188, -2.4387199878692627, -2.562527894973755, -3.0289599895477295, -2.9715518951416016, -2.7251200675964355, -3.0669760704040527, -2.827903985977173, -2.914207935333252, -2.3957760334014893, -2.4005119800567627, -3.027872085571289, -3.070175886154175, -2.3948800563812256, -2.428544044494629, -3.0844480991363525, -3.03004789352417, -2.4073920249938965, -3.195744037628174, -3.112895965576172, -2.9146881103515625, -2.4253439903259277, -2.393440008163452, -2.3978240489959717, -2.414367914199829, -3.075295925140381, -3.0542399883270264, -2.4533441066741943, -5.853695869445801, -2.8232638835906982, -2.4394240379333496, -2.40995192527771, -3.2557759284973145, -3.0472640991210938, -3.115999937057495, -2.796895980834961, -2.4668478965759277, -2.3765439987182617, -2.3987839221954346, -3.0644800662994385, -3.065311908721924, -3.041759967803955, -2.982975959777832, -2.41430401802063, -2.376960039138794, -3.0197439193725586, -3.2099521160125732, -3.0518081188201904, -3.08841609954834, -3.0445759296417236, -2.4488000869750977, -3.035007953643799, -3.0252480506896973, -2.3900160789489746, -3.059551954269409, -3.0163838863372803, -2.4081599712371826, -3.0567359924316406, -3.008575916290283, -2.3884799480438232, -2.5077760219573975, -2.4299519062042236, -3.02291202545166, -3.0269761085510254, -2.3734400272369385, -2.394592046737671, -3.0333120822906494, -3.0295679569244385, -3.03654408454895, -3.0802559852600098, -2.416287899017334, -2.4401280879974365, -3.085024118423462, -3.0110080242156982, -3.176448106765747, -3.061631917953491, -2.4202880859375, -2.3483200073242188, -2.405951976776123, -3.001120090484619, -2.3290560245513916]
slice_time:  [-0.9840640053153038, -0.6502400264143944, -0.6768639888614416, -0.6471680086106062, -0.7731200139969587, -0.7178240027278662, -0.6236160025000572, -0.9011199753731489, -0.7004159968346357, -0.6543359979987144, -0.7413760107010603, -0.6952960100024939, -0.6502400264143944, -0.7249920051544905, -0.7526399772614241, -0.762879990041256, -0.6625279989093542, -0.7915519699454308, -0.7127039711922407, -0.6574080269783735, -0.6830079816281796, -0.6451199948787689, -0.6451199874281883, -0.8130560275167227, -0.6983679812401533, -0.6174720153212547, -0.6748159807175398, -0.7987199705094099, -0.6748159751296043, -0.6594559848308563, -0.6574080139398575, -0.6830079779028893, -0.622591994702816, -0.6993919890373945, -0.6451199930161238, -0.6440959870815277, -1.0670080315321684, -0.7045120224356651, -0.6307839825749397, -0.6584320142865181, -0.6778880041092634, -0.7321599926799536, -0.6174720153212547, -0.6819840278476477, -0.784383974969387, -0.6369279846549034, -0.6420479714870453, -0.7383039798587561, -0.6789120119065046, -0.6553600188344717, -0.897024005651474, -0.6615039929747581, -0.6420480236411095, -0.6625280063599348, -0.7424000184983015, -0.7393279951065779, -0.7290879767388105, -0.727040022611618, -0.7096320074051619, -0.6277119796723127, -0.9748479947447777, -0.6871040146797895, -0.6615040060132742, -0.7270399741828442, -0.7567360159009695, -0.6727680172771215, -0.7178239710628986, -0.6297599822282791, -0.6553600057959557, -0.6451199948787689, -0.7331840004771948, -0.6799360197037458, -0.6184960231184959, -0.6277119815349579, -0.8099840115755796, -0.7188480254262686, -0.677888011559844, -0.7065599914640188, -0.6451199799776077, -0.6471680030226707, -0.6696960013359785, -0.8284160029143095, -0.6830079834908247, -0.7096320148557425, -0.6502399742603302, -0.6072319969534874, -0.6287359818816185, -0.6594559829682112, -0.5550080090761185]
train_time:  [-5.305727958679199, -5.695583820343018, -6.475488185882568, -6.571616172790527, -6.350912094116211, -5.970880031585693, -5.553696155548096, -6.44652795791626, -5.293791770935059, -5.043263912200928, -6.247776031494141, -6.288896083831787, -5.036672115325928, -6.4115519523620605, -6.243231773376465, -5.041600227355957, -6.093023777008057, -5.053952217102051, -6.272704124450684, -5.432384014129639, -4.604320049285889, -5.081183910369873, -5.474175930023193, -6.29804801940918, -5.970047950744629, -5.445216178894043, -6.335455894470215, -5.389952182769775, -4.413695812225342, -4.393951892852783, -4.417568206787109, -4.441376209259033, -6.219391822814941, -6.4128642082214355, -4.658783912658691, -5.035007953643799, -7.084896087646484, -5.205376148223877, -5.056511878967285, -6.108128070831299, -6.371359825134277, -5.668928146362305, -5.104928016662598, -5.533664226531982, -4.4079999923706055, -5.179999828338623, -5.443359851837158, -6.240416049957275, -6.398496150970459, -5.387584209442139, -5.043168067932129, -5.1091837882995605, -5.503359794616699, -6.415679931640625, -6.250336170196533, -6.232672214508057, -6.417344093322754, -4.7238078117370605, -6.266047954559326, -5.4991679191589355, -5.0726399421691895, -6.245984077453613, -5.445024013519287, -5.257567882537842, -6.347040176391602, -5.444032192230225, -4.563936233520508, -5.073311805725098, -5.15772819519043, -5.464288234710693, -5.430880069732666, -4.820864200592041, -5.038271903991699, -5.588160037994385, -6.270048141479492, -6.338528156280518, -6.249279975891113, -5.615903854370117, -5.162015914916992, -5.436960220336914, -6.257408142089844, -6.295072078704834, -6.283743858337402, -4.605055809020996, -5.058207988739014, -5.109824180603027, -4.914944171905518, -5.241087913513184, -4.426720142364502]
sample_and_datatrans_avg:  -2.818937114522427
slice_time_avg:  -0.6979920995433496
train_time_avg:  -5.546788885623594
all_avg:  -9.063718099689371
Epoch 00003 | Loss 1.5843 | Accuracy 0.5847 
it:  0
it:  1
it:  2
it:  3
it:  4
it:  5
it:  6
it:  7
it:  8
it:  9
it:  10
it:  11
it:  12
it:  13
it:  14
it:  15
it:  16
it:  17
it:  18
it:  19
it:  20
it:  21
it:  22
it:  23
it:  24
it:  25
it:  26
it:  27
it:  28
it:  29
it:  30
it:  31
it:  32
it:  33
it:  34
it:  35
it:  36
it:  37
it:  38
it:  39
it:  40
it:  41
it:  42
it:  43
it:  44
it:  45
it:  46
it:  47
it:  48
it:  49
it:  50
it:  51
it:  52
it:  53
it:  54
it:  55
it:  56
it:  57
it:  58
it:  59
it:  60
it:  61
it:  62
it:  63
it:  64
it:  65
it:  66
it:  67
it:  68
it:  69
it:  70
it:  71
it:  72
it:  73
it:  74
it:  75
it:  76
it:  77
it:  78
it:  79
it:  80
it:  81
it:  82
it:  83
it:  84
it:  85
it:  86
it:  87
it:  88
sample_and_datatrans:  [-4.535391807556152, -2.4017279148101807, -2.596224069595337, -3.04150390625, -2.3863039016723633, -2.6029438972473145, -3.0645759105682373, -3.05401611328125, -2.445375919342041, -2.3811841011047363, -3.0049920082092285, -2.423487901687622, -3.025887966156006, -3.1234240531921387, -3.0568320751190186, -3.0459840297698975, -3.051935911178589, -5.377024173736572, -2.4430079460144043, -3.0597119331359863, -3.0495998859405518, -3.003648042678833, -2.3871359825134277, -3.019360065460205, -3.0166399478912354, -2.4095680713653564, -2.6204159259796143, -3.041599988937378, -3.0545599460601807, -2.500960111618042, -3.011807918548584, -2.406559944152832, -2.3977599143981934, -2.4020159244537354, -2.3953919410705566, -3.0593600273132324, -2.971168041229248, -2.4289278984069824, -3.049312114715576, -3.0479679107666016, -2.5107839107513428, -3.092672109603882, -2.408128023147583, -3.050271987915039, -2.3990399837493896, -2.4235520362854004, -3.0290238857269287, -2.608288049697876, -2.3775041103363037, -2.3957440853118896, -3.067392110824585, -3.0110080242156982, -3.0633599758148193, -2.624160051345825, -3.1861119270324707, -2.4118080139160156, -3.060447931289673, -3.1876161098480225, -2.428287982940674, -3.0469439029693604, -2.342560052871704, -2.3860158920288086, -2.3866240978240967, -3.0222721099853516, -3.004767894744873, -2.9889280796051025, -2.8163840770721436, -2.5009279251098633, -2.501983880996704, -2.428256034851074, -3.0888960361480713, -3.026560068130493, -2.385119915008545, -2.3822720050811768, -3.113248109817505, -3.0809919834136963, -2.3869760036468506, -2.3771839141845703, -3.0352001190185547, -2.384671926498413, -3.0374720096588135, -2.420896053314209, -2.519167900085449, -3.051424026489258, -2.487135887145996, -2.4399681091308594, -2.4104321002960205, -3.076479911804199, -2.984544038772583]
slice_time:  [-0.8038400113582611, -0.6686719805002213, -0.6963200252503157, -0.7690239828079939, -0.6543359979987144, -0.7208959739655256, -0.8007679935544729, -0.6942720040678978, -0.8560640010982752, -0.6389760002493858, -0.6440959852188826, -0.6563840135931969, -0.6891520228236914, -0.7045120280236006, -0.8232959788292646, -0.763903995975852, -0.8181759938597679, -0.6737920008599758, -0.6307840049266815, -0.70860799215734, -0.8079360257834196, -0.7833599727600813, -0.6737920269370079, -0.6625280063599348, -0.680960027500987, -0.7331839948892593, -0.695296024903655, -0.6686719935387373, -0.9338879808783531, -0.6768639963120222, -0.6512639727443457, -0.6973440274596214, -0.6328320130705833, -0.8284160047769547, -0.648192010819912, -0.6830079760402441, -0.648191973567009, -0.7884800136089325, -0.6656000223010778, -0.6819839756935835, -0.6164480075240135, -0.6922239940613508, -0.6369279772043228, -0.889855993911624, -0.6266880258917809, -0.622591994702816, -0.6625280138105154, -0.6205439791083336, -0.6471679955720901, -0.7741440087556839, -0.8314879816025496, -0.7649280037730932, -0.7413760125637054, -0.6594559978693724, -0.6932479944080114, -0.646144000813365, -0.7096320074051619, -0.7577600181102753, -0.6830079909414053, -0.6707200165838003, -0.7260160073637962, -0.6553600057959557, -0.6328320056200027, -0.6512639876455069, -0.8550399821251631, -0.6522879749536514, -0.7290879841893911, -0.640000008046627, -0.6686719805002213, -0.6215679869055748, -0.6656000223010778, -0.7055360209196806, -0.6266880184412003, -0.624640017747879, -0.6840319912880659, -0.7086080126464367, -0.6430720239877701, -0.7362559847533703, -0.6881280224770308, -0.6348800286650658, -0.7239679824560881, -0.6410239860415459, -0.8243199866265059, -0.6942720096558332, -0.6359039768576622, -0.6686719954013824, -0.7905280143022537, -0.7669759746640921, -0.6799360197037458]
train_time:  [-5.438496112823486, -5.30617618560791, -5.925024032592773, -6.178592205047607, -5.112127780914307, -6.242815971374512, -5.564223766326904, -5.092927932739258, -5.057184219360352, -4.669407844543457, -5.773439884185791, -5.405824184417725, -6.233920097351074, -6.277632236480713, -6.25216007232666, -6.257696151733398, -5.084383964538574, -6.581471920013428, -5.394495964050293, -6.3089599609375, -6.27180814743042, -6.040607929229736, -5.449535846710205, -6.299232006072998, -5.307519912719727, -5.155807971954346, -6.275775909423828, -5.436319828033447, -5.05295991897583, -6.261824131011963, -5.495232105255127, -5.179520130157471, -5.187424182891846, -5.16812801361084, -5.378975868225098, -5.509823799133301, -5.967648029327393, -5.490848064422607, -6.291999816894531, -5.320608139038086, -5.446944236755371, -5.930431842803955, -4.701056003570557, -5.264607906341553, -5.08406400680542, -6.365632057189941, -5.4128642082214355, -5.08460807800293, -5.090911865234375, -6.043712139129639, -6.240511894226074, -5.454880237579346, -5.112800121307373, -5.40502405166626, -5.389952182769775, -6.445792198181152, -6.33625602722168, -4.680704116821289, -6.26204776763916, -5.470208168029785, -5.185344219207764, -5.08022403717041, -6.36294412612915, -6.269311904907227, -5.9385600090026855, -5.0055999755859375, -5.469600200653076, -5.10262393951416, -5.085472106933594, -6.263487815856934, -6.219327926635742, -4.571199893951416, -5.074431896209717, -6.272192001342773, -6.262432098388672, -4.517119884490967, -5.133535861968994, -6.269248008728027, -5.66867208480835, -4.803232192993164, -5.332320213317871, -5.075712203979492, -6.234720230102539, -5.474463939666748, -4.4126081466674805, -5.204607963562012, -6.164544105529785, -6.302656173706055, -5.657343864440918]
sample_and_datatrans_avg:  -2.781420152398604
slice_time_avg:  -0.6991846083981704
train_time_avg:  -5.604559421539307
all_avg:  -9.085164182336081
Epoch 00004 | Loss 1.5305 | Accuracy 0.5935 
avg_epoch_batch_prepare_time:  2.8178692872011206
avg_epoch_slice_time:  0.7140364967946765
avg_epoch_train_time:  5.634554812274402
avg_epoch_all_time:  9.166460596270198
Training in mixed mode.
whether_time_time_cudaevent:  3
profile_manual_pin_CPUGPU.py
Loading data
mixed
dataset:  ogbn-products
in_size 100
out_size 47
device:  cuda
Training...
it:  0
it:  1
it:  2
it:  3
it:  4
it:  5
it:  6
it:  7
it:  8
it:  9
it:  10
it:  11
it:  12
it:  13
it:  14
it:  15
it:  16
it:  17
it:  18
it:  19
it:  20
it:  21
it:  22
it:  23
it:  24
it:  25
it:  26
it:  27
it:  28
it:  29
it:  30
it:  31
it:  32
it:  33
it:  34
it:  35
it:  36
it:  37
it:  38
it:  39
it:  40
it:  41
it:  42
it:  43
it:  44
it:  45
it:  46
it:  47
it:  48
it:  49
it:  50
it:  51
it:  52
it:  53
it:  54
it:  55
it:  56
it:  57
it:  58
it:  59
it:  60
it:  61
it:  62
it:  63
it:  64
it:  65
it:  66
it:  67
it:  68
it:  69
it:  70
it:  71
it:  72
it:  73
it:  74
it:  75
it:  76
it:  77
it:  78
it:  79
it:  80
it:  81
it:  82
it:  83
it:  84
it:  85
it:  86
it:  87
it:  88
it:  89
it:  90
it:  91
it:  92
it:  93
it:  94
it:  95
it:  96
it:  97
it:  98
it:  99
it:  100
it:  101
batch_prepare_time_avg:  85.99188659764543
block_pin_avg:  0.006754187088978442
data_tansfer_time_avg:  1.8468446369412579
slice_time_avg:  16.43805262408679
feature_data_transition_time_avg:  13.087372236613986
train_time_avg:  8.255427396750148
all_avg:  125.62633767912659
Epoch 00000 | Loss 1.8794 | Accuracy 0.8134 
it:  0
it:  1
it:  2
it:  3
it:  4
it:  5
it:  6
it:  7
it:  8
it:  9
it:  10
it:  11
it:  12
it:  13
it:  14
it:  15
it:  16
it:  17
it:  18
it:  19
it:  20
it:  21
it:  22
it:  23
it:  24
it:  25
it:  26
it:  27
it:  28
it:  29
it:  30
it:  31
it:  32
it:  33
it:  34
it:  35
it:  36
it:  37
it:  38
it:  39
it:  40
it:  41
it:  42
it:  43
it:  44
it:  45
it:  46
it:  47
it:  48
it:  49
it:  50
it:  51
it:  52
it:  53
it:  54
it:  55
it:  56
it:  57
it:  58
it:  59
it:  60
it:  61
it:  62
it:  63
it:  64
it:  65
it:  66
it:  67
it:  68
it:  69
it:  70
it:  71
it:  72
it:  73
it:  74
it:  75
it:  76
it:  77
it:  78
it:  79
it:  80
it:  81
it:  82
it:  83
it:  84
it:  85
it:  86
it:  87
it:  88
it:  89
it:  90
it:  91
it:  92
it:  93
it:  94
it:  95
it:  96
it:  97
it:  98
it:  99
it:  100
it:  101
batch_prepare_time_avg:  82.11361305623115
block_pin_avg:  0.006558019903641713
data_tansfer_time_avg:  1.7338402663605124
slice_time_avg:  12.525120867958552
feature_data_transition_time_avg:  13.467583475233633
train_time_avg:  7.9074087022226065
all_avg:  117.7541243879101
Epoch 00001 | Loss 0.8168 | Accuracy 0.8531 
it:  0
it:  1
it:  2
it:  3
it:  4
it:  5
it:  6
it:  7
it:  8
it:  9
it:  10
it:  11
it:  12
it:  13
it:  14
it:  15
it:  16
it:  17
it:  18
it:  19
it:  20
it:  21
it:  22
it:  23
it:  24
it:  25
it:  26
it:  27
it:  28
it:  29
it:  30
it:  31
it:  32
it:  33
it:  34
it:  35
it:  36
it:  37
it:  38
it:  39
it:  40
it:  41
it:  42
it:  43
it:  44
it:  45
it:  46
it:  47
it:  48
it:  49
it:  50
it:  51
it:  52
it:  53
it:  54
it:  55
it:  56
it:  57
it:  58
it:  59
it:  60
it:  61
it:  62
it:  63
it:  64
it:  65
it:  66
it:  67
it:  68
it:  69
it:  70
it:  71
it:  72
it:  73
it:  74
it:  75
it:  76
it:  77
it:  78
it:  79
it:  80
it:  81
it:  82
it:  83
it:  84
it:  85
it:  86
it:  87
it:  88
it:  89
it:  90
it:  91
it:  92
it:  93
it:  94
it:  95
it:  96
it:  97
it:  98
it:  99
it:  100
it:  101
batch_prepare_time_avg:  83.76934860326067
block_pin_avg:  0.006567073773734177
data_tansfer_time_avg:  1.8326451506795762
slice_time_avg:  10.529180116291288
feature_data_transition_time_avg:  13.49109939382046
train_time_avg:  7.94726987428303
all_avg:  117.57611021210877
Epoch 00002 | Loss 0.6394 | Accuracy 0.8658 
it:  0
it:  1
it:  2
it:  3
it:  4
it:  5
it:  6
it:  7
it:  8
it:  9
it:  10
it:  11
it:  12
it:  13
it:  14
it:  15
it:  16
it:  17
it:  18
it:  19
it:  20
it:  21
it:  22
it:  23
it:  24
it:  25
it:  26
it:  27
it:  28
it:  29
it:  30
it:  31
it:  32
it:  33
it:  34
it:  35
it:  36
it:  37
it:  38
it:  39
it:  40
it:  41
it:  42
it:  43
it:  44
it:  45
it:  46
it:  47
it:  48
it:  49
it:  50
it:  51
it:  52
it:  53
it:  54
it:  55
it:  56
it:  57
it:  58
it:  59
it:  60
it:  61
it:  62
it:  63
it:  64
it:  65
it:  66
it:  67
it:  68
it:  69
it:  70
it:  71
it:  72
it:  73
it:  74
it:  75
it:  76
it:  77
it:  78
it:  79
it:  80
it:  81
it:  82
it:  83
it:  84
it:  85
it:  86
it:  87
it:  88
it:  89
it:  90
it:  91
it:  92
it:  93
it:  94
it:  95
it:  96
it:  97
it:  98
it:  99
it:  100
it:  101
batch_prepare_time_avg:  80.89052272748343
block_pin_avg:  0.006455409375927116
data_tansfer_time_avg:  1.7762425579602206
slice_time_avg:  10.28264625163018
feature_data_transition_time_avg:  13.51278643064861
train_time_avg:  8.317383029792882
all_avg:  114.78603640689126
Epoch 00003 | Loss 0.5637 | Accuracy 0.8756 
it:  0
it:  1
it:  2
it:  3
it:  4
it:  5
it:  6
it:  7
it:  8
it:  9
it:  10
it:  11
it:  12
it:  13
it:  14
it:  15
it:  16
it:  17
it:  18
it:  19
it:  20
it:  21
it:  22
it:  23
it:  24
it:  25
it:  26
it:  27
it:  28
it:  29
it:  30
it:  31
it:  32
it:  33
it:  34
it:  35
it:  36
it:  37
it:  38
it:  39
it:  40
it:  41
it:  42
it:  43
it:  44
it:  45
it:  46
it:  47
it:  48
it:  49
it:  50
it:  51
it:  52
it:  53
it:  54
it:  55
it:  56
it:  57
it:  58
it:  59
it:  60
it:  61
it:  62
it:  63
it:  64
it:  65
it:  66
it:  67
it:  68
it:  69
it:  70
it:  71
it:  72
it:  73
it:  74
it:  75
it:  76
it:  77
it:  78
it:  79
it:  80
it:  81
it:  82
it:  83
it:  84
it:  85
it:  86
it:  87
it:  88
it:  89
it:  90
it:  91
it:  92
it:  93
it:  94
it:  95
it:  96
it:  97
it:  98
it:  99
it:  100
it:  101
batch_prepare_time_avg:  82.11361305623115
block_pin_avg:  0.006461445289322093
data_tansfer_time_avg:  1.699809786639636
slice_time_avg:  10.183527499814577
feature_data_transition_time_avg:  13.526475882228416
train_time_avg:  8.156145675272882
all_avg:  115.68603334547596
Epoch 00004 | Loss 0.5233 | Accuracy 0.8800 
avg_epoch_batch_prepare_time:  82.97579680817036
avg_epoch_block_pin:  0.006559227086320708
avg_epoch_data_tansfer_time:  1.7778764797162403
avg_epoch_slice_time:  11.991705471956276
avg_epoch feature data trans 13.41706348370902
avg_epoch_train_time:  8.116726935664309
avg_epoch_all_time:  118.28572840630254
Training in mixed mode.
whether_time_time_cudaevent:  3
profile_manual_pin_CPUGPU.py
Loading data
mixed
dataset:  ogbn-arxiv
in_size 128
out_size 40
device:  cuda
Training...
it:  0
it:  1
it:  2
it:  3
it:  4
it:  5
it:  6
it:  7
it:  8
it:  9
it:  10
it:  11
it:  12
it:  13
it:  14
it:  15
it:  16
it:  17
it:  18
it:  19
it:  20
it:  21
it:  22
it:  23
it:  24
it:  25
it:  26
it:  27
it:  28
it:  29
it:  30
it:  31
it:  32
it:  33
it:  34
it:  35
it:  36
it:  37
it:  38
it:  39
it:  40
it:  41
it:  42
it:  43
it:  44
it:  45
it:  46
it:  47
it:  48
it:  49
it:  50
it:  51
it:  52
it:  53
it:  54
it:  55
it:  56
it:  57
it:  58
it:  59
it:  60
it:  61
it:  62
it:  63
it:  64
it:  65
it:  66
it:  67
it:  68
it:  69
it:  70
it:  71
it:  72
it:  73
it:  74
it:  75
it:  76
it:  77
it:  78
it:  79
it:  80
it:  81
it:  82
it:  83
it:  84
it:  85
it:  86
it:  87
it:  88
batch_prepare_time_avg:  5.947994280465042
block_pin_avg:  0.006630450864381428
data_tansfer_time_avg:  0.3868839408777937
slice_time_avg:  1.4595351641691183
feature_data_transition_time_avg:  1.118856140329868
train_time_avg:  4.794353171239925
all_avg:  13.714253147946128
Epoch 00000 | Loss 2.5783 | Accuracy 0.4993 
it:  0
it:  1
it:  2
it:  3
it:  4
it:  5
it:  6
it:  7
it:  8
it:  9
it:  10
it:  11
it:  12
it:  13
it:  14
it:  15
it:  16
it:  17
it:  18
it:  19
it:  20
it:  21
it:  22
it:  23
it:  24
it:  25
it:  26
it:  27
it:  28
it:  29
it:  30
it:  31
it:  32
it:  33
it:  34
it:  35
it:  36
it:  37
it:  38
it:  39
it:  40
it:  41
it:  42
it:  43
it:  44
it:  45
it:  46
it:  47
it:  48
it:  49
it:  50
it:  51
it:  52
it:  53
it:  54
it:  55
it:  56
it:  57
it:  58
it:  59
it:  60
it:  61
it:  62
it:  63
it:  64
it:  65
it:  66
it:  67
it:  68
it:  69
it:  70
it:  71
it:  72
it:  73
it:  74
it:  75
it:  76
it:  77
it:  78
it:  79
it:  80
it:  81
it:  82
it:  83
it:  84
it:  85
it:  86
it:  87
it:  88
batch_prepare_time_avg:  5.973194218889067
block_pin_avg:  0.0065761276438266415
data_tansfer_time_avg:  0.3867602046531967
slice_time_avg:  1.409497442124765
feature_data_transition_time_avg:  1.160522050495389
train_time_avg:  5.225628237181072
all_avg:  14.162178280987318
Epoch 00001 | Loss 1.8737 | Accuracy 0.5603 
it:  0
it:  1
it:  2
it:  3
it:  4
it:  5
it:  6
it:  7
it:  8
it:  9
it:  10
it:  11
it:  12
it:  13
it:  14
it:  15
it:  16
it:  17
it:  18
it:  19
it:  20
it:  21
it:  22
it:  23
it:  24
it:  25
it:  26
it:  27
it:  28
it:  29
it:  30
it:  31
it:  32
it:  33
it:  34
it:  35
it:  36
it:  37
it:  38
it:  39
it:  40
it:  41
it:  42
it:  43
it:  44
it:  45
it:  46
it:  47
it:  48
it:  49
it:  50
it:  51
it:  52
it:  53
it:  54
it:  55
it:  56
it:  57
it:  58
it:  59
it:  60
it:  61
it:  62
it:  63
it:  64
it:  65
it:  66
it:  67
it:  68
it:  69
it:  70
it:  71
it:  72
it:  73
it:  74
it:  75
it:  76
it:  77
it:  78
it:  79
it:  80
it:  81
it:  82
it:  83
it:  84
it:  85
it:  86
it:  87
it:  88
batch_prepare_time_avg:  6.194627737697167
block_pin_avg:  0.006458427332624604
data_tansfer_time_avg:  0.39790551873702035
slice_time_avg:  1.5235520616362366
feature_data_transition_time_avg:  1.149615154990667
train_time_avg:  5.133698258218886
all_avg:  14.4058571586126
Epoch 00002 | Loss 1.6767 | Accuracy 0.5734 
it:  0
it:  1
it:  2
it:  3
it:  4
it:  5
it:  6
it:  7
it:  8
it:  9
it:  10
it:  11
it:  12
it:  13
it:  14
it:  15
it:  16
it:  17
it:  18
it:  19
it:  20
it:  21
it:  22
it:  23
it:  24
it:  25
it:  26
it:  27
it:  28
it:  29
it:  30
it:  31
it:  32
it:  33
it:  34
it:  35
it:  36
it:  37
it:  38
it:  39
it:  40
it:  41
it:  42
it:  43
it:  44
it:  45
it:  46
it:  47
it:  48
it:  49
it:  50
it:  51
it:  52
it:  53
it:  54
it:  55
it:  56
it:  57
it:  58
it:  59
it:  60
it:  61
it:  62
it:  63
it:  64
it:  65
it:  66
it:  67
it:  68
it:  69
it:  70
it:  71
it:  72
it:  73
it:  74
it:  75
it:  76
it:  77
it:  78
it:  79
it:  80
it:  81
it:  82
it:  83
it:  84
it:  85
it:  86
it:  87
it:  88
batch_prepare_time_avg:  6.174147883548012
block_pin_avg:  0.0066817561282387266
data_tansfer_time_avg:  0.41332727746118475
slice_time_avg:  1.1659664443776578
feature_data_transition_time_avg:  1.1334328711787356
train_time_avg:  5.081134506418735
all_avg:  13.974690739112564
Epoch 00003 | Loss 1.5830 | Accuracy 0.5816 
it:  0
it:  1
it:  2
it:  3
it:  4
it:  5
it:  6
it:  7
it:  8
it:  9
it:  10
it:  11
it:  12
it:  13
it:  14
it:  15
it:  16
it:  17
it:  18
it:  19
it:  20
it:  21
it:  22
it:  23
it:  24
it:  25
it:  26
it:  27
it:  28
it:  29
it:  30
it:  31
it:  32
it:  33
it:  34
it:  35
it:  36
it:  37
it:  38
it:  39
it:  40
it:  41
it:  42
it:  43
it:  44
it:  45
it:  46
it:  47
it:  48
it:  49
it:  50
it:  51
it:  52
it:  53
it:  54
it:  55
it:  56
it:  57
it:  58
it:  59
it:  60
it:  61
it:  62
it:  63
it:  64
it:  65
it:  66
it:  67
it:  68
it:  69
it:  70
it:  71
it:  72
it:  73
it:  74
it:  75
it:  76
it:  77
it:  78
it:  79
it:  80
it:  81
it:  82
it:  83
it:  84
it:  85
it:  86
it:  87
it:  88
batch_prepare_time_avg:  5.81218019316468
block_pin_avg:  0.0063769425017924245
data_tansfer_time_avg:  0.3860026975221272
slice_time_avg:  1.0575312602369091
feature_data_transition_time_avg:  1.1284954940216452
train_time_avg:  4.7309006316752376
all_avg:  13.121487219122391
Epoch 00004 | Loss 1.5215 | Accuracy 0.5892 
avg_epoch_batch_prepare_time:  6.020428862752794
avg_epoch_block_pin:  0.006544740894172766
avg_epoch_data_tansfer_time:  0.3941759278502645
avg_epoch_slice_time:  1.3232164745089372
avg_epoch feature data trans 1.138184342203261
avg_epoch_train_time:  4.993142960946771
avg_epoch_all_time:  13.8756933091562
